2021-10-10 14:16:54,843:INFO:ExperimentFactory:/home/pi/external_hdd/android-runner/examples/batterystats/config_web.json
2021-10-10 14:16:54,885:DEBUG:AndroidRunner.Adb:Device list:
{0: '52004f53fe46357d'}
2021-10-10 14:16:54,885:INFO:Device:Setting logcat buffer size to 57344K
2021-10-10 14:16:54,969:DEBUG:AndroidRunner.Adb:52004f53fe46357d: "logcat -G 57344K" returned: 

2021-10-10 14:16:54,984:DEBUG:PluginHandler:batterystats: Initialized
2021-10-10 14:16:54,984:DEBUG:Python3:Imported /home/pi/external_hdd/android-runner/examples/batterystats/Scripts/before_experiment.py
2021-10-10 14:16:54,985:DEBUG:Python3:Imported /home/pi/external_hdd/android-runner/examples/batterystats/Scripts/before_run.py
2021-10-10 14:16:54,985:DEBUG:Python3:Imported /home/pi/external_hdd/android-runner/examples/batterystats/Scripts/after_launch.py
2021-10-10 14:16:54,986:DEBUG:Python3:Imported /home/pi/external_hdd/android-runner/examples/batterystats/Scripts/interaction.py
2021-10-10 14:16:54,986:DEBUG:Python3:Imported /home/pi/external_hdd/android-runner/examples/batterystats/Scripts/before_close.py
2021-10-10 14:16:54,987:DEBUG:Python3:Imported /home/pi/external_hdd/android-runner/examples/batterystats/Scripts/after_run.py
2021-10-10 14:16:54,987:DEBUG:Python3:Imported /home/pi/external_hdd/android-runner/examples/batterystats/Scripts/after_experiment.py
2021-10-10 14:16:55,761:DEBUG:AndroidRunner.Adb:52004f53fe46357d: "pm list packages" returned: 
package:com.samsung.android.provider.filterprovider
package:com.monotype.android.font.rosemary
package:com.sec.android.app.DataCreate
package:com.android.cts.priv.ctsshim
package:com.gd.mobicore.pa
package:com.sec.android.widgetapp.samsungapps
package:com.google.android.youtube
package:com.samsung.android.app.galaxyfinder
package:com.sec.location.nsflp2
package:com.samsung.android.themestore
package:com.sec.android.app.chromecustomizations
package:com.google.android.ext.services
package:com.android.providers.telephony
package:com.sec.android.app.parser
package:com.samsung.android.applock
package:com.google.android.googlequicksearchbox
package:com.samsung.android.calendar
package:com.android.providers.calendar
package:com.osp.app.signin
package:com.samsung.clipboardsaveservice
package:com.sec.automation
package:com.android.providers.media
package:com.google.android.onetimeinitializer
package:com.sec.android.mimage.gear360editor
package:com.google.android.ext.shared
package:com.android.wallpapercropper
package:com.samsung.android.provider.shootingmodeprovider
package:com.samsung.android.wallpaper.res
package:com.samsung.android.app.withtv
package:com.samsung.android.smartmirroring
package:com.skms.android.agent
package:com.sec.android.app.safetyassurance
package:com.samsung.android.incallui
package:com.samsung.android.knox.containercore
package:com.sec.factory.camera
package:com.sec.vsimservice
package:org.simalliance.openmobileapi.service
package:com.sec.usbsettings
package:com.samsung.android.easysetup
package:com.android.documentsui
package:android.auto_generated_rro__
package:com.android.externalstorage
package:com.sec.android.easyonehand
package:com.sec.android.app.camerabokehservice
package:com.sec.factory
package:com.samsung.android.provider.stickerprovider
package:com.android.htmlviewer
package:com.android.companiondevicemanager
package:com.android.mms.service
package:com.samsung.android.rubin.app
package:com.sec.android.wallpapercropper2
package:com.android.providers.downloads
package:com.diotek.sec.lookup.dictionary
package:com.sec.android.easyMover.Agent
package:com.samsung.ucs.agent.boot
package:com.wsomacp
package:com.samsung.faceservice
package:com.sec.android.app.voicenote
package:com.monotype.android.font.foundation
package:com.sec.android.widgetapp.easymodecontactswidget
package:com.samsung.android.email.provider
package:com.samsung.android.MtpApplication
package:com.sec.android.app.factorykeystring
package:com.sec.android.app.samsungapps
package:com.sec.android.emergencymode.service
package:com.google.android.configupdater
package:com.sec.android.app.wlantest
package:com.microsoft.office.excel
package:com.samsung.android.app.camera.sticker.facear.preload
package:com.sec.android.app.billing
package:com.sec.epdgtestapp
package:com.samsung.android.game.gamehome
package:com.android.defcontainer
package:com.sec.android.daemonapp
package:com.sec.ims
package:com.sec.sve
package:com.sec.enterprise.knox.attestation
package:com.android.providers.downloads.ui
package:com.android.vending
package:com.android.pacprocessor
package:com.dsi.ant.service.socket
package:com.sec.android.AutoPreconfig
package:com.microsoft.skydrive
package:com.samsung.android.SettingsReceiver
package:com.sec.android.app.soundalive
package:com.sec.android.providers.security
package:com.sec.android.provider.badge
package:com.android.certinstaller
package:com.samsung.android.securitylogagent
package:com.android.carrierconfig
package:com.google.android.marvin.talkback
package:com.samsung.android.knox.containeragent
package:com.samsung.android.app.assistantmenu
package:com.samsung.SMT
package:com.samsung.cmh
package:com.samsung.mlp
package:com.samsung.knox.securefolder.setuppage
package:com.sec.factory.iris.usercamera
package:android
package:com.samsung.android.app.multiwindow
package:com.samsung.android.sm.devicesecurity
package:com.dsi.ant.sample.acquirechannels
package:com.android.egg
package:com.android.mtp
package:com.android.stk
package:com.samsung.android.messaging
package:com.android.backupconfirm
package:com.samsung.klmsagent
package:com.sec.android.app.SecSetupWizard
package:com.android.statementservice
package:com.google.android.gm
package:com.google.android.apps.tachyon
package:com.sec.android.app.hwmoduletest
package:com.sec.bcservice
package:com.sec.modem.settings
package:com.sec.android.app.sysscope
package:com.samsung.android.providers.context
package:com.sec.android.app.servicemodeapp
package:com.sec.android.preloadinstaller
package:com.sec.android.uibcvirtualsoftkey
package:com.google.android.setupwizard
package:com.samsung.android.sdk.professionalaudio.utility.jammonitor
package:com.sec.android.gallery3d
package:com.android.providers.settings
package:com.sec.imsservice
package:com.android.sharedstoragebackup
package:com.facebook.services
package:com.google.android.music
package:com.samsung.android.mobileservice
package:com.android.printspooler
package:com.samsung.storyservice
package:com.android.dreams.basic
package:com.android.inputdevices
package:com.samsung.knox.securefolder
package:com.android.bips
package:com.android.stk2
package:com.samsung.android.game.gametools
package:com.samsung.android.app.simplesharing
package:com.samsung.android.da.daagent
package:com.samsung.android.app.reminder
package:com.samsung.android.timezone.autoupdate_O
package:com.samsung.android.smartcallprovider
package:com.google.android.apps.docs
package:com.google.android.apps.maps
package:com.sec.enterprise.mdm.vpn
package:com.dsi.ant.plugins.antplus
package:com.microsoft.office.word
package:com.samsung.advp.imssettings
package:com.samsung.android.location
package:com.sec.android.inputmethod
package:com.sec.android.app.clockpackage
package:com.sec.android.RilServiceModeApp
package:com.google.android.webview
package:com.sec.android.app.simsettingmgr
package:com.microsoft.office.powerpoint
package:com.android.server.telecom
package:com.google.android.syncadapters.contacts
package:com.sec.imslogger
package:com.samsung.android.clipboarduiservice
package:com.android.keychain
package:com.android.chrome
package:com.samsung.android.themecenter
package:com.google.android.packageinstaller
package:com.google.android.gms
package:com.google.android.gsf
package:com.google.android.tts
package:android.autoinstalls.config.samsung
package:com.android.calllogbackup
package:com.google.android.partnersetup
package:com.sec.android.diagmonagent
package:com.google.android.videos
package:com.sec.spp.push
package:com.android.carrierdefaultapp
package:com.dsi.ant.server
package:com.sec.android.app.myfiles
package:com.android.proxyhandler
package:com.samsung.android.allshare.service.fileshare
package:com.sec.android.mimage.photoretouching
package:com.sec.android.app.launcher
package:flipboard.boxer.app
package:com.google.android.feedback
package:com.google.android.printservice.recommendation
package:com.google.android.apps.photos
package:com.google.android.syncadapters.calendar
package:com.android.managedprovisioning
package:com.samsung.android.authfw
package:com.sec.android.app.sbrowser
package:com.monotype.android.font.chococooky
package:com.android.dreams.phototable
package:com.sec.android.service.health
package:com.samsung.safetyinformation
package:com.facebook.katana
package:com.samsung.android.dqagent
package:com.sec.android.app.ringtoneBR
package:com.android.providers.partnerbookmarks
package:com.example.test
package:com.samsung.android.app.accesscontrol
package:com.android.wallpaper.livepicker
package:com.samsung.android.beaconmanager
package:com.sec.enterprise.mdm.services.simpin
package:com.samsung.networkui
package:com.samsung.android.stickercenter
package:com.facebook.system
package:com.samsung.android.oneconnect
package:com.sec.android.app.popupcalculator
package:com.sec.android.soagent
package:org.mozilla.firefox
package:com.samsung.android.fmm
package:com.samsung.android.mdm
package:com.samsung.android.rlc
package:com.samsung.android.uds
package:com.samsung.android.voc
package:com.sec.android.app.shealth
package:com.sec.phone
package:com.google.android.backuptransport
package:com.samsung.android.samsungpass
package:com.android.storagemanager
package:com.samsung.android.scloud
package:com.samsung.android.app.soundpicker
package:com.sec.app.RilErrorNotifier
package:com.android.bookmarkprovider
package:com.linkedin.android
package:com.android.settings
package:com.samsung.app.newtrim
package:com.samsung.android.app.color
package:com.samsung.android.lool
package:com.samsung.android.app.notes
package:com.sec.android.app.bluetoothtest
package:com.samsung.android.app.spage
package:com.sec.android.emergencylauncher
package:com.sec.hearingadjust
package:com.samsung.android.dlp.service
package:com.samsung.android.bbc.bbcagent
package:com.knox.vpn.proxyhandler
package:com.android.cts.ctsshim
package:com.samsung.android.stickerplugin
package:com.sec.android.splitsound
package:com.wssnps
package:com.samsung.android.app.watchmanagerstub
package:com.samsung.android.svcagent
package:com.policydm
package:com.samsung.android.sdk.professionalaudio.app.audioconnectionservice
package:com.enhance.gameservice
package:com.samsung.android.shortcutbackupservice
package:com.android.vpndialogs
package:com.samsung.memorysaver
package:com.samsung.android.providers.contacts
package:com.samsung.dcmservice
package:com.android.phone
package:com.android.shell
package:com.android.wallpaperbackup
package:com.example.myapplication
package:com.android.providers.blockednumber
package:com.samsung.android.app.omcagent
package:com.hiya.star
package:com.android.providers.userdictionary
package:com.sec.enterprise.knox.cloudmdm.smdms
package:com.samsung.android.app.camera.sticker.stamp.preload
package:com.android.emergency
package:com.wssyncmldm
package:com.android.location.fused
package:com.samsung.android.samsungpassautofill
package:com.sec.epdg
package:com.android.systemui
package:com.sec.android.app.personalization
package:com.monotype.android.font.cooljazz
package:com.android.bluetoothmidiservice
package:com.samsung.android.sdk.handwriting
package:com.facebook.appmanager
package:com.samsung.android.app.clockpack
package:com.quicinc.trepn
package:com.samsung.aasaservice
package:com.samsung.android.allshare.service.mediashare
package:com.sec.android.app.fm
package:com.sec.android.provider.emergencymode
package:com.samsung.android.fingerprint.service
package:com.sec.android.app.camera
package:com.android.bluetooth
package:com.samsung.android.contacts
package:com.sec.android.app.magnifier
package:com.sec.android.widgetapp.webmanual
package:com.samsung.sec.android.application.csc
package:com.android.captiveportallogin
package:com.samsung.upsmtheme
package:com.samsung.android.coreapps
package:com.samsung.android.app.dofviewer
package:com.samsung.android.bio.face.service
package:com.samsung.android.video

2021-10-10 14:16:55,863:DEBUG:AndroidRunner.Adb:52004f53fe46357d: "getprop ro.build.version.release" returned: 
8.0.0

2021-10-10 14:16:55,932:DEBUG:AndroidRunner.Adb:52004f53fe46357d: "getprop ro.build.version.sdk" returned: 
26

2021-10-10 14:16:55,933:INFO:WebExperiment:Device: j7duo2 (52004f53fe46357d, Android 8.0.0, API level 26)
2021-10-10 14:16:55,934:INFO:Profilers:Loading
2021-10-10 14:16:56,004:DEBUG:AndroidRunner.Adb:52004f53fe46357d: "getprop ro.build.version.release" returned: 
8.0.0

2021-10-10 14:16:56,076:DEBUG:AndroidRunner.Adb:52004f53fe46357d: "getprop ro.build.version.sdk" returned: 
26

2021-10-10 14:16:56,084:DEBUG:PluginHandler:Batterystats: j7duo2 (52004f53fe46357d, Android 8.0.0, API level 26): Loading configuration
2021-10-10 14:16:56,084:INFO:Device:Default unplug
2021-10-10 14:16:56,164:DEBUG:AndroidRunner.Adb:52004f53fe46357d: "getprop ro.build.version.sdk" returned: 
26

2021-10-10 14:16:56,254:DEBUG:AndroidRunner.Adb:52004f53fe46357d: "dumpsys battery unplug" returned: 

2021-10-10 14:16:56,324:DEBUG:AndroidRunner.Adb:52004f53fe46357d: "getprop ro.build.version.release" returned: 
8.0.0

2021-10-10 14:16:56,414:DEBUG:AndroidRunner.Adb:52004f53fe46357d: "getprop ro.build.version.sdk" returned: 
26

2021-10-10 14:16:56,416:DEBUG:Scripts:Running hook before_experiment on device j7duo2 (52004f53fe46357d, Android 8.0.0, API level 26)
args: ()
kwargs: {}
2021-10-10 14:16:56,436:INFO:Python3:before_experiment.py
2021-10-10 14:16:56,438:DEBUG:Python3:before_experiment.py returned None
2021-10-10 14:16:56,444:INFO:WebExperiment:URL: https://www.google.com
2021-10-10 14:16:56,445:INFO:Profilers:Setting output
2021-10-10 14:16:56,446:DEBUG:PluginHandler:Batterystats: Setting output: /home/pi/external_hdd/android-runner/examples/batterystats/output/2021.10.10_141654/data/j7duo2/https-www-google-com/chrome/batterystats
2021-10-10 14:16:56,447:INFO:WebExperiment:Run 1/1 of subject "https://www.google.com" on j7duo2
2021-10-10 14:16:56,552:DEBUG:AndroidRunner.Adb:52004f53fe46357d: "logcat -c" returned: 

2021-10-10 14:16:56,553:INFO:WebExperiment:Logcat cleared
2021-10-10 14:16:56,640:DEBUG:AndroidRunner.Adb:52004f53fe46357d: "getprop ro.build.version.release" returned: 
8.0.0

2021-10-10 14:16:56,712:DEBUG:AndroidRunner.Adb:52004f53fe46357d: "getprop ro.build.version.sdk" returned: 
26

2021-10-10 14:16:56,714:DEBUG:Scripts:Running hook before_run on device j7duo2 (52004f53fe46357d, Android 8.0.0, API level 26)
args: ()
kwargs: {}
2021-10-10 14:16:56,732:INFO:Python3:before_run.py
2021-10-10 14:16:56,734:DEBUG:Python3:before_run.py returned None
2021-10-10 14:16:56,833:DEBUG:AndroidRunner.Adb:52004f53fe46357d: "logcat -c" returned: 

2021-10-10 14:16:56,834:INFO:Chrome:52004f53fe46357d: Start
2021-10-10 14:16:57,229:DEBUG:AndroidRunner.Adb:52004f53fe46357d: "am start -S -a android.intent.action.VIEW -n com.android.chrome/com.google.android.apps.chrome.Main --activity-clear-task" returned: 
Stopping: com.android.chrome
Starting: Intent { act=android.intent.action.VIEW flg=0x8000 cmp=com.android.chrome/com.google.android.apps.chrome.Main }

2021-10-10 14:17:02,369:DEBUG:AndroidRunner.Adb:52004f53fe46357d: "dumpsys activity recents | grep "Recent #0" | cut -d "=" -f2 | grep -o -p "[a-z|.]*"" returned: 
com.android.chrome


2021-10-10 14:17:02,371:DEBUG:Device:Current activity: com.android.chrome
2021-10-10 14:17:02,443:DEBUG:AndroidRunner.Adb:52004f53fe46357d: "getprop ro.build.version.release" returned: 
8.0.0

2021-10-10 14:17:02,527:DEBUG:AndroidRunner.Adb:52004f53fe46357d: "getprop ro.build.version.sdk" returned: 
26

2021-10-10 14:17:02,528:DEBUG:Scripts:Running hook after_launch on device j7duo2 (52004f53fe46357d, Android 8.0.0, API level 26)
args: ('52004f53fe46357d', 'com.android.chrome')
kwargs: {}
2021-10-10 14:17:02,546:INFO:Python3:after_launch.py
2021-10-10 14:17:02,548:DEBUG:Python3:after_launch.py returned None
2021-10-10 14:17:02,554:INFO:Profilers:Start profiling
2021-10-10 14:17:02,629:DEBUG:AndroidRunner.Adb:52004f53fe46357d: "getprop ro.build.version.release" returned: 
8.0.0

2021-10-10 14:17:02,716:DEBUG:AndroidRunner.Adb:52004f53fe46357d: "getprop ro.build.version.sdk" returned: 
26

2021-10-10 14:17:02,718:DEBUG:PluginHandler:Batterystats: j7duo2 (52004f53fe46357d, Android 8.0.0, API level 26): Start profiling
2021-10-10 14:17:02,840:DEBUG:AndroidRunner.Adb:52004f53fe46357d: "dumpsys batterystats --reset" returned: 
Battery stats reset.

2021-10-10 14:17:02,852:INFO:Chrome:52004f53fe46357d: Load URL: https://www.google.com
2021-10-10 14:17:02,989:DEBUG:AndroidRunner.Adb:52004f53fe46357d: "am start -a android.intent.action.VIEW -n com.android.chrome/com.google.android.apps.chrome.Main -d https://www.google.com" returned: 
Starting: Intent { act=android.intent.action.VIEW dat=https://www.google.com/... cmp=com.android.chrome/com.google.android.apps.chrome.Main }
Warning: Activity not started, its current task has been brought to the front

2021-10-10 14:17:08,097:DEBUG:AndroidRunner.Adb:52004f53fe46357d: "getprop ro.build.version.release" returned: 
8.0.0

2021-10-10 14:17:08,173:DEBUG:AndroidRunner.Adb:52004f53fe46357d: "getprop ro.build.version.sdk" returned: 
26

2021-10-10 14:17:08,174:DEBUG:Scripts:Running hook interaction on device j7duo2 (52004f53fe46357d, Android 8.0.0, API level 26)
args: (<AndroidRunner.WebExperiment.WebExperiment object at 0xb38c1e70>, <AndroidRunner.Browsers.Chrome.Chrome object at 0xb3840e10>)
kwargs: {}
2021-10-10 14:17:08,193:INFO:Python3:interaction.py
2021-10-10 14:17:08,304:DEBUG:AndroidRunner.Adb:52004f53fe46357d: "dumpsys activity recents | grep "Recent #0" | cut -d "=" -f2 | grep -o -p "[a-z|.]*"" returned: 
com.android.chrome


2021-10-10 14:17:08,305:DEBUG:Device:Current activity: com.android.chrome
2021-10-10 14:17:08,306:DEBUG:Python3:interaction.py returned None
2021-10-10 14:18:08,373:INFO:Profilers:Stop profiling
2021-10-10 14:18:08,474:DEBUG:AndroidRunner.Adb:52004f53fe46357d: "getprop ro.build.version.release" returned: 
8.0.0

2021-10-10 14:18:08,543:DEBUG:AndroidRunner.Adb:52004f53fe46357d: "getprop ro.build.version.sdk" returned: 
26

2021-10-10 14:18:08,544:DEBUG:PluginHandler:Batterystats: j7duo2 (52004f53fe46357d, Android 8.0.0, API level 26): Stop profiling
2021-10-10 14:18:08,651:DEBUG:AndroidRunner.Adb:52004f53fe46357d: "dumpsys activity recents | grep "Recent #0" | cut -d "=" -f2 | grep -o -p "[a-z|.]*"" returned: 
com.android.chrome


2021-10-10 14:18:08,652:DEBUG:Device:Current activity: com.android.chrome
2021-10-10 14:18:08,718:DEBUG:AndroidRunner.Adb:52004f53fe46357d: "getprop ro.build.version.release" returned: 
8.0.0

2021-10-10 14:18:08,802:DEBUG:AndroidRunner.Adb:52004f53fe46357d: "getprop ro.build.version.sdk" returned: 
26

2021-10-10 14:18:08,803:DEBUG:Scripts:Running hook before_close on device j7duo2 (52004f53fe46357d, Android 8.0.0, API level 26)
args: ('52004f53fe46357d', 'com.android.chrome')
kwargs: {}
2021-10-10 14:18:08,822:INFO:Python3:before_close.py
2021-10-10 14:18:08,825:DEBUG:Python3:before_close.py returned None
2021-10-10 14:18:08,830:INFO:Chrome:52004f53fe46357d: Stop
2021-10-10 14:18:09,033:DEBUG:AndroidRunner.Adb:52004f53fe46357d: "am force-stop com.android.chrome" returned: 

2021-10-10 14:18:12,135:DEBUG:AndroidRunner.Adb:52004f53fe46357d: "getprop ro.build.version.release" returned: 
8.0.0

2021-10-10 14:18:12,206:DEBUG:AndroidRunner.Adb:52004f53fe46357d: "getprop ro.build.version.sdk" returned: 
26

2021-10-10 14:18:12,207:DEBUG:Scripts:Running hook after_run on device j7duo2 (52004f53fe46357d, Android 8.0.0, API level 26)
args: ()
kwargs: {}
2021-10-10 14:18:12,224:INFO:Python3:after_run.py
2021-10-10 14:18:12,980:DEBUG:AndroidRunner.Adb:52004f53fe46357d: "input tap 600 1000" returned: 

2021-10-10 14:18:12,982:DEBUG:Python3:after_run.py returned None
2021-10-10 14:18:12,989:INFO:Profilers:Collecting results
2021-10-10 14:18:13,092:DEBUG:AndroidRunner.Adb:52004f53fe46357d: "getprop ro.build.version.release" returned: 
8.0.0

2021-10-10 14:18:13,165:DEBUG:AndroidRunner.Adb:52004f53fe46357d: "getprop ro.build.version.sdk" returned: 
26

2021-10-10 14:18:13,166:DEBUG:PluginHandler:Batterystats: j7duo2 (52004f53fe46357d, Android 8.0.0, API level 26): Collecting data
2021-10-10 14:18:13,250:DEBUG:AndroidRunner.Adb:52004f53fe46357d: "getprop ro.build.version.sdk" returned: 
26

2021-10-10 14:18:13,383:DEBUG:AndroidRunner.Adb:52004f53fe46357d: "logcat -f /mnt/sdcard/logcat.txt -d" returned: 

2021-10-10 14:18:13,544:DEBUG:AndroidRunner.Adb:52004f53fe46357d: "rm -f /mnt/sdcard/logcat.txt" returned: 

2021-10-10 14:18:13,647:DEBUG:AndroidRunner.Adb:52004f53fe46357d: "dumpsys batterystats --history" returned: 
Battery History (0% used, 264 used of 512KB, 9 strings using 704):
                    0 (14) RESET:TIME: 2021-10-10-14-17-02
                    0 (1) 100 status=full health=good plug=none temp=299 volt=4311 current=138 ap_temp=34 pst_temp=32 bat_temp=29 chg_temp=0 pa_temp=0 misc_event=0 online=4 current_event=0 charge=0 +running +wake_lock +wifi_radio +screen phone_state=off brightness=medium +wifi_running +wifi wifi_signal_strength=4 wifi_suppl=completed
                    0 (2) 100 fg=u0a22:"com.sec.android.app.samsungapps"
                    0 (2) 100 top=u0a95:"com.android.chrome"
                    0 (2) 100 user=0:"0"
                    0 (2) 100 userfg=0:"0"
                +15ms (2) 100 stats=0:"dump"
               +329ms (2) 100 +job=u0a95:"com.android.chrome/org.chromium.components.background_task_scheduler.BackgroundTaskJobService"
               +339ms (2) 100 stats=0:"write"
               +349ms (2) 100 -job=u0a95:"com.android.chrome/org.chromium.components.background_task_scheduler.BackgroundTaskJobService"
             +1s053ms (3) 100 current=93 ap_temp=34 pst_temp=32 bat_temp=29 chg_temp=0 pa_temp=0
            +11s091ms (3) 100 current=160 ap_temp=33 pst_temp=32 bat_temp=29 chg_temp=0 pa_temp=0
            +21s123ms (3) 100 current=164 ap_temp=33 pst_temp=32 bat_temp=29 chg_temp=0 pa_temp=0
            +31s152ms (3) 100 current=152 ap_temp=32 pst_temp=32 bat_temp=29 chg_temp=0 pa_temp=0
            +41s185ms (3) 100 current=154 ap_temp=32 pst_temp=32 bat_temp=29 chg_temp=0 pa_temp=0
            +51s219ms (3) 100 current=151 ap_temp=32 pst_temp=32 bat_temp=29 chg_temp=0 pa_temp=0
          +1m01s250ms (3) 100 current=149 ap_temp=32 pst_temp=32 bat_temp=29 chg_temp=0 pa_temp=0
          +1m06s209ms (2) 100 -top=u0a95:"com.android.chrome"
          +1m06s209ms (2) 100 +top=u0a74:"com.sec.android.app.launcher"
          +1m06s222ms (2) 100 stats=0:"remove-uid"
          +1m06s231ms (2) 100 stats=0:"remove-uid"
          +1m06s337ms (2) 100 +job=u0a75:"com.google.android.googlequicksearchbox/com.google.android.apps.gsa.tasks.BackgroundTasksJobService"
          +1m06s354ms (2) 100 -job=u0a75:"com.google.android.googlequicksearchbox/com.google.android.apps.gsa.tasks.BackgroundTasksJobService"
          +1m10s822ms (2) 100 stats=0:"dump"


2021-10-10 14:18:13,839:DEBUG:AndroidRunner.Adb:52004f53fe46357d: "dumpsys batterystats | grep "Computed drain:"" returned: 
    Capacity: 3000, Computed drain: 3.84, actual drain: 0

2021-10-10 14:18:13,957:DEBUG:AndroidRunner.Adb:52004f53fe46357d: "dumpsys batterystats | grep "volt="" returned: 
                    0 (1) 100 status=full health=good plug=none temp=299 volt=4311 current=138 ap_temp=34 pst_temp=32 bat_temp=29 chg_temp=0 pa_temp=0 misc_event=0 online=4 current_event=0 charge=0 +running +wake_lock +wifi_radio +screen phone_state=off brightness=medium +wifi_running +wifi wifi_signal_strength=4 wifi_suppl=completed

2021-10-10 14:18:19,245:DEBUG:AndroidRunner.Adb:52004f53fe46357d: "cat /proc/cpuinfo | grep processor | wc -l" returned: 
8

2021-10-10 14:18:19,305:DEBUG:AndroidRunner.Adb:52004f53fe46357d: "getprop ro.build.version.sdk" returned: 
26

2021-10-10 14:18:33,855:INFO:WebExperiment:Sleeping for 120000 milliseconds
2021-10-10 14:20:33,957:INFO:Profilers:Start subject aggregation
2021-10-10 14:20:33,957:DEBUG:PluginHandler:%s: aggregating subject results
2021-10-10 14:20:33,961:INFO:WebExperiment:Experiment completed, start cleanup
2021-10-10 14:20:34,066:DEBUG:AndroidRunner.Adb:52004f53fe46357d: "getprop ro.build.version.release" returned: 
8.0.0

2021-10-10 14:20:34,153:DEBUG:AndroidRunner.Adb:52004f53fe46357d: "getprop ro.build.version.sdk" returned: 
26

2021-10-10 14:20:34,154:DEBUG:Scripts:Running hook after_experiment on device j7duo2 (52004f53fe46357d, Android 8.0.0, API level 26)
args: ()
kwargs: {}
2021-10-10 14:20:34,172:INFO:Python3:after_experiment.py
2021-10-10 14:20:34,174:DEBUG:Python3:after_experiment.py returned None
2021-10-10 14:20:34,286:DEBUG:AndroidRunner.Adb:52004f53fe46357d: "dumpsys battery reset" returned: 

2021-10-10 14:20:34,287:INFO:Profilers:Stop profiling
2021-10-10 14:20:34,368:DEBUG:AndroidRunner.Adb:52004f53fe46357d: "getprop ro.build.version.release" returned: 
8.0.0

2021-10-10 14:20:34,444:DEBUG:AndroidRunner.Adb:52004f53fe46357d: "getprop ro.build.version.sdk" returned: 
26

2021-10-10 14:20:34,445:DEBUG:PluginHandler:Batterystats: j7duo2 (52004f53fe46357d, Android 8.0.0, API level 26): Stop profiling
2021-10-10 14:20:34,446:INFO:Profilers:Unloading
2021-10-10 14:20:34,521:DEBUG:AndroidRunner.Adb:52004f53fe46357d: "getprop ro.build.version.release" returned: 
8.0.0

2021-10-10 14:20:34,595:DEBUG:AndroidRunner.Adb:52004f53fe46357d: "getprop ro.build.version.sdk" returned: 
26

2021-10-10 14:20:34,596:DEBUG:PluginHandler:Batterystats: j7duo2 (52004f53fe46357d, Android 8.0.0, API level 26): Cleanup
2021-10-10 14:20:34,596:INFO:Chrome:52004f53fe46357d: Stop
2021-10-10 14:20:34,717:DEBUG:AndroidRunner.Adb:52004f53fe46357d: "am force-stop com.android.chrome" returned: 

2021-10-10 14:20:35,733:INFO:AndroidRunner.Adb:52004f53fe46357d: Data of "com.android.chrome" cleared
2021-10-10 14:20:35,735:INFO:Profilers:Start final aggregation
2021-10-10 14:20:35,736:DEBUG:PluginHandler:%s: aggregating results
