2021-10-16 16:40:45,576:INFO:ExperimentFactory:/home/pi/external_hdd/android-runner/examples/batterystats/test_native.json
2021-10-16 16:40:45,619:DEBUG:AndroidRunner.Adb:Device list:
{0: '192.168.1.113:5555'}
2021-10-16 16:40:45,619:INFO:Device:Setting logcat buffer size to 57344K
2021-10-16 16:40:45,771:DEBUG:AndroidRunner.Adb:192.168.1.113:5555: "logcat -G 57344K" returned: 

2021-10-16 16:40:45,787:DEBUG:PluginHandler:batterystats: Initialized
2021-10-16 16:40:45,788:DEBUG:Python3:Imported /home/pi/external_hdd/android-runner/examples/batterystats/HScripts/before_experiment.py
2021-10-16 16:40:45,788:DEBUG:Python3:Imported /home/pi/external_hdd/android-runner/examples/batterystats/HScripts/before_run.py
2021-10-16 16:40:45,789:DEBUG:Python3:Imported /home/pi/external_hdd/android-runner/examples/batterystats/HScripts/after_launch.py
2021-10-16 16:40:45,794:DEBUG:Python3:Imported /home/pi/external_hdd/android-runner/examples/batterystats/HScripts/interaction.py
2021-10-16 16:40:45,795:DEBUG:Python3:Imported /home/pi/external_hdd/android-runner/examples/batterystats/HScripts/before_close.py
2021-10-16 16:40:45,795:DEBUG:Python3:Imported /home/pi/external_hdd/android-runner/examples/batterystats/HScripts/after_run.py
2021-10-16 16:40:45,796:DEBUG:Python3:Imported /home/pi/external_hdd/android-runner/examples/batterystats/HScripts/after_experiment.py
2021-10-16 16:40:45,889:DEBUG:AndroidRunner.Adb:192.168.1.113:5555: "getprop ro.build.version.release" returned: 
8.0.0

2021-10-16 16:40:45,952:DEBUG:AndroidRunner.Adb:192.168.1.113:5555: "getprop ro.build.version.sdk" returned: 
26

2021-10-16 16:40:45,952:INFO:NativeExperiment:Device: j7duo2wifi (192.168.1.113:5555, Android 8.0.0, API level 26)
2021-10-16 16:40:45,953:INFO:Profilers:Loading
2021-10-16 16:40:46,015:DEBUG:AndroidRunner.Adb:192.168.1.113:5555: "getprop ro.build.version.release" returned: 
8.0.0

2021-10-16 16:40:46,074:DEBUG:AndroidRunner.Adb:192.168.1.113:5555: "getprop ro.build.version.sdk" returned: 
26

2021-10-16 16:40:46,074:DEBUG:PluginHandler:Batterystats: j7duo2wifi (192.168.1.113:5555, Android 8.0.0, API level 26): Loading configuration
2021-10-16 16:40:46,074:INFO:Device:Default unplug
2021-10-16 16:40:46,140:DEBUG:AndroidRunner.Adb:192.168.1.113:5555: "getprop ro.build.version.sdk" returned: 
26

2021-10-16 16:40:46,215:DEBUG:AndroidRunner.Adb:192.168.1.113:5555: "dumpsys battery unplug" returned: 

2021-10-16 16:40:46,284:DEBUG:AndroidRunner.Adb:192.168.1.113:5555: "getprop ro.build.version.release" returned: 
8.0.0

2021-10-16 16:40:46,346:DEBUG:AndroidRunner.Adb:192.168.1.113:5555: "getprop ro.build.version.sdk" returned: 
26

2021-10-16 16:40:46,347:DEBUG:Scripts:Running hook before_experiment on device j7duo2wifi (192.168.1.113:5555, Android 8.0.0, API level 26)
args: ()
kwargs: {}
2021-10-16 16:40:46,358:INFO:Python3:before_experiment.py
2021-10-16 16:40:46,360:DEBUG:Python3:before_experiment.py returned None
2021-10-16 16:40:46,363:INFO:Profilers:Setting output
2021-10-16 16:40:46,364:DEBUG:PluginHandler:Batterystats: Setting output: /home/pi/external_hdd/android-runner/examples/batterystats/output/2021.10.16_164045/data/j7duo2wifi/com-facebook-katana/batterystats
2021-10-16 16:40:46,365:INFO:NativeExperiment:Run 1/3 of subject "com.facebook.katana" on j7duo2wifi
2021-10-16 16:40:46,449:DEBUG:AndroidRunner.Adb:192.168.1.113:5555: "logcat -c" returned: 

2021-10-16 16:40:46,449:INFO:NativeExperiment:Logcat cleared
2021-10-16 16:40:46,506:DEBUG:AndroidRunner.Adb:192.168.1.113:5555: "getprop ro.build.version.release" returned: 
8.0.0

2021-10-16 16:40:46,561:DEBUG:AndroidRunner.Adb:192.168.1.113:5555: "getprop ro.build.version.sdk" returned: 
26

2021-10-16 16:40:46,561:DEBUG:Scripts:Running hook before_run on device j7duo2wifi (192.168.1.113:5555, Android 8.0.0, API level 26)
args: ()
kwargs: {}
2021-10-16 16:40:46,572:INFO:Python3:before_run.py
2021-10-16 16:40:46,573:DEBUG:Python3:before_run.py returned None
2021-10-16 16:40:47,404:DEBUG:AndroidRunner.Adb:192.168.1.113:5555: "monkey -p com.facebook.katana 1" returned: 
  bash arg: -p
  bash arg: com.facebook.katana
  bash arg: 1
args: [-p, com.facebook.katana, 1]
 arg: "-p"
 arg: "com.facebook.katana"
 arg: "1"
data="com.facebook.katana"
Events injected: 1
## Network stats: elapsed time=49ms (0ms mobile, 0ms wifi, 49ms not connected)

2021-10-16 16:40:48,501:DEBUG:AndroidRunner.Adb:192.168.1.113:5555: "dumpsys activity recents | grep "Recent #0" | cut -d "=" -f2 | grep -o -p "[a-z|.]*"" returned: 
com.facebook.katana


2021-10-16 16:40:48,501:DEBUG:Device:Current activity: com.facebook.katana
2021-10-16 16:40:48,567:DEBUG:AndroidRunner.Adb:192.168.1.113:5555: "getprop ro.build.version.release" returned: 
8.0.0

2021-10-16 16:40:48,623:DEBUG:AndroidRunner.Adb:192.168.1.113:5555: "getprop ro.build.version.sdk" returned: 
26

2021-10-16 16:40:48,623:DEBUG:Scripts:Running hook after_launch on device j7duo2wifi (192.168.1.113:5555, Android 8.0.0, API level 26)
args: ('192.168.1.113:5555', 'com.facebook.katana')
kwargs: {}
2021-10-16 16:40:48,634:INFO:Python3:after_launch.py
2021-10-16 16:40:48,636:DEBUG:Python3:after_launch.py returned None
2021-10-16 16:40:48,639:INFO:Profilers:Start profiling
2021-10-16 16:40:48,696:DEBUG:AndroidRunner.Adb:192.168.1.113:5555: "getprop ro.build.version.release" returned: 
8.0.0

2021-10-16 16:40:48,763:DEBUG:AndroidRunner.Adb:192.168.1.113:5555: "getprop ro.build.version.sdk" returned: 
26

2021-10-16 16:40:48,763:DEBUG:PluginHandler:Batterystats: j7duo2wifi (192.168.1.113:5555, Android 8.0.0, API level 26): Start profiling
2021-10-16 16:40:48,854:DEBUG:AndroidRunner.Adb:192.168.1.113:5555: "dumpsys batterystats --reset" returned: 
Battery stats reset.

2021-10-16 16:40:48,918:DEBUG:AndroidRunner.Adb:192.168.1.113:5555: "getprop ro.build.version.release" returned: 
8.0.0

2021-10-16 16:40:48,978:DEBUG:AndroidRunner.Adb:192.168.1.113:5555: "getprop ro.build.version.sdk" returned: 
26

2021-10-16 16:40:48,978:DEBUG:Scripts:Running hook interaction on device j7duo2wifi (192.168.1.113:5555, Android 8.0.0, API level 26)
args: (<AndroidRunner.NativeExperiment.NativeExperiment object at 0xb38c3ed0>,)
kwargs: {}
2021-10-16 16:40:48,990:INFO:Python3:interaction.py
2021-10-16 16:40:51,789:DEBUG:AndroidRunner.Adb:192.168.1.113:5555: "input swipe 370 900 370 300 2000" returned: 

2021-10-16 16:40:51,871:DEBUG:AndroidRunner.Adb:192.168.1.113:5555: "dumpsys activity recents | grep "Recent #0" | cut -d "=" -f2 | grep -o -p "[a-z|.]*"" returned: 
com.facebook.katana


2021-10-16 16:40:51,872:DEBUG:Device:Current activity: com.facebook.katana
2021-10-16 16:40:51,872:DEBUG:Python3:interaction.py returned None
2021-10-16 16:42:51,976:INFO:Profilers:Stop profiling
2021-10-16 16:42:52,064:DEBUG:AndroidRunner.Adb:192.168.1.113:5555: "getprop ro.build.version.release" returned: 
8.0.0

2021-10-16 16:42:52,136:DEBUG:AndroidRunner.Adb:192.168.1.113:5555: "getprop ro.build.version.sdk" returned: 
26

2021-10-16 16:42:52,136:DEBUG:PluginHandler:Batterystats: j7duo2wifi (192.168.1.113:5555, Android 8.0.0, API level 26): Stop profiling
2021-10-16 16:42:52,218:DEBUG:AndroidRunner.Adb:192.168.1.113:5555: "dumpsys activity recents | grep "Recent #0" | cut -d "=" -f2 | grep -o -p "[a-z|.]*"" returned: 
com.facebook.katana


2021-10-16 16:42:52,218:DEBUG:Device:Current activity: com.facebook.katana
2021-10-16 16:42:52,277:DEBUG:AndroidRunner.Adb:192.168.1.113:5555: "getprop ro.build.version.release" returned: 
8.0.0

2021-10-16 16:42:52,333:DEBUG:AndroidRunner.Adb:192.168.1.113:5555: "getprop ro.build.version.sdk" returned: 
26

2021-10-16 16:42:52,334:DEBUG:Scripts:Running hook before_close on device j7duo2wifi (192.168.1.113:5555, Android 8.0.0, API level 26)
args: ('192.168.1.113:5555', 'com.facebook.katana')
kwargs: {}
2021-10-16 16:42:52,345:INFO:Python3:before_close.py
2021-10-16 16:42:52,346:DEBUG:Python3:before_close.py returned None
2021-10-16 16:42:52,497:DEBUG:AndroidRunner.Adb:192.168.1.113:5555: "am force-stop com.facebook.katana" returned: 

2021-10-16 16:42:55,599:DEBUG:AndroidRunner.Adb:192.168.1.113:5555: "getprop ro.build.version.release" returned: 
8.0.0

2021-10-16 16:42:55,661:DEBUG:AndroidRunner.Adb:192.168.1.113:5555: "getprop ro.build.version.sdk" returned: 
26

2021-10-16 16:42:55,662:DEBUG:Scripts:Running hook after_run on device j7duo2wifi (192.168.1.113:5555, Android 8.0.0, API level 26)
args: ()
kwargs: {}
2021-10-16 16:42:55,674:INFO:Python3:after_run.py
2021-10-16 16:42:55,675:DEBUG:Python3:after_run.py returned None
2021-10-16 16:42:55,678:INFO:Profilers:Collecting results
2021-10-16 16:42:55,755:DEBUG:AndroidRunner.Adb:192.168.1.113:5555: "getprop ro.build.version.release" returned: 
8.0.0

2021-10-16 16:42:55,829:DEBUG:AndroidRunner.Adb:192.168.1.113:5555: "getprop ro.build.version.sdk" returned: 
26

2021-10-16 16:42:55,829:DEBUG:PluginHandler:Batterystats: j7duo2wifi (192.168.1.113:5555, Android 8.0.0, API level 26): Collecting data
2021-10-16 16:42:55,893:DEBUG:AndroidRunner.Adb:192.168.1.113:5555: "getprop ro.build.version.sdk" returned: 
26

2021-10-16 16:42:56,080:DEBUG:AndroidRunner.Adb:192.168.1.113:5555: "logcat -f /mnt/sdcard/logcat.txt -d" returned: 

2021-10-16 16:42:56,233:DEBUG:AndroidRunner.Adb:192.168.1.113:5555: "rm -f /mnt/sdcard/logcat.txt" returned: 

2021-10-16 16:42:56,333:DEBUG:AndroidRunner.Adb:192.168.1.113:5555: "dumpsys batterystats --history" returned: 
Battery History (0% used, 684 used of 512KB, 10 strings using 1028):
                    0 (14) RESET:TIME: 2021-10-16-16-40-43
                    0 (1) 083 status=discharging health=good plug=none temp=313 volt=4065 current=-145 ap_temp=31 pst_temp=31 bat_temp=30 chg_temp=0 pa_temp=0 misc_event=0 online=1 current_event=0 charge=0 +running +wake_lock +wifi_radio +screen phone_state=off brightness=medium +wifi_running +wifi wifi_signal_strength=4 wifi_suppl=completed
                    0 (2) 083 fg=u0a22:"com.sec.android.app.samsungapps"
                    0 (2) 083 top=u0a103:"com.facebook.katana"
                    0 (2) 083 user=0:"0"
                    0 (2) 083 userfg=0:"0"
                 +9ms (2) 083 stats=0:"dump"
             +6s158ms (2) 083 +job=u0a25:"com.google.android.gms.chromesync/com.google/eM_ADDR:android"
             +6s175ms (2) 083 +sync=u0a25:"com.google.android.gms.chromesync/com.google/eM_ADDR"
             +6s267ms (2) 083 -job=u0a25:"com.google.android.gms.chromesync/com.google/eM_ADDR:android"
             +6s268ms (2) 083 -sync=u0a25:"com.google.android.gms.chromesync/com.google/eM_ADDR"
             +7s676ms (3) 083 current=-328 ap_temp=34 pst_temp=31 bat_temp=30 chg_temp=0 pa_temp=0
            +15s166ms (2) 083 +job=u0a25:"com.google.android.gms.chromesync/com.google/eM_ADDR:android"
            +15s187ms (2) 083 +sync=u0a25:"com.google.android.gms.chromesync/com.google/eM_ADDR"
            +15s324ms (2) 083 -job=u0a25:"com.google.android.gms.chromesync/com.google/eM_ADDR:android"
            +15s328ms (2) 083 -sync=u0a25:"com.google.android.gms.chromesync/com.google/eM_ADDR"
            +17s691ms (3) 083 current=-323 ap_temp=33 pst_temp=31 bat_temp=30 chg_temp=0 pa_temp=0
            +23s980ms (2) 083 +job=u0a25:"com.google.android.gms.chromesync/com.google/eM_ADDR:android"
            +24s008ms (2) 083 +sync=u0a25:"com.google.android.gms.chromesync/com.google/eM_ADDR"
            +24s138ms (2) 083 -job=u0a25:"com.google.android.gms.chromesync/com.google/eM_ADDR:android"
            +24s140ms (2) 083 -sync=u0a25:"com.google.android.gms.chromesync/com.google/eM_ADDR"
            +27s727ms (3) 083 current=-300 ap_temp=33 pst_temp=31 bat_temp=30 chg_temp=0 pa_temp=0
            +33s966ms (2) 083 +job=u0a25:"com.google.android.gms.chromesync/com.google/eM_ADDR:android"
            +33s989ms (2) 083 +sync=u0a25:"com.google.android.gms.chromesync/com.google/eM_ADDR"
            +34s142ms (2) 083 -job=u0a25:"com.google.android.gms.chromesync/com.google/eM_ADDR:android"
            +34s145ms (2) 083 -sync=u0a25:"com.google.android.gms.chromesync/com.google/eM_ADDR"
            +37s758ms (3) 083 current=-277 ap_temp=33 pst_temp=31 bat_temp=30 chg_temp=0 pa_temp=0
            +45s863ms (2) 083 +job=u0a25:"com.google.android.gms.chromesync/com.google/eM_ADDR:android"
            +45s886ms (2) 083 +sync=u0a25:"com.google.android.gms.chromesync/com.google/eM_ADDR"
            +46s039ms (2) 083 -job=u0a25:"com.google.android.gms.chromesync/com.google/eM_ADDR:android"
            +46s047ms (2) 083 -sync=u0a25:"com.google.android.gms.chromesync/com.google/eM_ADDR"
            +47s800ms (3) 083 current=-261 ap_temp=33 pst_temp=31 bat_temp=30 chg_temp=0 pa_temp=0
            +57s681ms (2) 083 +job=u0a25:"com.google.android.gms.chromesync/com.google/eM_ADDR:android"
            +57s705ms (2) 083 +sync=u0a25:"com.google.android.gms.chromesync/com.google/eM_ADDR"
            +57s824ms (4) 083 current=-256 ap_temp=32 pst_temp=31 bat_temp=30 chg_temp=0 pa_temp=0 -job=u0a25:"com.google.android.gms.chromesync/com.google/eM_ADDR:android"
            +57s846ms (2) 083 -sync=u0a25:"com.google.android.gms.chromesync/com.google/eM_ADDR"
          +1m04s158ms (2) 083 +job=u0a102:"com.facebook.appmanager/com.facebook.oxygen.common.jobqueue.JobQueueService"
          +1m04s168ms (2) 083 -job=u0a102:"com.facebook.appmanager/com.facebook.oxygen.common.jobqueue.JobQueueService"
          +1m04s574ms (2) 083 +job=u0a103:"com.facebook.katana/com.facebook.conditionalworker.ConditionalWorkerService"
          +1m04s685ms (2) 083 -job=u0a103:"com.facebook.katana/com.facebook.conditionalworker.ConditionalWorkerService"
          +1m07s856ms (3) 083 current=-320 ap_temp=34 pst_temp=31 bat_temp=30 chg_temp=0 pa_temp=0
          +1m08s920ms (2) 083 +job=u0a25:"com.google.android.gms.chromesync/com.google/eM_ADDR:android"
          +1m08s962ms (2) 083 +sync=u0a25:"com.google.android.gms.chromesync/com.google/eM_ADDR"
          +1m09s106ms (2) 083 -job=u0a25:"com.google.android.gms.chromesync/com.google/eM_ADDR:android"
          +1m09s109ms (2) 083 -sync=u0a25:"com.google.android.gms.chromesync/com.google/eM_ADDR"
          +1m17s892ms (4) 083 current=-286 ap_temp=33 pst_temp=31 bat_temp=30 chg_temp=0 pa_temp=0 +job=u0a25:"com.google.android.gms.chromesync/com.google/eM_ADDR:android"
          +1m18s139ms (2) 083 +sync=u0a25:"com.google.android.gms.chromesync/com.google/eM_ADDR"
          +1m18s272ms (2) 083 -job=u0a25:"com.google.android.gms.chromesync/com.google/eM_ADDR:android"
          +1m18s274ms (2) 083 -sync=u0a25:"com.google.android.gms.chromesync/com.google/eM_ADDR"
          +1m27s451ms (2) 083 +job=u0a25:"com.google.android.gms.chromesync/com.google/eM_ADDR:android"
          +1m27s489ms (2) 083 +sync=u0a25:"com.google.android.gms.chromesync/com.google/eM_ADDR"
          +1m27s632ms (2) 083 -job=u0a25:"com.google.android.gms.chromesync/com.google/eM_ADDR:android"
          +1m27s635ms (2) 083 -sync=u0a25:"com.google.android.gms.chromesync/com.google/eM_ADDR"
          +1m27s928ms (3) 083 current=-267 ap_temp=33 pst_temp=32 bat_temp=30 chg_temp=0 pa_temp=0
          +1m37s957ms (3) 083 current=-253 ap_temp=33 pst_temp=32 bat_temp=30 chg_temp=0 pa_temp=0
          +1m39s153ms (2) 083 +job=u0a25:"com.google.android.gms.chromesync/com.google/eM_ADDR:android"
          +1m39s168ms (2) 083 +sync=u0a25:"com.google.android.gms.chromesync/com.google/eM_ADDR"
          +1m39s301ms (2) 083 -job=u0a25:"com.google.android.gms.chromesync/com.google/eM_ADDR:android"
          +1m39s303ms (2) 083 -sync=u0a25:"com.google.android.gms.chromesync/com.google/eM_ADDR"
          +1m47s989ms (4) 083 current=-250 ap_temp=33 pst_temp=32 bat_temp=30 chg_temp=0 pa_temp=0 +job=u0a25:"com.google.android.gms.chromesync/com.google/eM_ADDR:android"
          +1m48s986ms (2) 083 +sync=u0a25:"com.google.android.gms.chromesync/com.google/eM_ADDR"
          +1m49s128ms (2) 083 -job=u0a25:"com.google.android.gms.chromesync/com.google/eM_ADDR:android"
          +1m49s130ms (2) 083 -sync=u0a25:"com.google.android.gms.chromesync/com.google/eM_ADDR"
          +1m58s026ms (4) 083 current=-241 ap_temp=33 pst_temp=32 bat_temp=30 chg_temp=0 pa_temp=0 +job=u0a25:"com.google.android.gms.chromesync/com.google/eM_ADDR:android"
          +1m58s641ms (2) 083 +sync=u0a25:"com.google.android.gms.chromesync/com.google/eM_ADDR"
          +1m58s773ms (2) 083 -job=u0a25:"com.google.android.gms.chromesync/com.google/eM_ADDR:android"
          +1m58s776ms (2) 083 -sync=u0a25:"com.google.android.gms.chromesync/com.google/eM_ADDR"
          +2m03s647ms (2) 083 -top=u0a103:"com.facebook.katana"
          +2m03s647ms (2) 083 +top=u0a74:"com.sec.android.app.launcher"
          +2m03s744ms (2) 083 +job=u0a75:"com.google.android.googlequicksearchbox/com.google.android.apps.gsa.tasks.BackgroundTasksJobService"
          +2m03s783ms (2) 083 -job=u0a75:"com.google.android.googlequicksearchbox/com.google.android.apps.gsa.tasks.BackgroundTasksJobService"
          +2m07s483ms (2) 083 stats=0:"dump"


2021-10-16 16:42:56,531:DEBUG:AndroidRunner.Adb:192.168.1.113:5555: "dumpsys batterystats | grep "Computed drain:"" returned: 
    Capacity: 3000, Computed drain: 10.6, actual drain: 0

2021-10-16 16:42:56,663:DEBUG:AndroidRunner.Adb:192.168.1.113:5555: "dumpsys batterystats | grep "volt="" returned: 
                    0 (1) 083 status=discharging health=good plug=none temp=313 volt=4065 current=-145 ap_temp=31 pst_temp=31 bat_temp=30 chg_temp=0 pa_temp=0 misc_event=0 online=1 current_event=0 charge=0 +running +wake_lock +wifi_radio +screen phone_state=off brightness=medium +wifi_running +wifi wifi_signal_strength=4 wifi_suppl=completed

2021-10-16 16:43:10,963:DEBUG:AndroidRunner.Adb:192.168.1.113:5555: "cat /proc/cpuinfo | grep processor | wc -l" returned: 
8

2021-10-16 16:43:11,025:DEBUG:AndroidRunner.Adb:192.168.1.113:5555: "getprop ro.build.version.sdk" returned: 
26

2021-10-16 16:43:16,311:ERROR:NativeExperiment:AttributeError: 'NoneType' object has no attribute 'group'
2021-10-16 16:43:16,513:DEBUG:AndroidRunner.Adb:192.168.1.113:5555: "dumpsys battery reset" returned: 

2021-10-16 16:43:16,513:INFO:Profilers:Stop profiling
2021-10-16 16:43:16,580:DEBUG:AndroidRunner.Adb:192.168.1.113:5555: "getprop ro.build.version.release" returned: 
8.0.0

2021-10-16 16:43:16,655:DEBUG:AndroidRunner.Adb:192.168.1.113:5555: "getprop ro.build.version.sdk" returned: 
26

2021-10-16 16:43:16,655:DEBUG:PluginHandler:Batterystats: j7duo2wifi (192.168.1.113:5555, Android 8.0.0, API level 26): Stop profiling
2021-10-16 16:43:16,655:INFO:Profilers:Unloading
2021-10-16 16:43:16,730:DEBUG:AndroidRunner.Adb:192.168.1.113:5555: "getprop ro.build.version.release" returned: 
8.0.0

2021-10-16 16:43:16,809:DEBUG:AndroidRunner.Adb:192.168.1.113:5555: "getprop ro.build.version.sdk" returned: 
26

2021-10-16 16:43:16,809:DEBUG:PluginHandler:Batterystats: j7duo2wifi (192.168.1.113:5555, Android 8.0.0, API level 26): Cleanup
2021-10-16 16:43:17,638:DEBUG:AndroidRunner.Adb:192.168.1.113:5555: "pm list packages" returned: 
package:com.samsung.android.provider.filterprovider
package:com.monotype.android.font.rosemary
package:com.sec.android.app.DataCreate
package:com.android.cts.priv.ctsshim
package:com.gd.mobicore.pa
package:com.sec.android.widgetapp.samsungapps
package:com.google.android.youtube
package:com.samsung.android.app.galaxyfinder
package:com.sec.location.nsflp2
package:com.samsung.android.themestore
package:com.sec.android.app.chromecustomizations
package:com.google.android.ext.services
package:com.android.providers.telephony
package:com.sec.android.app.parser
package:com.samsung.android.applock
package:com.google.android.googlequicksearchbox
package:com.samsung.android.calendar
package:com.android.providers.calendar
package:com.osp.app.signin
package:com.samsung.clipboardsaveservice
package:com.sec.automation
package:com.android.providers.media
package:com.google.android.onetimeinitializer
package:com.sec.android.mimage.gear360editor
package:com.google.android.ext.shared
package:com.android.wallpapercropper
package:com.samsung.android.provider.shootingmodeprovider
package:com.samsung.android.wallpaper.res
package:com.samsung.android.app.withtv
package:com.samsung.android.smartmirroring
package:com.skms.android.agent
package:com.sec.android.app.safetyassurance
package:com.samsung.android.incallui
package:com.samsung.android.knox.containercore
package:com.sec.factory.camera
package:com.sec.vsimservice
package:org.simalliance.openmobileapi.service
package:com.sec.usbsettings
package:com.samsung.android.easysetup
package:com.android.documentsui
package:android.auto_generated_rro__
package:com.android.externalstorage
package:com.sec.android.easyonehand
package:com.sec.android.app.camerabokehservice
package:com.sec.factory
package:com.samsung.android.provider.stickerprovider
package:com.android.htmlviewer
package:com.android.companiondevicemanager
package:com.android.mms.service
package:com.samsung.android.rubin.app
package:com.sec.android.wallpapercropper2
package:com.android.providers.downloads
package:com.diotek.sec.lookup.dictionary
package:com.sec.android.easyMover.Agent
package:com.samsung.ucs.agent.boot
package:com.wsomacp
package:com.samsung.faceservice
package:com.sec.android.app.voicenote
package:com.monotype.android.font.foundation
package:com.sec.android.widgetapp.easymodecontactswidget
package:com.samsung.android.email.provider
package:com.samsung.android.MtpApplication
package:com.sec.android.app.factorykeystring
package:com.sec.android.app.samsungapps
package:com.sec.android.emergencymode.service
package:com.google.android.configupdater
package:com.sec.android.app.wlantest
package:com.microsoft.office.excel
package:com.samsung.android.app.camera.sticker.facear.preload
package:com.sec.android.app.billing
package:com.sec.epdgtestapp
package:com.samsung.android.game.gamehome
package:com.android.defcontainer
package:com.sec.android.daemonapp
package:com.sec.ims
package:com.sec.sve
package:com.sec.enterprise.knox.attestation
package:com.android.providers.downloads.ui
package:com.android.vending
package:com.android.pacprocessor
package:com.dsi.ant.service.socket
package:com.sec.android.AutoPreconfig
package:com.microsoft.skydrive
package:com.samsung.android.SettingsReceiver
package:com.sec.android.app.soundalive
package:com.sec.android.providers.security
package:com.sec.android.provider.badge
package:com.android.certinstaller
package:com.samsung.android.securitylogagent
package:com.android.carrierconfig
package:com.google.android.marvin.talkback
package:com.samsung.android.knox.containeragent
package:com.samsung.android.app.assistantmenu
package:com.samsung.SMT
package:com.samsung.cmh
package:com.samsung.mlp
package:com.samsung.knox.securefolder.setuppage
package:com.sec.factory.iris.usercamera
package:android
package:com.samsung.android.app.multiwindow
package:com.samsung.android.sm.devicesecurity
package:com.dsi.ant.sample.acquirechannels
package:com.android.egg
package:com.android.mtp
package:com.android.stk
package:com.samsung.android.messaging
package:com.android.backupconfirm
package:com.samsung.klmsagent
package:com.instagram.android
package:com.sec.android.app.SecSetupWizard
package:com.android.statementservice
package:com.google.android.gm
package:com.google.android.apps.tachyon
package:com.sec.android.app.hwmoduletest
package:com.sec.bcservice
package:com.sec.modem.settings
package:com.sec.android.app.sysscope
package:com.samsung.android.providers.context
package:com.sec.android.app.servicemodeapp
package:com.sec.android.preloadinstaller
package:com.sec.android.uibcvirtualsoftkey
package:com.google.android.setupwizard
package:com.samsung.android.sdk.professionalaudio.utility.jammonitor
package:com.sec.android.gallery3d
package:com.android.providers.settings
package:com.sec.imsservice
package:com.android.sharedstoragebackup
package:com.facebook.services
package:com.google.android.music
package:com.samsung.android.mobileservice
package:com.android.printspooler
package:com.samsung.storyservice
package:com.android.dreams.basic
package:com.android.inputdevices
package:com.samsung.knox.securefolder
package:com.android.bips
package:com.android.stk2
package:com.samsung.android.game.gametools
package:com.samsung.android.app.simplesharing
package:com.samsung.android.da.daagent
package:com.samsung.android.app.reminder
package:com.samsung.android.timezone.autoupdate_O
package:com.samsung.android.smartcallprovider
package:com.google.android.apps.docs
package:com.google.android.apps.maps
package:com.sec.enterprise.mdm.vpn
package:com.dsi.ant.plugins.antplus
package:com.microsoft.office.word
package:com.samsung.advp.imssettings
package:com.samsung.android.location
package:com.sec.android.inputmethod
package:com.sec.android.app.clockpackage
package:com.sec.android.RilServiceModeApp
package:com.google.android.webview
package:com.sec.android.app.simsettingmgr
package:com.microsoft.office.powerpoint
package:com.android.server.telecom
package:com.google.android.syncadapters.contacts
package:com.sec.imslogger
package:com.samsung.android.clipboarduiservice
package:com.android.keychain
package:com.android.chrome
package:com.samsung.android.themecenter
package:com.google.android.packageinstaller
package:com.google.android.gms
package:com.google.android.gsf
package:com.google.android.tts
package:android.autoinstalls.config.samsung
package:com.android.calllogbackup
package:com.google.android.partnersetup
package:com.sec.android.diagmonagent
package:com.google.android.videos
package:com.sec.spp.push
package:com.android.carrierdefaultapp
package:com.dsi.ant.server
package:com.sec.android.app.myfiles
package:com.android.proxyhandler
package:com.samsung.android.allshare.service.fileshare
package:com.sec.android.mimage.photoretouching
package:com.sec.android.app.launcher
package:flipboard.boxer.app
package:com.google.android.feedback
package:com.google.android.printservice.recommendation
package:com.google.android.apps.photos
package:com.google.android.syncadapters.calendar
package:com.android.managedprovisioning
package:com.samsung.android.authfw
package:com.sec.android.app.sbrowser
package:com.monotype.android.font.chococooky
package:com.android.dreams.phototable
package:com.sec.android.service.health
package:com.samsung.safetyinformation
package:com.facebook.katana
package:com.samsung.android.dqagent
package:com.sec.android.app.ringtoneBR
package:com.android.providers.partnerbookmarks
package:com.example.test
package:com.samsung.android.app.accesscontrol
package:com.android.wallpaper.livepicker
package:com.samsung.android.beaconmanager
package:com.sec.enterprise.mdm.services.simpin
package:com.samsung.networkui
package:com.samsung.android.stickercenter
package:com.facebook.system
package:com.samsung.android.oneconnect
package:com.sec.android.app.popupcalculator
package:com.sec.android.soagent
package:org.mozilla.firefox
package:com.samsung.android.fmm
package:com.samsung.android.mdm
package:com.samsung.android.rlc
package:com.samsung.android.uds
package:com.samsung.android.voc
package:com.sec.android.app.shealth
package:com.sec.phone
package:com.google.android.backuptransport
package:com.samsung.android.samsungpass
package:com.android.storagemanager
package:com.samsung.android.scloud
package:com.samsung.android.app.soundpicker
package:com.sec.app.RilErrorNotifier
package:com.android.bookmarkprovider
package:com.linkedin.android
package:com.android.settings
package:com.samsung.app.newtrim
package:com.samsung.android.app.color
package:com.samsung.android.lool
package:com.samsung.android.app.notes
package:com.sec.android.app.bluetoothtest
package:com.samsung.android.app.spage
package:com.sec.android.emergencylauncher
package:com.sec.hearingadjust
package:com.samsung.android.dlp.service
package:com.samsung.android.bbc.bbcagent
package:com.knox.vpn.proxyhandler
package:com.android.cts.ctsshim
package:com.samsung.android.stickerplugin
package:com.sec.android.splitsound
package:com.wssnps
package:com.samsung.android.app.watchmanagerstub
package:com.samsung.android.svcagent
package:com.policydm
package:com.samsung.android.sdk.professionalaudio.app.audioconnectionservice
package:com.enhance.gameservice
package:com.samsung.android.shortcutbackupservice
package:com.android.vpndialogs
package:com.samsung.memorysaver
package:com.samsung.android.providers.contacts
package:com.samsung.dcmservice
package:com.android.phone
package:com.android.shell
package:com.android.wallpaperbackup
package:com.example.myapplication
package:com.android.providers.blockednumber
package:com.samsung.android.app.omcagent
package:com.hiya.star
package:com.android.providers.userdictionary
package:com.sec.enterprise.knox.cloudmdm.smdms
package:com.samsung.android.app.camera.sticker.stamp.preload
package:com.android.emergency
package:com.wssyncmldm
package:com.android.location.fused
package:com.samsung.android.samsungpassautofill
package:com.sec.epdg
package:com.android.systemui
package:com.sec.android.app.personalization
package:com.monotype.android.font.cooljazz
package:com.android.bluetoothmidiservice
package:com.samsung.android.sdk.handwriting
package:com.facebook.appmanager
package:com.samsung.android.app.clockpack
package:com.quicinc.trepn
package:com.samsung.aasaservice
package:com.samsung.android.allshare.service.mediashare
package:com.sec.android.app.fm
package:com.sec.android.provider.emergencymode
package:com.samsung.android.fingerprint.service
package:com.sec.android.app.camera
package:com.android.bluetooth
package:com.samsung.android.contacts
package:com.sec.android.app.magnifier
package:com.sec.android.widgetapp.webmanual
package:com.samsung.sec.android.application.csc
package:com.android.captiveportallogin
package:com.samsung.upsmtheme
package:com.samsung.android.coreapps
package:com.samsung.android.app.dofviewer
package:com.samsung.android.bio.face.service
package:com.samsung.android.video

2021-10-16 16:43:17,640:ERROR:root:AttributeError: 'NoneType' object has no attribute 'group'
2021-10-16 16:43:17,640:ERROR:root:An error occurred, the experiment has been stopped. To continue, add progress file argument to experiment startup: --progress /home/pi/external_hdd/android-runner/examples/batterystats/output/2021.10.16_164045/progress.xml
