2021-10-10 17:26:33,778:INFO:ExperimentFactory:/home/pi/external_hdd/android-runner/examples/batterystats/test_web.json
2021-10-10 17:26:33,821:DEBUG:AndroidRunner.Adb:Device list:
{0: '52004f53fe46357d'}
2021-10-10 17:26:33,821:INFO:Device:Setting logcat buffer size to 57344K
2021-10-10 17:26:33,905:DEBUG:AndroidRunner.Adb:52004f53fe46357d: "logcat -G 57344K" returned: 

2021-10-10 17:26:33,920:DEBUG:PluginHandler:batterystats: Initialized
2021-10-10 17:26:33,921:DEBUG:Python3:Imported /home/pi/external_hdd/android-runner/examples/batterystats/Scripts/before_experiment.py
2021-10-10 17:26:33,921:DEBUG:Python3:Imported /home/pi/external_hdd/android-runner/examples/batterystats/Scripts/before_run.py
2021-10-10 17:26:33,922:DEBUG:Python3:Imported /home/pi/external_hdd/android-runner/examples/batterystats/Scripts/after_launch.py
2021-10-10 17:26:33,922:DEBUG:Python3:Imported /home/pi/external_hdd/android-runner/examples/batterystats/Scripts/before_close.py
2021-10-10 17:26:33,923:DEBUG:Python3:Imported /home/pi/external_hdd/android-runner/examples/batterystats/Scripts/after_run.py
2021-10-10 17:26:33,923:DEBUG:Python3:Imported /home/pi/external_hdd/android-runner/examples/batterystats/Scripts/after_experiment.py
2021-10-10 17:26:34,000:DEBUG:AndroidRunner.Adb:52004f53fe46357d: "getprop ro.build.version.release" returned: 
8.0.0

2021-10-10 17:26:34,059:DEBUG:AndroidRunner.Adb:52004f53fe46357d: "getprop ro.build.version.sdk" returned: 
26

2021-10-10 17:26:34,060:INFO:NativeExperiment:Device: j7duo2 (52004f53fe46357d, Android 8.0.0, API level 26)
2021-10-10 17:26:34,060:INFO:Profilers:Loading
2021-10-10 17:26:34,119:DEBUG:AndroidRunner.Adb:52004f53fe46357d: "getprop ro.build.version.release" returned: 
8.0.0

2021-10-10 17:26:34,180:DEBUG:AndroidRunner.Adb:52004f53fe46357d: "getprop ro.build.version.sdk" returned: 
26

2021-10-10 17:26:34,181:DEBUG:PluginHandler:Batterystats: j7duo2 (52004f53fe46357d, Android 8.0.0, API level 26): Loading configuration
2021-10-10 17:26:34,181:INFO:Device:Default unplug
2021-10-10 17:26:34,240:DEBUG:AndroidRunner.Adb:52004f53fe46357d: "getprop ro.build.version.sdk" returned: 
26

2021-10-10 17:26:34,329:DEBUG:AndroidRunner.Adb:52004f53fe46357d: "dumpsys battery unplug" returned: 

2021-10-10 17:26:34,385:DEBUG:AndroidRunner.Adb:52004f53fe46357d: "getprop ro.build.version.release" returned: 
8.0.0

2021-10-10 17:26:34,442:DEBUG:AndroidRunner.Adb:52004f53fe46357d: "getprop ro.build.version.sdk" returned: 
26

2021-10-10 17:26:34,443:DEBUG:Scripts:Running hook before_experiment on device j7duo2 (52004f53fe46357d, Android 8.0.0, API level 26)
args: ()
kwargs: {}
2021-10-10 17:26:34,454:INFO:Python3:before_experiment.py
2021-10-10 17:26:34,456:DEBUG:Python3:before_experiment.py returned None
2021-10-10 17:26:34,459:INFO:Profilers:Setting output
2021-10-10 17:26:34,460:DEBUG:PluginHandler:Batterystats: Setting output: /home/pi/external_hdd/android-runner/examples/batterystats/output/2021.10.10_172633/data/j7duo2/org-mozilla-firefox/batterystats
2021-10-10 17:26:34,460:INFO:NativeExperiment:Run 1/2 of subject "org.mozilla.firefox" on j7duo2
2021-10-10 17:26:34,557:DEBUG:AndroidRunner.Adb:52004f53fe46357d: "logcat -c" returned: 

2021-10-10 17:26:34,557:INFO:NativeExperiment:Logcat cleared
2021-10-10 17:26:34,610:DEBUG:AndroidRunner.Adb:52004f53fe46357d: "getprop ro.build.version.release" returned: 
8.0.0

2021-10-10 17:26:34,664:DEBUG:AndroidRunner.Adb:52004f53fe46357d: "getprop ro.build.version.sdk" returned: 
26

2021-10-10 17:26:34,665:DEBUG:Scripts:Running hook before_run on device j7duo2 (52004f53fe46357d, Android 8.0.0, API level 26)
args: ()
kwargs: {}
2021-10-10 17:26:34,675:INFO:Python3:before_run.py
2021-10-10 17:26:34,677:DEBUG:Python3:before_run.py returned None
2021-10-10 17:26:35,488:DEBUG:AndroidRunner.Adb:52004f53fe46357d: "monkey -p org.mozilla.firefox 1" returned: 
  bash arg: -p
  bash arg: org.mozilla.firefox
  bash arg: 1
args: [-p, org.mozilla.firefox, 1]
 arg: "-p"
 arg: "org.mozilla.firefox"
 arg: "1"
data="org.mozilla.firefox"
Events injected: 1
## Network stats: elapsed time=42ms (0ms mobile, 0ms wifi, 42ms not connected)

2021-10-10 17:26:36,581:DEBUG:AndroidRunner.Adb:52004f53fe46357d: "dumpsys activity recents | grep "Recent #0" | cut -d "=" -f2 | grep -o -p "[a-z|.]*"" returned: 
org.mozilla.firefox.


2021-10-10 17:26:36,581:DEBUG:Device:Current activity: org.mozilla.firefox.
2021-10-10 17:26:36,647:DEBUG:AndroidRunner.Adb:52004f53fe46357d: "getprop ro.build.version.release" returned: 
8.0.0

2021-10-10 17:26:36,705:DEBUG:AndroidRunner.Adb:52004f53fe46357d: "getprop ro.build.version.sdk" returned: 
26

2021-10-10 17:26:36,706:DEBUG:Scripts:Running hook after_launch on device j7duo2 (52004f53fe46357d, Android 8.0.0, API level 26)
args: ('52004f53fe46357d', 'org.mozilla.firefox.')
kwargs: {}
2021-10-10 17:26:36,716:INFO:Python3:after_launch.py
2021-10-10 17:26:36,718:DEBUG:Python3:after_launch.py returned None
2021-10-10 17:26:36,721:INFO:Profilers:Start profiling
2021-10-10 17:26:36,780:DEBUG:AndroidRunner.Adb:52004f53fe46357d: "getprop ro.build.version.release" returned: 
8.0.0

2021-10-10 17:26:36,834:DEBUG:AndroidRunner.Adb:52004f53fe46357d: "getprop ro.build.version.sdk" returned: 
26

2021-10-10 17:26:36,834:DEBUG:PluginHandler:Batterystats: j7duo2 (52004f53fe46357d, Android 8.0.0, API level 26): Start profiling
2021-10-10 17:26:36,936:DEBUG:AndroidRunner.Adb:52004f53fe46357d: "dumpsys batterystats --reset" returned: 
Battery stats reset.

2021-10-10 17:26:37,018:DEBUG:AndroidRunner.Adb:52004f53fe46357d: "getprop ro.build.version.release" returned: 
8.0.0

2021-10-10 17:26:37,089:DEBUG:AndroidRunner.Adb:52004f53fe46357d: "getprop ro.build.version.sdk" returned: 
26

2021-10-10 17:26:37,090:DEBUG:Scripts:Running hook interaction on device j7duo2 (52004f53fe46357d, Android 8.0.0, API level 26)
args: (<AndroidRunner.NativeExperiment.NativeExperiment object at 0xb3877ef0>,)
kwargs: {}
2021-10-10 17:27:37,150:INFO:Profilers:Stop profiling
2021-10-10 17:27:37,264:DEBUG:AndroidRunner.Adb:52004f53fe46357d: "getprop ro.build.version.release" returned: 
8.0.0

2021-10-10 17:27:37,343:DEBUG:AndroidRunner.Adb:52004f53fe46357d: "getprop ro.build.version.sdk" returned: 
26

2021-10-10 17:27:37,345:DEBUG:PluginHandler:Batterystats: j7duo2 (52004f53fe46357d, Android 8.0.0, API level 26): Stop profiling
2021-10-10 17:27:37,442:DEBUG:AndroidRunner.Adb:52004f53fe46357d: "dumpsys activity recents | grep "Recent #0" | cut -d "=" -f2 | grep -o -p "[a-z|.]*"" returned: 
org.mozilla.firefox.


2021-10-10 17:27:37,443:DEBUG:Device:Current activity: org.mozilla.firefox.
2021-10-10 17:27:37,503:DEBUG:AndroidRunner.Adb:52004f53fe46357d: "getprop ro.build.version.release" returned: 
8.0.0

2021-10-10 17:27:37,578:DEBUG:AndroidRunner.Adb:52004f53fe46357d: "getprop ro.build.version.sdk" returned: 
26

2021-10-10 17:27:37,579:DEBUG:Scripts:Running hook before_close on device j7duo2 (52004f53fe46357d, Android 8.0.0, API level 26)
args: ('52004f53fe46357d', 'org.mozilla.firefox.')
kwargs: {}
2021-10-10 17:27:37,597:INFO:Python3:before_close.py
2021-10-10 17:27:37,599:DEBUG:Python3:before_close.py returned None
2021-10-10 17:27:37,775:DEBUG:AndroidRunner.Adb:52004f53fe46357d: "am force-stop org.mozilla.firefox" returned: 

2021-10-10 17:27:40,883:DEBUG:AndroidRunner.Adb:52004f53fe46357d: "getprop ro.build.version.release" returned: 
8.0.0

2021-10-10 17:27:40,954:DEBUG:AndroidRunner.Adb:52004f53fe46357d: "getprop ro.build.version.sdk" returned: 
26

2021-10-10 17:27:40,955:DEBUG:Scripts:Running hook after_run on device j7duo2 (52004f53fe46357d, Android 8.0.0, API level 26)
args: ()
kwargs: {}
2021-10-10 17:27:40,973:INFO:Python3:after_run.py
2021-10-10 17:27:41,827:DEBUG:AndroidRunner.Adb:52004f53fe46357d: "input tap 600 1000" returned: 

2021-10-10 17:27:41,829:DEBUG:Python3:after_run.py returned None
2021-10-10 17:27:41,837:INFO:Profilers:Collecting results
2021-10-10 17:27:41,937:DEBUG:AndroidRunner.Adb:52004f53fe46357d: "getprop ro.build.version.release" returned: 
8.0.0

2021-10-10 17:27:42,017:DEBUG:AndroidRunner.Adb:52004f53fe46357d: "getprop ro.build.version.sdk" returned: 
26

2021-10-10 17:27:42,018:DEBUG:PluginHandler:Batterystats: j7duo2 (52004f53fe46357d, Android 8.0.0, API level 26): Collecting data
2021-10-10 17:27:42,087:DEBUG:AndroidRunner.Adb:52004f53fe46357d: "getprop ro.build.version.sdk" returned: 
26

2021-10-10 17:27:42,238:DEBUG:AndroidRunner.Adb:52004f53fe46357d: "logcat -f /mnt/sdcard/logcat.txt -d" returned: 

2021-10-10 17:27:42,385:DEBUG:AndroidRunner.Adb:52004f53fe46357d: "rm -f /mnt/sdcard/logcat.txt" returned: 

2021-10-10 17:27:42,495:DEBUG:AndroidRunner.Adb:52004f53fe46357d: "dumpsys batterystats --history" returned: 
Battery History (0% used, 268 used of 512KB, 8 strings using 702):
                    0 (14) RESET:TIME: 2021-10-10-17-26-36
                    0 (1) 100 status=full health=good plug=none temp=258 volt=4256 current=-252 ap_temp=26 pst_temp=25 bat_temp=25 chg_temp=0 pa_temp=0 misc_event=0 online=4 current_event=0 charge=0 +running +wake_lock +wifi_radio +screen phone_state=off brightness=medium +wifi_running +wifi wifi_signal_strength=4 wifi_suppl=completed
                    0 (2) 100 fg=u0a22:"com.sec.android.app.samsungapps"
                    0 (2) 100 top=u0a165:"org.mozilla.firefox"
                    0 (2) 100 user=0:"0"
                    0 (2) 100 userfg=0:"0"
                +11ms (2) 100 stats=0:"dump"
               +371ms (2) 100 +job=u0a165:"org.mozilla.firefox/org.mozilla.gecko.dlc.DlcSyncService"
               +414ms (2) 100 +job=u0a165:"org.mozilla.firefox/org.mozilla.gecko.dlc.DlcStudyService"
               +420ms (2) 100 -job=u0a165:"org.mozilla.firefox/org.mozilla.gecko.dlc.DlcStudyService"
               +428ms (3) 100 +wifi_scan +wifi_multicast -job=u0a165:"org.mozilla.firefox/org.mozilla.gecko.dlc.DlcSyncService"
             +2s582ms (1) 100 -wifi_scan
             +3s199ms (3) 100 current=-476 ap_temp=28 pst_temp=25 bat_temp=25 chg_temp=0 pa_temp=0
            +13s223ms (3) 100 current=-411 ap_temp=29 pst_temp=25 bat_temp=25 chg_temp=0 pa_temp=0
            +23s249ms (3) 100 current=-132 ap_temp=29 pst_temp=25 bat_temp=25 chg_temp=0 pa_temp=0
            +33s272ms (3) 100 current=-6 ap_temp=31 pst_temp=25 bat_temp=25 chg_temp=0 pa_temp=0
            +43s306ms (3) 100 current=210 ap_temp=29 pst_temp=26 bat_temp=25 chg_temp=0 pa_temp=0
            +53s339ms (3) 100 current=238 ap_temp=28 pst_temp=26 bat_temp=25 chg_temp=0 pa_temp=0
          +1m00s842ms (2) 100 -top=u0a165:"org.mozilla.firefox"
          +1m00s842ms (3) 100 -wifi_multicast +top=u0a74:"com.sec.android.app.launcher"
          +1m00s962ms (2) 100 +job=u0a75:"com.google.android.googlequicksearchbox/com.google.android.apps.gsa.tasks.BackgroundTasksJobService"
          +1m00s987ms (2) 100 -job=u0a75:"com.google.android.googlequicksearchbox/com.google.android.apps.gsa.tasks.BackgroundTasksJobService"
          +1m03s371ms (3) 100 current=214 ap_temp=28 pst_temp=26 bat_temp=25 chg_temp=0 pa_temp=0
          +1m05s562ms (2) 100 stats=0:"dump"


2021-10-10 17:27:42,542:ERROR:NativeExperiment:FileNotFoundError: [Errno 2] No such file or directory: 'home/pi/framework-res/xml/power_profile.xml'
2021-10-10 17:27:42,639:DEBUG:AndroidRunner.Adb:52004f53fe46357d: "dumpsys battery reset" returned: 

2021-10-10 17:27:42,640:INFO:Profilers:Stop profiling
2021-10-10 17:27:42,724:DEBUG:AndroidRunner.Adb:52004f53fe46357d: "getprop ro.build.version.release" returned: 
8.0.0

2021-10-10 17:27:42,786:DEBUG:AndroidRunner.Adb:52004f53fe46357d: "getprop ro.build.version.sdk" returned: 
26

2021-10-10 17:27:42,787:DEBUG:PluginHandler:Batterystats: j7duo2 (52004f53fe46357d, Android 8.0.0, API level 26): Stop profiling
2021-10-10 17:27:42,787:INFO:Profilers:Unloading
2021-10-10 17:27:42,849:DEBUG:AndroidRunner.Adb:52004f53fe46357d: "getprop ro.build.version.release" returned: 
8.0.0

2021-10-10 17:27:42,904:DEBUG:AndroidRunner.Adb:52004f53fe46357d: "getprop ro.build.version.sdk" returned: 
26

2021-10-10 17:27:42,905:DEBUG:PluginHandler:Batterystats: j7duo2 (52004f53fe46357d, Android 8.0.0, API level 26): Cleanup
2021-10-10 17:27:43,656:DEBUG:AndroidRunner.Adb:52004f53fe46357d: "pm list packages" returned: 
package:com.samsung.android.provider.filterprovider
package:com.monotype.android.font.rosemary
package:com.sec.android.app.DataCreate
package:com.android.cts.priv.ctsshim
package:com.gd.mobicore.pa
package:com.sec.android.widgetapp.samsungapps
package:com.google.android.youtube
package:com.samsung.android.app.galaxyfinder
package:com.sec.location.nsflp2
package:com.samsung.android.themestore
package:com.sec.android.app.chromecustomizations
package:com.google.android.ext.services
package:com.android.providers.telephony
package:com.sec.android.app.parser
package:com.samsung.android.applock
package:com.google.android.googlequicksearchbox
package:com.samsung.android.calendar
package:com.android.providers.calendar
package:com.osp.app.signin
package:com.samsung.clipboardsaveservice
package:com.sec.automation
package:com.android.providers.media
package:com.google.android.onetimeinitializer
package:com.sec.android.mimage.gear360editor
package:com.google.android.ext.shared
package:com.android.wallpapercropper
package:com.samsung.android.provider.shootingmodeprovider
package:com.samsung.android.wallpaper.res
package:com.samsung.android.app.withtv
package:com.samsung.android.smartmirroring
package:com.skms.android.agent
package:com.sec.android.app.safetyassurance
package:com.samsung.android.incallui
package:com.samsung.android.knox.containercore
package:com.sec.factory.camera
package:com.sec.vsimservice
package:org.simalliance.openmobileapi.service
package:com.sec.usbsettings
package:com.samsung.android.easysetup
package:com.android.documentsui
package:android.auto_generated_rro__
package:com.android.externalstorage
package:com.sec.android.easyonehand
package:com.sec.android.app.camerabokehservice
package:com.sec.factory
package:com.samsung.android.provider.stickerprovider
package:com.android.htmlviewer
package:com.android.companiondevicemanager
package:com.android.mms.service
package:com.samsung.android.rubin.app
package:com.sec.android.wallpapercropper2
package:com.android.providers.downloads
package:com.diotek.sec.lookup.dictionary
package:com.sec.android.easyMover.Agent
package:com.samsung.ucs.agent.boot
package:com.wsomacp
package:com.samsung.faceservice
package:com.sec.android.app.voicenote
package:com.monotype.android.font.foundation
package:com.sec.android.widgetapp.easymodecontactswidget
package:com.samsung.android.email.provider
package:com.samsung.android.MtpApplication
package:com.sec.android.app.factorykeystring
package:com.sec.android.app.samsungapps
package:com.sec.android.emergencymode.service
package:com.google.android.configupdater
package:com.sec.android.app.wlantest
package:com.microsoft.office.excel
package:com.samsung.android.app.camera.sticker.facear.preload
package:com.sec.android.app.billing
package:com.sec.epdgtestapp
package:com.samsung.android.game.gamehome
package:com.android.defcontainer
package:com.sec.android.daemonapp
package:com.sec.ims
package:com.sec.sve
package:com.sec.enterprise.knox.attestation
package:com.android.providers.downloads.ui
package:com.android.vending
package:com.android.pacprocessor
package:com.dsi.ant.service.socket
package:com.sec.android.AutoPreconfig
package:com.microsoft.skydrive
package:com.samsung.android.SettingsReceiver
package:com.sec.android.app.soundalive
package:com.sec.android.providers.security
package:com.sec.android.provider.badge
package:com.android.certinstaller
package:com.samsung.android.securitylogagent
package:com.android.carrierconfig
package:com.google.android.marvin.talkback
package:com.samsung.android.knox.containeragent
package:com.samsung.android.app.assistantmenu
package:com.samsung.SMT
package:com.samsung.cmh
package:com.samsung.mlp
package:com.samsung.knox.securefolder.setuppage
package:com.sec.factory.iris.usercamera
package:android
package:com.samsung.android.app.multiwindow
package:com.samsung.android.sm.devicesecurity
package:com.dsi.ant.sample.acquirechannels
package:com.android.egg
package:com.android.mtp
package:com.android.stk
package:com.samsung.android.messaging
package:com.android.backupconfirm
package:com.samsung.klmsagent
package:com.sec.android.app.SecSetupWizard
package:com.android.statementservice
package:com.google.android.gm
package:com.google.android.apps.tachyon
package:com.sec.android.app.hwmoduletest
package:com.sec.bcservice
package:com.sec.modem.settings
package:com.sec.android.app.sysscope
package:com.samsung.android.providers.context
package:com.sec.android.app.servicemodeapp
package:com.sec.android.preloadinstaller
package:com.sec.android.uibcvirtualsoftkey
package:com.google.android.setupwizard
package:com.samsung.android.sdk.professionalaudio.utility.jammonitor
package:com.sec.android.gallery3d
package:com.android.providers.settings
package:com.sec.imsservice
package:com.android.sharedstoragebackup
package:com.facebook.services
package:com.google.android.music
package:com.samsung.android.mobileservice
package:com.android.printspooler
package:com.samsung.storyservice
package:com.android.dreams.basic
package:com.android.inputdevices
package:com.samsung.knox.securefolder
package:com.android.bips
package:com.android.stk2
package:com.samsung.android.game.gametools
package:com.samsung.android.app.simplesharing
package:com.samsung.android.da.daagent
package:com.samsung.android.app.reminder
package:com.samsung.android.timezone.autoupdate_O
package:com.samsung.android.smartcallprovider
package:com.google.android.apps.docs
package:com.google.android.apps.maps
package:com.sec.enterprise.mdm.vpn
package:com.dsi.ant.plugins.antplus
package:com.microsoft.office.word
package:com.samsung.advp.imssettings
package:com.samsung.android.location
package:com.sec.android.inputmethod
package:com.sec.android.app.clockpackage
package:com.sec.android.RilServiceModeApp
package:com.google.android.webview
package:com.sec.android.app.simsettingmgr
package:com.microsoft.office.powerpoint
package:com.android.server.telecom
package:com.google.android.syncadapters.contacts
package:com.sec.imslogger
package:com.samsung.android.clipboarduiservice
package:com.android.keychain
package:com.android.chrome
package:com.samsung.android.themecenter
package:com.google.android.packageinstaller
package:com.google.android.gms
package:com.google.android.gsf
package:com.google.android.tts
package:android.autoinstalls.config.samsung
package:com.android.calllogbackup
package:com.google.android.partnersetup
package:com.sec.android.diagmonagent
package:com.google.android.videos
package:com.sec.spp.push
package:com.android.carrierdefaultapp
package:com.dsi.ant.server
package:com.sec.android.app.myfiles
package:com.android.proxyhandler
package:com.samsung.android.allshare.service.fileshare
package:com.sec.android.mimage.photoretouching
package:com.sec.android.app.launcher
package:flipboard.boxer.app
package:com.google.android.feedback
package:com.google.android.printservice.recommendation
package:com.google.android.apps.photos
package:com.google.android.syncadapters.calendar
package:com.android.managedprovisioning
package:com.samsung.android.authfw
package:com.sec.android.app.sbrowser
package:com.monotype.android.font.chococooky
package:com.android.dreams.phototable
package:com.sec.android.service.health
package:com.samsung.safetyinformation
package:com.facebook.katana
package:com.samsung.android.dqagent
package:com.sec.android.app.ringtoneBR
package:com.android.providers.partnerbookmarks
package:com.example.test
package:com.samsung.android.app.accesscontrol
package:com.android.wallpaper.livepicker
package:com.samsung.android.beaconmanager
package:com.sec.enterprise.mdm.services.simpin
package:com.samsung.networkui
package:com.samsung.android.stickercenter
package:com.facebook.system
package:com.samsung.android.oneconnect
package:com.sec.android.app.popupcalculator
package:com.sec.android.soagent
package:org.mozilla.firefox
package:com.samsung.android.fmm
package:com.samsung.android.mdm
package:com.samsung.android.rlc
package:com.samsung.android.uds
package:com.samsung.android.voc
package:com.sec.android.app.shealth
package:com.sec.phone
package:com.google.android.backuptransport
package:com.samsung.android.samsungpass
package:com.android.storagemanager
package:com.samsung.android.scloud
package:com.samsung.android.app.soundpicker
package:com.sec.app.RilErrorNotifier
package:com.android.bookmarkprovider
package:com.linkedin.android
package:com.android.settings
package:com.samsung.app.newtrim
package:com.samsung.android.app.color
package:com.samsung.android.lool
package:com.samsung.android.app.notes
package:com.sec.android.app.bluetoothtest
package:com.samsung.android.app.spage
package:com.sec.android.emergencylauncher
package:com.sec.hearingadjust
package:com.samsung.android.dlp.service
package:com.samsung.android.bbc.bbcagent
package:com.knox.vpn.proxyhandler
package:com.android.cts.ctsshim
package:com.samsung.android.stickerplugin
package:com.sec.android.splitsound
package:com.wssnps
package:com.samsung.android.app.watchmanagerstub
package:com.samsung.android.svcagent
package:com.policydm
package:com.samsung.android.sdk.professionalaudio.app.audioconnectionservice
package:com.enhance.gameservice
package:com.samsung.android.shortcutbackupservice
package:com.android.vpndialogs
package:com.samsung.memorysaver
package:com.samsung.android.providers.contacts
package:com.samsung.dcmservice
package:com.android.phone
package:com.android.shell
package:com.android.wallpaperbackup
package:com.example.myapplication
package:com.android.providers.blockednumber
package:com.samsung.android.app.omcagent
package:com.hiya.star
package:com.android.providers.userdictionary
package:com.sec.enterprise.knox.cloudmdm.smdms
package:com.samsung.android.app.camera.sticker.stamp.preload
package:com.android.emergency
package:com.wssyncmldm
package:com.android.location.fused
package:com.samsung.android.samsungpassautofill
package:com.sec.epdg
package:com.android.systemui
package:com.sec.android.app.personalization
package:com.monotype.android.font.cooljazz
package:com.android.bluetoothmidiservice
package:com.samsung.android.sdk.handwriting
package:com.facebook.appmanager
package:com.samsung.android.app.clockpack
package:com.quicinc.trepn
package:com.samsung.aasaservice
package:com.samsung.android.allshare.service.mediashare
package:com.sec.android.app.fm
package:com.sec.android.provider.emergencymode
package:com.samsung.android.fingerprint.service
package:com.sec.android.app.camera
package:com.android.bluetooth
package:com.samsung.android.contacts
package:com.sec.android.app.magnifier
package:com.sec.android.widgetapp.webmanual
package:com.samsung.sec.android.application.csc
package:com.android.captiveportallogin
package:com.samsung.upsmtheme
package:com.samsung.android.coreapps
package:com.samsung.android.app.dofviewer
package:com.samsung.android.bio.face.service
package:com.samsung.android.video

2021-10-10 17:27:43,659:ERROR:root:FileNotFoundError: [Errno 2] No such file or directory: 'home/pi/framework-res/xml/power_profile.xml'
2021-10-10 17:27:43,660:ERROR:root:An error occurred, the experiment has been stopped. To continue, add progress file argument to experiment startup: --progress /home/pi/external_hdd/android-runner/examples/batterystats/output/2021.10.10_172633/progress.xml
