2021-10-10 17:52:52,454:INFO:ExperimentFactory:/home/pi/external_hdd/android-runner/examples/batterystats/test_native.json
2021-10-10 17:52:52,497:DEBUG:AndroidRunner.Adb:Device list:
{0: '52004f53fe46357d'}
2021-10-10 17:52:52,498:INFO:Device:Setting logcat buffer size to 57344K
2021-10-10 17:52:52,587:DEBUG:AndroidRunner.Adb:52004f53fe46357d: "logcat -G 57344K" returned: 

2021-10-10 17:52:52,602:DEBUG:PluginHandler:batterystats: Initialized
2021-10-10 17:52:52,602:DEBUG:Python3:Imported /home/pi/external_hdd/android-runner/examples/batterystats/HScripts/before_experiment.py
2021-10-10 17:52:52,603:DEBUG:Python3:Imported /home/pi/external_hdd/android-runner/examples/batterystats/HScripts/before_run.py
2021-10-10 17:52:52,603:DEBUG:Python3:Imported /home/pi/external_hdd/android-runner/examples/batterystats/HScripts/after_launch.py
2021-10-10 17:52:52,604:DEBUG:Python3:Imported /home/pi/external_hdd/android-runner/examples/batterystats/HScripts/interaction.py
2021-10-10 17:52:52,605:DEBUG:Python3:Imported /home/pi/external_hdd/android-runner/examples/batterystats/HScripts/before_close.py
2021-10-10 17:52:52,605:DEBUG:Python3:Imported /home/pi/external_hdd/android-runner/examples/batterystats/HScripts/after_run.py
2021-10-10 17:52:52,606:DEBUG:Python3:Imported /home/pi/external_hdd/android-runner/examples/batterystats/HScripts/after_experiment.py
2021-10-10 17:52:52,691:DEBUG:AndroidRunner.Adb:52004f53fe46357d: "getprop ro.build.version.release" returned: 
8.0.0

2021-10-10 17:52:52,757:DEBUG:AndroidRunner.Adb:52004f53fe46357d: "getprop ro.build.version.sdk" returned: 
26

2021-10-10 17:52:52,758:INFO:NativeExperiment:Device: j7duo2 (52004f53fe46357d, Android 8.0.0, API level 26)
2021-10-10 17:52:52,758:INFO:Profilers:Loading
2021-10-10 17:52:52,819:DEBUG:AndroidRunner.Adb:52004f53fe46357d: "getprop ro.build.version.release" returned: 
8.0.0

2021-10-10 17:52:52,879:DEBUG:AndroidRunner.Adb:52004f53fe46357d: "getprop ro.build.version.sdk" returned: 
26

2021-10-10 17:52:52,879:DEBUG:PluginHandler:Batterystats: j7duo2 (52004f53fe46357d, Android 8.0.0, API level 26): Loading configuration
2021-10-10 17:52:52,880:INFO:Device:Default unplug
2021-10-10 17:52:52,940:DEBUG:AndroidRunner.Adb:52004f53fe46357d: "getprop ro.build.version.sdk" returned: 
26

2021-10-10 17:52:53,021:DEBUG:AndroidRunner.Adb:52004f53fe46357d: "dumpsys battery unplug" returned: 

2021-10-10 17:52:53,079:DEBUG:AndroidRunner.Adb:52004f53fe46357d: "getprop ro.build.version.release" returned: 
8.0.0

2021-10-10 17:52:53,149:DEBUG:AndroidRunner.Adb:52004f53fe46357d: "getprop ro.build.version.sdk" returned: 
26

2021-10-10 17:52:53,150:DEBUG:Scripts:Running hook before_experiment on device j7duo2 (52004f53fe46357d, Android 8.0.0, API level 26)
args: ()
kwargs: {}
2021-10-10 17:52:53,161:INFO:Python3:before_experiment.py
2021-10-10 17:52:53,162:DEBUG:Python3:before_experiment.py returned None
2021-10-10 17:52:53,166:INFO:Profilers:Setting output
2021-10-10 17:52:53,167:DEBUG:PluginHandler:Batterystats: Setting output: /home/pi/external_hdd/android-runner/examples/batterystats/output/2021.10.10_175252/data/j7duo2/com-facebook-katana/batterystats
2021-10-10 17:52:53,167:INFO:NativeExperiment:Run 1/2 of subject "com.facebook.katana" on j7duo2
2021-10-10 17:52:53,229:DEBUG:AndroidRunner.Adb:52004f53fe46357d: "logcat -c" returned: 

2021-10-10 17:52:53,229:INFO:NativeExperiment:Logcat cleared
2021-10-10 17:52:53,280:DEBUG:AndroidRunner.Adb:52004f53fe46357d: "getprop ro.build.version.release" returned: 
8.0.0

2021-10-10 17:52:53,332:DEBUG:AndroidRunner.Adb:52004f53fe46357d: "getprop ro.build.version.sdk" returned: 
26

2021-10-10 17:52:53,333:DEBUG:Scripts:Running hook before_run on device j7duo2 (52004f53fe46357d, Android 8.0.0, API level 26)
args: ()
kwargs: {}
2021-10-10 17:52:53,344:INFO:Python3:before_run.py
2021-10-10 17:52:53,345:DEBUG:Python3:before_run.py returned None
2021-10-10 17:52:54,122:DEBUG:AndroidRunner.Adb:52004f53fe46357d: "monkey -p com.facebook.katana 1" returned: 
  bash arg: -p
  bash arg: com.facebook.katana
  bash arg: 1
args: [-p, com.facebook.katana, 1]
 arg: "-p"
 arg: "com.facebook.katana"
 arg: "1"
data="com.facebook.katana"
Events injected: 1
## Network stats: elapsed time=34ms (0ms mobile, 0ms wifi, 34ms not connected)

2021-10-10 17:52:55,212:DEBUG:AndroidRunner.Adb:52004f53fe46357d: "dumpsys activity recents | grep "Recent #0" | cut -d "=" -f2 | grep -o -p "[a-z|.]*"" returned: 
com.facebook.katana


2021-10-10 17:52:55,213:DEBUG:Device:Current activity: com.facebook.katana
2021-10-10 17:52:55,273:DEBUG:AndroidRunner.Adb:52004f53fe46357d: "getprop ro.build.version.release" returned: 
8.0.0

2021-10-10 17:52:55,340:DEBUG:AndroidRunner.Adb:52004f53fe46357d: "getprop ro.build.version.sdk" returned: 
26

2021-10-10 17:52:55,341:DEBUG:Scripts:Running hook after_launch on device j7duo2 (52004f53fe46357d, Android 8.0.0, API level 26)
args: ('52004f53fe46357d', 'com.facebook.katana')
kwargs: {}
2021-10-10 17:52:55,359:INFO:Python3:after_launch.py
2021-10-10 17:52:55,361:DEBUG:Python3:after_launch.py returned None
2021-10-10 17:52:55,367:INFO:Profilers:Start profiling
2021-10-10 17:52:55,434:DEBUG:AndroidRunner.Adb:52004f53fe46357d: "getprop ro.build.version.release" returned: 
8.0.0

2021-10-10 17:52:55,510:DEBUG:AndroidRunner.Adb:52004f53fe46357d: "getprop ro.build.version.sdk" returned: 
26

2021-10-10 17:52:55,511:DEBUG:PluginHandler:Batterystats: j7duo2 (52004f53fe46357d, Android 8.0.0, API level 26): Start profiling
2021-10-10 17:52:55,637:DEBUG:AndroidRunner.Adb:52004f53fe46357d: "dumpsys batterystats --reset" returned: 
Battery stats reset.

2021-10-10 17:52:55,741:DEBUG:AndroidRunner.Adb:52004f53fe46357d: "getprop ro.build.version.release" returned: 
8.0.0

2021-10-10 17:52:55,793:DEBUG:AndroidRunner.Adb:52004f53fe46357d: "getprop ro.build.version.sdk" returned: 
26

2021-10-10 17:52:55,794:DEBUG:Scripts:Running hook interaction on device j7duo2 (52004f53fe46357d, Android 8.0.0, API level 26)
args: (<AndroidRunner.NativeExperiment.NativeExperiment object at 0xb3816ef0>,)
kwargs: {}
2021-10-10 17:52:55,806:INFO:Python3:interaction.py
2021-10-10 17:52:55,888:DEBUG:AndroidRunner.Adb:52004f53fe46357d: "logcat -d | grep "some keyword"" returned: 
10-10 17:52:55.826  1160  1160 E adbd    : service_to_fd: shell,v2,TERM=xterm-256color,raw:logcat -d | grep "some keyword"

2021-10-10 17:53:25,924:INFO:Profilers:Stop profiling
2021-10-10 17:53:26,024:DEBUG:AndroidRunner.Adb:52004f53fe46357d: "getprop ro.build.version.release" returned: 
8.0.0

2021-10-10 17:53:26,109:DEBUG:AndroidRunner.Adb:52004f53fe46357d: "getprop ro.build.version.sdk" returned: 
26

2021-10-10 17:53:26,110:DEBUG:PluginHandler:Batterystats: j7duo2 (52004f53fe46357d, Android 8.0.0, API level 26): Stop profiling
2021-10-10 17:53:26,214:DEBUG:AndroidRunner.Adb:52004f53fe46357d: "dumpsys activity recents | grep "Recent #0" | cut -d "=" -f2 | grep -o -p "[a-z|.]*"" returned: 
com.facebook.katana


2021-10-10 17:53:26,215:DEBUG:Device:Current activity: com.facebook.katana
2021-10-10 17:53:26,287:DEBUG:AndroidRunner.Adb:52004f53fe46357d: "getprop ro.build.version.release" returned: 
8.0.0

2021-10-10 17:53:26,374:DEBUG:AndroidRunner.Adb:52004f53fe46357d: "getprop ro.build.version.sdk" returned: 
26

2021-10-10 17:53:26,376:DEBUG:Scripts:Running hook before_close on device j7duo2 (52004f53fe46357d, Android 8.0.0, API level 26)
args: ('52004f53fe46357d', 'com.facebook.katana')
kwargs: {}
2021-10-10 17:53:26,394:INFO:Python3:before_close.py
2021-10-10 17:53:26,396:DEBUG:Python3:before_close.py returned None
2021-10-10 17:53:26,586:DEBUG:AndroidRunner.Adb:52004f53fe46357d: "am force-stop com.facebook.katana" returned: 

2021-10-10 17:53:29,696:DEBUG:AndroidRunner.Adb:52004f53fe46357d: "getprop ro.build.version.release" returned: 
8.0.0

2021-10-10 17:53:29,770:DEBUG:AndroidRunner.Adb:52004f53fe46357d: "getprop ro.build.version.sdk" returned: 
26

2021-10-10 17:53:29,770:DEBUG:Scripts:Running hook after_run on device j7duo2 (52004f53fe46357d, Android 8.0.0, API level 26)
args: ()
kwargs: {}
2021-10-10 17:53:29,787:INFO:Python3:after_run.py
2021-10-10 17:53:30,502:DEBUG:AndroidRunner.Adb:52004f53fe46357d: "input tap 600 1000" returned: 

2021-10-10 17:53:30,503:DEBUG:Python3:after_run.py returned None
2021-10-10 17:53:30,510:INFO:Profilers:Collecting results
2021-10-10 17:53:30,616:DEBUG:AndroidRunner.Adb:52004f53fe46357d: "getprop ro.build.version.release" returned: 
8.0.0

2021-10-10 17:53:30,698:DEBUG:AndroidRunner.Adb:52004f53fe46357d: "getprop ro.build.version.sdk" returned: 
26

2021-10-10 17:53:30,699:DEBUG:PluginHandler:Batterystats: j7duo2 (52004f53fe46357d, Android 8.0.0, API level 26): Collecting data
2021-10-10 17:53:30,772:DEBUG:AndroidRunner.Adb:52004f53fe46357d: "getprop ro.build.version.sdk" returned: 
26

2021-10-10 17:53:30,894:DEBUG:AndroidRunner.Adb:52004f53fe46357d: "logcat -f /mnt/sdcard/logcat.txt -d" returned: 

2021-10-10 17:53:31,052:DEBUG:AndroidRunner.Adb:52004f53fe46357d: "rm -f /mnt/sdcard/logcat.txt" returned: 

2021-10-10 17:53:31,148:DEBUG:AndroidRunner.Adb:52004f53fe46357d: "dumpsys batterystats --history" returned: 
Battery History (0% used, 208 used of 512KB, 9 strings using 562):
                    0 (14) RESET:TIME: 2021-10-10-17-52-55
                    0 (1) 100 status=full health=good plug=none temp=271 volt=4254 current=-132 ap_temp=28 pst_temp=28 bat_temp=27 chg_temp=0 pa_temp=0 misc_event=0 online=4 current_event=0 charge=0 +running +wake_lock +wifi_radio +screen phone_state=off brightness=medium +wifi_running +wifi wifi_signal_strength=4 wifi_suppl=completed
                    0 (2) 100 fg=u0a22:"com.sec.android.app.samsungapps"
                    0 (2) 100 top=u0a103:"com.facebook.katana"
                    0 (2) 100 user=0:"0"
                    0 (2) 100 userfg=0:"0"
                +14ms (2) 100 stats=0:"dump"
               +118ms (3) 100 current=-314 ap_temp=29 pst_temp=28 bat_temp=27 chg_temp=0 pa_temp=0
            +10s148ms (3) 100 current=-217 ap_temp=28 pst_temp=28 bat_temp=27 chg_temp=0 pa_temp=0
            +15s294ms (2) 100 -wifi_radio stats=0:"wifi-data: inactive"
            +15s521ms (2) 100 +wifi_radio wakeupap=1000:""
            +15s525ms (2) 100 stats=0:"wifi-data: active"
            +20s181ms (3) 100 current=-203 ap_temp=28 pst_temp=28 bat_temp=27 chg_temp=0 pa_temp=0
            +30s209ms (4) 100 current=-199 ap_temp=28 pst_temp=28 bat_temp=27 chg_temp=0 pa_temp=0 -top=u0a103:"com.facebook.katana"
            +30s961ms (2) 100 +top=u0a74:"com.sec.android.app.launcher"
            +31s057ms (2) 100 +job=u0a75:"com.google.android.googlequicksearchbox/com.google.android.apps.gsa.tasks.BackgroundTasksJobService"
            +31s089ms (2) 100 -job=u0a75:"com.google.android.googlequicksearchbox/com.google.android.apps.gsa.tasks.BackgroundTasksJobService"
            +35s521ms (2) 100 stats=0:"dump"


2021-10-10 17:53:31,318:DEBUG:AndroidRunner.Adb:52004f53fe46357d: "dumpsys batterystats | grep "Computed drain:"" returned: 
    Capacity: 3000, Computed drain: 2.03, actual drain: 0

2021-10-10 17:53:31,442:DEBUG:AndroidRunner.Adb:52004f53fe46357d: "dumpsys batterystats | grep "volt="" returned: 
                    0 (1) 100 status=full health=good plug=none temp=271 volt=4254 current=-132 ap_temp=28 pst_temp=28 bat_temp=27 chg_temp=0 pa_temp=0 misc_event=0 online=4 current_event=0 charge=0 +running +wake_lock +wifi_radio +screen phone_state=off brightness=medium +wifi_running +wifi wifi_signal_strength=4 wifi_suppl=completed

2021-10-10 17:53:35,409:DEBUG:AndroidRunner.Adb:52004f53fe46357d: "cat /proc/cpuinfo | grep processor | wc -l" returned: 
8

2021-10-10 17:53:35,471:DEBUG:AndroidRunner.Adb:52004f53fe46357d: "getprop ro.build.version.sdk" returned: 
26

2021-10-10 17:53:43,961:INFO:NativeExperiment:Sleeping for 10000 milliseconds
2021-10-10 17:53:53,978:INFO:Profilers:Setting output
2021-10-10 17:53:53,979:DEBUG:PluginHandler:Batterystats: Setting output: /home/pi/external_hdd/android-runner/examples/batterystats/output/2021.10.10_175252/data/j7duo2/org-mozilla-firefox/batterystats
2021-10-10 17:53:53,980:INFO:NativeExperiment:Run 1/2 of subject "org.mozilla.firefox" on j7duo2
2021-10-10 17:53:54,099:DEBUG:AndroidRunner.Adb:52004f53fe46357d: "logcat -c" returned: 

2021-10-10 17:53:54,100:INFO:NativeExperiment:Logcat cleared
2021-10-10 17:53:54,183:DEBUG:AndroidRunner.Adb:52004f53fe46357d: "getprop ro.build.version.release" returned: 
8.0.0

2021-10-10 17:53:54,264:DEBUG:AndroidRunner.Adb:52004f53fe46357d: "getprop ro.build.version.sdk" returned: 
26

2021-10-10 17:53:54,265:DEBUG:Scripts:Running hook before_run on device j7duo2 (52004f53fe46357d, Android 8.0.0, API level 26)
args: ()
kwargs: {}
2021-10-10 17:53:54,282:INFO:Python3:before_run.py
2021-10-10 17:53:54,283:DEBUG:Python3:before_run.py returned None
2021-10-10 17:53:55,131:DEBUG:AndroidRunner.Adb:52004f53fe46357d: "monkey -p org.mozilla.firefox 1" returned: 
  bash arg: -p
  bash arg: org.mozilla.firefox
  bash arg: 1
args: [-p, org.mozilla.firefox, 1]
 arg: "-p"
 arg: "org.mozilla.firefox"
 arg: "1"
data="org.mozilla.firefox"
Events injected: 1
## Network stats: elapsed time=42ms (0ms mobile, 0ms wifi, 42ms not connected)

2021-10-10 17:53:56,261:DEBUG:AndroidRunner.Adb:52004f53fe46357d: "dumpsys activity recents | grep "Recent #0" | cut -d "=" -f2 | grep -o -p "[a-z|.]*"" returned: 
org.mozilla.firefox.


2021-10-10 17:53:56,266:DEBUG:Device:Current activity: org.mozilla.firefox.
2021-10-10 17:53:56,348:DEBUG:AndroidRunner.Adb:52004f53fe46357d: "getprop ro.build.version.release" returned: 
8.0.0

2021-10-10 17:53:56,414:DEBUG:AndroidRunner.Adb:52004f53fe46357d: "getprop ro.build.version.sdk" returned: 
26

2021-10-10 17:53:56,416:DEBUG:Scripts:Running hook after_launch on device j7duo2 (52004f53fe46357d, Android 8.0.0, API level 26)
args: ('52004f53fe46357d', 'org.mozilla.firefox.')
kwargs: {}
2021-10-10 17:53:56,434:INFO:Python3:after_launch.py
2021-10-10 17:53:56,436:DEBUG:Python3:after_launch.py returned None
2021-10-10 17:53:56,441:INFO:Profilers:Start profiling
2021-10-10 17:53:56,511:DEBUG:AndroidRunner.Adb:52004f53fe46357d: "getprop ro.build.version.release" returned: 
8.0.0

2021-10-10 17:53:56,581:DEBUG:AndroidRunner.Adb:52004f53fe46357d: "getprop ro.build.version.sdk" returned: 
26

2021-10-10 17:53:56,582:DEBUG:PluginHandler:Batterystats: j7duo2 (52004f53fe46357d, Android 8.0.0, API level 26): Start profiling
2021-10-10 17:53:56,681:DEBUG:AndroidRunner.Adb:52004f53fe46357d: "dumpsys batterystats --reset" returned: 
Battery stats reset.

2021-10-10 17:53:56,773:DEBUG:AndroidRunner.Adb:52004f53fe46357d: "getprop ro.build.version.release" returned: 
8.0.0

2021-10-10 17:53:56,841:DEBUG:AndroidRunner.Adb:52004f53fe46357d: "getprop ro.build.version.sdk" returned: 
26

2021-10-10 17:53:56,841:DEBUG:Scripts:Running hook interaction on device j7duo2 (52004f53fe46357d, Android 8.0.0, API level 26)
args: (<AndroidRunner.NativeExperiment.NativeExperiment object at 0xb3816ef0>,)
kwargs: {}
2021-10-10 17:53:56,854:INFO:Python3:interaction.py
2021-10-10 17:53:56,958:DEBUG:AndroidRunner.Adb:52004f53fe46357d: "logcat -d | grep "some keyword"" returned: 
10-10 17:53:56.874  1160  1160 E adbd    : service_to_fd: shell,v2,TERM=xterm-256color,raw:logcat -d | grep "some keyword"

2021-10-10 17:54:26,994:INFO:Profilers:Stop profiling
2021-10-10 17:54:27,108:DEBUG:AndroidRunner.Adb:52004f53fe46357d: "getprop ro.build.version.release" returned: 
8.0.0

2021-10-10 17:54:27,184:DEBUG:AndroidRunner.Adb:52004f53fe46357d: "getprop ro.build.version.sdk" returned: 
26

2021-10-10 17:54:27,185:DEBUG:PluginHandler:Batterystats: j7duo2 (52004f53fe46357d, Android 8.0.0, API level 26): Stop profiling
2021-10-10 17:54:27,273:DEBUG:AndroidRunner.Adb:52004f53fe46357d: "dumpsys activity recents | grep "Recent #0" | cut -d "=" -f2 | grep -o -p "[a-z|.]*"" returned: 
org.mozilla.firefox.


2021-10-10 17:54:27,274:DEBUG:Device:Current activity: org.mozilla.firefox.
2021-10-10 17:54:27,339:DEBUG:AndroidRunner.Adb:52004f53fe46357d: "getprop ro.build.version.release" returned: 
8.0.0

2021-10-10 17:54:27,416:DEBUG:AndroidRunner.Adb:52004f53fe46357d: "getprop ro.build.version.sdk" returned: 
26

2021-10-10 17:54:27,417:DEBUG:Scripts:Running hook before_close on device j7duo2 (52004f53fe46357d, Android 8.0.0, API level 26)
args: ('52004f53fe46357d', 'org.mozilla.firefox.')
kwargs: {}
2021-10-10 17:54:27,438:INFO:Python3:before_close.py
2021-10-10 17:54:27,439:DEBUG:Python3:before_close.py returned None
2021-10-10 17:54:27,631:DEBUG:AndroidRunner.Adb:52004f53fe46357d: "am force-stop org.mozilla.firefox" returned: 

2021-10-10 17:54:30,739:DEBUG:AndroidRunner.Adb:52004f53fe46357d: "getprop ro.build.version.release" returned: 
8.0.0

2021-10-10 17:54:30,824:DEBUG:AndroidRunner.Adb:52004f53fe46357d: "getprop ro.build.version.sdk" returned: 
26

2021-10-10 17:54:30,825:DEBUG:Scripts:Running hook after_run on device j7duo2 (52004f53fe46357d, Android 8.0.0, API level 26)
args: ()
kwargs: {}
2021-10-10 17:54:30,843:INFO:Python3:after_run.py
2021-10-10 17:54:31,574:DEBUG:AndroidRunner.Adb:52004f53fe46357d: "input tap 600 1000" returned: 

2021-10-10 17:54:31,576:DEBUG:Python3:after_run.py returned None
2021-10-10 17:54:31,583:INFO:Profilers:Collecting results
2021-10-10 17:54:31,686:DEBUG:AndroidRunner.Adb:52004f53fe46357d: "getprop ro.build.version.release" returned: 
8.0.0

2021-10-10 17:54:31,767:DEBUG:AndroidRunner.Adb:52004f53fe46357d: "getprop ro.build.version.sdk" returned: 
26

2021-10-10 17:54:31,768:DEBUG:PluginHandler:Batterystats: j7duo2 (52004f53fe46357d, Android 8.0.0, API level 26): Collecting data
2021-10-10 17:54:31,844:DEBUG:AndroidRunner.Adb:52004f53fe46357d: "getprop ro.build.version.sdk" returned: 
26

2021-10-10 17:54:31,991:DEBUG:AndroidRunner.Adb:52004f53fe46357d: "logcat -f /mnt/sdcard/logcat.txt -d" returned: 

2021-10-10 17:54:32,160:DEBUG:AndroidRunner.Adb:52004f53fe46357d: "rm -f /mnt/sdcard/logcat.txt" returned: 

2021-10-10 17:54:32,274:DEBUG:AndroidRunner.Adb:52004f53fe46357d: "dumpsys batterystats --history" returned: 
Battery History (0% used, 220 used of 512KB, 8 strings using 708):
                    0 (14) RESET:TIME: 2021-10-10-17-53-56
                    0 (1) 100 status=full health=good plug=none temp=271 volt=4254 current=188 ap_temp=28 pst_temp=28 bat_temp=27 chg_temp=0 pa_temp=0 misc_event=0 online=4 current_event=0 charge=0 +running +wake_lock +wifi_radio +screen phone_state=off brightness=medium +wifi_running +wifi wifi_signal_strength=4 wifi_suppl=completed
                    0 (2) 100 fg=u0a22:"com.sec.android.app.samsungapps"
                    0 (2) 100 top=u0a165:"org.mozilla.firefox"
                    0 (2) 100 job=u0a165:"org.mozilla.firefox/org.mozilla.gecko.dlc.DlcDownloadService"
                    0 (2) 100 user=0:"0"
                    0 (2) 100 userfg=0:"0"
                 +9ms (2) 100 stats=0:"dump"
               +374ms (2) 100 -job=u0a165:"org.mozilla.firefox/org.mozilla.gecko.dlc.DlcDownloadService"
               +570ms (3) 100 +wifi_scan +wifi_multicast +job=u0a165:"org.mozilla.firefox/org.mozilla.gecko.dlc.DlcSyncService"
               +897ms (2) 100 -job=u0a165:"org.mozilla.firefox/org.mozilla.gecko.dlc.DlcSyncService"
             +2s765ms (1) 100 -wifi_scan
             +9s276ms (3) 100 current=188 ap_temp=30 pst_temp=28 bat_temp=27 chg_temp=0 pa_temp=0
            +19s304ms (3) 100 current=224 ap_temp=29 pst_temp=28 bat_temp=27 chg_temp=0 pa_temp=0
            +29s333ms (3) 100 current=217 ap_temp=29 pst_temp=28 bat_temp=27 chg_temp=0 pa_temp=0
            +30s955ms (2) 100 -top=u0a165:"org.mozilla.firefox"
            +30s955ms (3) 100 -wifi_multicast +top=u0a74:"com.sec.android.app.launcher"
            +31s053ms (2) 100 +job=u0a75:"com.google.android.googlequicksearchbox/com.google.android.apps.gsa.tasks.BackgroundTasksJobService"
            +31s069ms (2) 100 -job=u0a75:"com.google.android.googlequicksearchbox/com.google.android.apps.gsa.tasks.BackgroundTasksJobService"
            +35s590ms (2) 100 stats=0:"dump"


2021-10-10 17:54:32,468:DEBUG:AndroidRunner.Adb:52004f53fe46357d: "dumpsys batterystats | grep "Computed drain:"" returned: 
    Capacity: 3000, Computed drain: 2.00, actual drain: 0

2021-10-10 17:54:32,621:DEBUG:AndroidRunner.Adb:52004f53fe46357d: "dumpsys batterystats | grep "volt="" returned: 
                    0 (1) 100 status=full health=good plug=none temp=271 volt=4254 current=188 ap_temp=28 pst_temp=28 bat_temp=27 chg_temp=0 pa_temp=0 misc_event=0 online=4 current_event=0 charge=0 +running +wake_lock +wifi_radio +screen phone_state=off brightness=medium +wifi_running +wifi wifi_signal_strength=4 wifi_suppl=completed

2021-10-10 17:54:36,722:DEBUG:AndroidRunner.Adb:52004f53fe46357d: "cat /proc/cpuinfo | grep processor | wc -l" returned: 
8

2021-10-10 17:54:36,782:DEBUG:AndroidRunner.Adb:52004f53fe46357d: "getprop ro.build.version.sdk" returned: 
26

2021-10-10 17:54:45,028:INFO:NativeExperiment:Sleeping for 10000 milliseconds
2021-10-10 17:54:55,046:INFO:Profilers:Setting output
2021-10-10 17:54:55,046:DEBUG:PluginHandler:Batterystats: Setting output: /home/pi/external_hdd/android-runner/examples/batterystats/output/2021.10.10_175252/data/j7duo2/com-facebook-katana/batterystats
2021-10-10 17:54:55,047:INFO:NativeExperiment:Run 2/2 of subject "com.facebook.katana" on j7duo2
2021-10-10 17:54:55,164:DEBUG:AndroidRunner.Adb:52004f53fe46357d: "logcat -c" returned: 

2021-10-10 17:54:55,165:INFO:NativeExperiment:Logcat cleared
2021-10-10 17:54:55,247:DEBUG:AndroidRunner.Adb:52004f53fe46357d: "getprop ro.build.version.release" returned: 
8.0.0

2021-10-10 17:54:55,325:DEBUG:AndroidRunner.Adb:52004f53fe46357d: "getprop ro.build.version.sdk" returned: 
26

2021-10-10 17:54:55,326:DEBUG:Scripts:Running hook before_run on device j7duo2 (52004f53fe46357d, Android 8.0.0, API level 26)
args: ()
kwargs: {}
2021-10-10 17:54:55,345:INFO:Python3:before_run.py
2021-10-10 17:54:55,347:DEBUG:Python3:before_run.py returned None
2021-10-10 17:54:56,166:DEBUG:AndroidRunner.Adb:52004f53fe46357d: "monkey -p com.facebook.katana 1" returned: 
  bash arg: -p
  bash arg: com.facebook.katana
  bash arg: 1
args: [-p, com.facebook.katana, 1]
 arg: "-p"
 arg: "com.facebook.katana"
 arg: "1"
data="com.facebook.katana"
Events injected: 1
## Network stats: elapsed time=32ms (0ms mobile, 0ms wifi, 32ms not connected)

2021-10-10 17:54:57,276:DEBUG:AndroidRunner.Adb:52004f53fe46357d: "dumpsys activity recents | grep "Recent #0" | cut -d "=" -f2 | grep -o -p "[a-z|.]*"" returned: 
com.facebook.katana


2021-10-10 17:54:57,277:DEBUG:Device:Current activity: com.facebook.katana
2021-10-10 17:54:57,346:DEBUG:AndroidRunner.Adb:52004f53fe46357d: "getprop ro.build.version.release" returned: 
8.0.0

2021-10-10 17:54:57,414:DEBUG:AndroidRunner.Adb:52004f53fe46357d: "getprop ro.build.version.sdk" returned: 
26

2021-10-10 17:54:57,415:DEBUG:Scripts:Running hook after_launch on device j7duo2 (52004f53fe46357d, Android 8.0.0, API level 26)
args: ('52004f53fe46357d', 'com.facebook.katana')
kwargs: {}
2021-10-10 17:54:57,434:INFO:Python3:after_launch.py
2021-10-10 17:54:57,436:DEBUG:Python3:after_launch.py returned None
2021-10-10 17:54:57,441:INFO:Profilers:Start profiling
2021-10-10 17:54:57,503:DEBUG:AndroidRunner.Adb:52004f53fe46357d: "getprop ro.build.version.release" returned: 
8.0.0

2021-10-10 17:54:57,569:DEBUG:AndroidRunner.Adb:52004f53fe46357d: "getprop ro.build.version.sdk" returned: 
26

2021-10-10 17:54:57,570:DEBUG:PluginHandler:Batterystats: j7duo2 (52004f53fe46357d, Android 8.0.0, API level 26): Start profiling
2021-10-10 17:54:57,678:DEBUG:AndroidRunner.Adb:52004f53fe46357d: "dumpsys batterystats --reset" returned: 
Battery stats reset.

2021-10-10 17:54:57,757:DEBUG:AndroidRunner.Adb:52004f53fe46357d: "getprop ro.build.version.release" returned: 
8.0.0

2021-10-10 17:54:57,807:DEBUG:AndroidRunner.Adb:52004f53fe46357d: "getprop ro.build.version.sdk" returned: 
26

2021-10-10 17:54:57,808:DEBUG:Scripts:Running hook interaction on device j7duo2 (52004f53fe46357d, Android 8.0.0, API level 26)
args: (<AndroidRunner.NativeExperiment.NativeExperiment object at 0xb3816ef0>,)
kwargs: {}
2021-10-10 17:54:57,820:INFO:Python3:interaction.py
2021-10-10 17:54:57,920:DEBUG:AndroidRunner.Adb:52004f53fe46357d: "logcat -d | grep "some keyword"" returned: 
10-10 17:54:57.843  1160  1160 E adbd    : service_to_fd: shell,v2,TERM=xterm-256color,raw:logcat -d | grep "some keyword"

2021-10-10 17:55:27,954:INFO:Profilers:Stop profiling
2021-10-10 17:55:28,059:DEBUG:AndroidRunner.Adb:52004f53fe46357d: "getprop ro.build.version.release" returned: 
8.0.0

2021-10-10 17:55:28,137:DEBUG:AndroidRunner.Adb:52004f53fe46357d: "getprop ro.build.version.sdk" returned: 
26

2021-10-10 17:55:28,138:DEBUG:PluginHandler:Batterystats: j7duo2 (52004f53fe46357d, Android 8.0.0, API level 26): Stop profiling
2021-10-10 17:55:28,230:DEBUG:AndroidRunner.Adb:52004f53fe46357d: "dumpsys activity recents | grep "Recent #0" | cut -d "=" -f2 | grep -o -p "[a-z|.]*"" returned: 
com.facebook.katana


2021-10-10 17:55:28,231:DEBUG:Device:Current activity: com.facebook.katana
2021-10-10 17:55:28,303:DEBUG:AndroidRunner.Adb:52004f53fe46357d: "getprop ro.build.version.release" returned: 
8.0.0

2021-10-10 17:55:28,393:DEBUG:AndroidRunner.Adb:52004f53fe46357d: "getprop ro.build.version.sdk" returned: 
26

2021-10-10 17:55:28,394:DEBUG:Scripts:Running hook before_close on device j7duo2 (52004f53fe46357d, Android 8.0.0, API level 26)
args: ('52004f53fe46357d', 'com.facebook.katana')
kwargs: {}
2021-10-10 17:55:28,413:INFO:Python3:before_close.py
2021-10-10 17:55:28,415:DEBUG:Python3:before_close.py returned None
2021-10-10 17:55:28,618:DEBUG:AndroidRunner.Adb:52004f53fe46357d: "am force-stop com.facebook.katana" returned: 

2021-10-10 17:55:31,725:DEBUG:AndroidRunner.Adb:52004f53fe46357d: "getprop ro.build.version.release" returned: 
8.0.0

2021-10-10 17:55:31,804:DEBUG:AndroidRunner.Adb:52004f53fe46357d: "getprop ro.build.version.sdk" returned: 
26

2021-10-10 17:55:31,806:DEBUG:Scripts:Running hook after_run on device j7duo2 (52004f53fe46357d, Android 8.0.0, API level 26)
args: ()
kwargs: {}
2021-10-10 17:55:31,825:INFO:Python3:after_run.py
2021-10-10 17:55:32,564:DEBUG:AndroidRunner.Adb:52004f53fe46357d: "input tap 600 1000" returned: 

2021-10-10 17:55:32,566:DEBUG:Python3:after_run.py returned None
2021-10-10 17:55:32,573:INFO:Profilers:Collecting results
2021-10-10 17:55:32,676:DEBUG:AndroidRunner.Adb:52004f53fe46357d: "getprop ro.build.version.release" returned: 
8.0.0

2021-10-10 17:55:32,747:DEBUG:AndroidRunner.Adb:52004f53fe46357d: "getprop ro.build.version.sdk" returned: 
26

2021-10-10 17:55:32,748:DEBUG:PluginHandler:Batterystats: j7duo2 (52004f53fe46357d, Android 8.0.0, API level 26): Collecting data
2021-10-10 17:55:32,829:DEBUG:AndroidRunner.Adb:52004f53fe46357d: "getprop ro.build.version.sdk" returned: 
26

2021-10-10 17:55:32,956:DEBUG:AndroidRunner.Adb:52004f53fe46357d: "logcat -f /mnt/sdcard/logcat.txt -d" returned: 

2021-10-10 17:55:33,087:DEBUG:AndroidRunner.Adb:52004f53fe46357d: "rm -f /mnt/sdcard/logcat.txt" returned: 

2021-10-10 17:55:33,202:DEBUG:AndroidRunner.Adb:52004f53fe46357d: "dumpsys batterystats --history" returned: 
Battery History (0% used, 176 used of 512KB, 6 strings using 448):
                    0 (14) RESET:TIME: 2021-10-10-17-54-57
                    0 (1) 100 status=full health=good plug=none temp=271 volt=4254 current=191 ap_temp=28 pst_temp=28 bat_temp=27 chg_temp=0 pa_temp=0 misc_event=0 online=4 current_event=0 charge=0 +running +wake_lock +wifi_radio +screen phone_state=off brightness=medium +wifi_running +wifi wifi_signal_strength=4 wifi_suppl=completed
                    0 (2) 100 fg=u0a22:"com.sec.android.app.samsungapps"
                    0 (2) 100 top=u0a103:"com.facebook.katana"
                    0 (2) 100 user=0:"0"
                    0 (2) 100 userfg=0:"0"
                +11ms (2) 100 stats=0:"dump"
             +8s461ms (3) 100 current=180 ap_temp=29 pst_temp=28 bat_temp=27 chg_temp=0 pa_temp=0
            +18s492ms (3) 100 current=183 ap_temp=29 pst_temp=28 bat_temp=27 chg_temp=0 pa_temp=0
            +28s527ms (3) 100 current=178 ap_temp=29 pst_temp=28 bat_temp=27 chg_temp=0 pa_temp=0
            +30s949ms (2) 100 -top=u0a103:"com.facebook.katana"
            +30s949ms (2) 100 +top=u0a74:"com.sec.android.app.launcher"
            +31s053ms (2) 100 +job=u0a75:"com.google.android.googlequicksearchbox/com.google.android.apps.gsa.tasks.BackgroundTasksJobService"
            +31s078ms (2) 100 -job=u0a75:"com.google.android.googlequicksearchbox/com.google.android.apps.gsa.tasks.BackgroundTasksJobService"
            +35s534ms (2) 100 stats=0:"dump"


2021-10-10 17:55:33,351:DEBUG:AndroidRunner.Adb:52004f53fe46357d: "dumpsys batterystats | grep "Computed drain:"" returned: 
    Capacity: 3000, Computed drain: 2.17, actual drain: 0

2021-10-10 17:55:33,468:DEBUG:AndroidRunner.Adb:52004f53fe46357d: "dumpsys batterystats | grep "volt="" returned: 
                    0 (1) 100 status=full health=good plug=none temp=271 volt=4254 current=191 ap_temp=28 pst_temp=28 bat_temp=27 chg_temp=0 pa_temp=0 misc_event=0 online=4 current_event=0 charge=0 +running +wake_lock +wifi_radio +screen phone_state=off brightness=medium +wifi_running +wifi wifi_signal_strength=4 wifi_suppl=completed

2021-10-10 17:55:37,650:DEBUG:AndroidRunner.Adb:52004f53fe46357d: "cat /proc/cpuinfo | grep processor | wc -l" returned: 
8

2021-10-10 17:55:37,710:DEBUG:AndroidRunner.Adb:52004f53fe46357d: "getprop ro.build.version.sdk" returned: 
26

2021-10-10 17:55:46,995:INFO:NativeExperiment:Sleeping for 10000 milliseconds
2021-10-10 17:55:57,800:DEBUG:AndroidRunner.Adb:52004f53fe46357d: "pm list packages" returned: 
package:com.samsung.android.provider.filterprovider
package:com.monotype.android.font.rosemary
package:com.sec.android.app.DataCreate
package:com.android.cts.priv.ctsshim
package:com.gd.mobicore.pa
package:com.sec.android.widgetapp.samsungapps
package:com.google.android.youtube
package:com.samsung.android.app.galaxyfinder
package:com.sec.location.nsflp2
package:com.samsung.android.themestore
package:com.sec.android.app.chromecustomizations
package:com.google.android.ext.services
package:com.android.providers.telephony
package:com.sec.android.app.parser
package:com.samsung.android.applock
package:com.google.android.googlequicksearchbox
package:com.samsung.android.calendar
package:com.android.providers.calendar
package:com.osp.app.signin
package:com.samsung.clipboardsaveservice
package:com.sec.automation
package:com.android.providers.media
package:com.google.android.onetimeinitializer
package:com.sec.android.mimage.gear360editor
package:com.google.android.ext.shared
package:com.android.wallpapercropper
package:com.samsung.android.provider.shootingmodeprovider
package:com.samsung.android.wallpaper.res
package:com.samsung.android.app.withtv
package:com.samsung.android.smartmirroring
package:com.skms.android.agent
package:com.sec.android.app.safetyassurance
package:com.samsung.android.incallui
package:com.samsung.android.knox.containercore
package:com.sec.factory.camera
package:com.sec.vsimservice
package:org.simalliance.openmobileapi.service
package:com.sec.usbsettings
package:com.samsung.android.easysetup
package:com.android.documentsui
package:android.auto_generated_rro__
package:com.android.externalstorage
package:com.sec.android.easyonehand
package:com.sec.android.app.camerabokehservice
package:com.sec.factory
package:com.samsung.android.provider.stickerprovider
package:com.android.htmlviewer
package:com.android.companiondevicemanager
package:com.android.mms.service
package:com.samsung.android.rubin.app
package:com.sec.android.wallpapercropper2
package:com.android.providers.downloads
package:com.diotek.sec.lookup.dictionary
package:com.sec.android.easyMover.Agent
package:com.samsung.ucs.agent.boot
package:com.wsomacp
package:com.samsung.faceservice
package:com.sec.android.app.voicenote
package:com.monotype.android.font.foundation
package:com.sec.android.widgetapp.easymodecontactswidget
package:com.samsung.android.email.provider
package:com.samsung.android.MtpApplication
package:com.sec.android.app.factorykeystring
package:com.sec.android.app.samsungapps
package:com.sec.android.emergencymode.service
package:com.google.android.configupdater
package:com.sec.android.app.wlantest
package:com.microsoft.office.excel
package:com.samsung.android.app.camera.sticker.facear.preload
package:com.sec.android.app.billing
package:com.sec.epdgtestapp
package:com.samsung.android.game.gamehome
package:com.android.defcontainer
package:com.sec.android.daemonapp
package:com.sec.ims
package:com.sec.sve
package:com.sec.enterprise.knox.attestation
package:com.android.providers.downloads.ui
package:com.android.vending
package:com.android.pacprocessor
package:com.dsi.ant.service.socket
package:com.sec.android.AutoPreconfig
package:com.microsoft.skydrive
package:com.samsung.android.SettingsReceiver
package:com.sec.android.app.soundalive
package:com.sec.android.providers.security
package:com.sec.android.provider.badge
package:com.android.certinstaller
package:com.samsung.android.securitylogagent
package:com.android.carrierconfig
package:com.google.android.marvin.talkback
package:com.samsung.android.knox.containeragent
package:com.samsung.android.app.assistantmenu
package:com.samsung.SMT
package:com.samsung.cmh
package:com.samsung.mlp
package:com.samsung.knox.securefolder.setuppage
package:com.sec.factory.iris.usercamera
package:android
package:com.samsung.android.app.multiwindow
package:com.samsung.android.sm.devicesecurity
package:com.dsi.ant.sample.acquirechannels
package:com.android.egg
package:com.android.mtp
package:com.android.stk
package:com.samsung.android.messaging
package:com.android.backupconfirm
package:com.samsung.klmsagent
package:com.sec.android.app.SecSetupWizard
package:com.android.statementservice
package:com.google.android.gm
package:com.google.android.apps.tachyon
package:com.sec.android.app.hwmoduletest
package:com.sec.bcservice
package:com.sec.modem.settings
package:com.sec.android.app.sysscope
package:com.samsung.android.providers.context
package:com.sec.android.app.servicemodeapp
package:com.sec.android.preloadinstaller
package:com.sec.android.uibcvirtualsoftkey
package:com.google.android.setupwizard
package:com.samsung.android.sdk.professionalaudio.utility.jammonitor
package:com.sec.android.gallery3d
package:com.android.providers.settings
package:com.sec.imsservice
package:com.android.sharedstoragebackup
package:com.facebook.services
package:com.google.android.music
package:com.samsung.android.mobileservice
package:com.android.printspooler
package:com.samsung.storyservice
package:com.android.dreams.basic
package:com.android.inputdevices
package:com.samsung.knox.securefolder
package:com.android.bips
package:com.android.stk2
package:com.samsung.android.game.gametools
package:com.samsung.android.app.simplesharing
package:com.samsung.android.da.daagent
package:com.samsung.android.app.reminder
package:com.samsung.android.timezone.autoupdate_O
package:com.samsung.android.smartcallprovider
package:com.google.android.apps.docs
package:com.google.android.apps.maps
package:com.sec.enterprise.mdm.vpn
package:com.dsi.ant.plugins.antplus
package:com.microsoft.office.word
package:com.samsung.advp.imssettings
package:com.samsung.android.location
package:com.sec.android.inputmethod
package:com.sec.android.app.clockpackage
package:com.sec.android.RilServiceModeApp
package:com.google.android.webview
package:com.sec.android.app.simsettingmgr
package:com.microsoft.office.powerpoint
package:com.android.server.telecom
package:com.google.android.syncadapters.contacts
package:com.sec.imslogger
package:com.samsung.android.clipboarduiservice
package:com.android.keychain
package:com.android.chrome
package:com.samsung.android.themecenter
package:com.google.android.packageinstaller
package:com.google.android.gms
package:com.google.android.gsf
package:com.google.android.tts
package:android.autoinstalls.config.samsung
package:com.android.calllogbackup
package:com.google.android.partnersetup
package:com.sec.android.diagmonagent
package:com.google.android.videos
package:com.sec.spp.push
package:com.android.carrierdefaultapp
package:com.dsi.ant.server
package:com.sec.android.app.myfiles
package:com.android.proxyhandler
package:com.samsung.android.allshare.service.fileshare
package:com.sec.android.mimage.photoretouching
package:com.sec.android.app.launcher
package:flipboard.boxer.app
package:com.google.android.feedback
package:com.google.android.printservice.recommendation
package:com.google.android.apps.photos
package:com.google.android.syncadapters.calendar
package:com.android.managedprovisioning
package:com.samsung.android.authfw
package:com.sec.android.app.sbrowser
package:com.monotype.android.font.chococooky
package:com.android.dreams.phototable
package:com.sec.android.service.health
package:com.samsung.safetyinformation
package:com.facebook.katana
package:com.samsung.android.dqagent
package:com.sec.android.app.ringtoneBR
package:com.android.providers.partnerbookmarks
package:com.example.test
package:com.samsung.android.app.accesscontrol
package:com.android.wallpaper.livepicker
package:com.samsung.android.beaconmanager
package:com.sec.enterprise.mdm.services.simpin
package:com.samsung.networkui
package:com.samsung.android.stickercenter
package:com.facebook.system
package:com.samsung.android.oneconnect
package:com.sec.android.app.popupcalculator
package:com.sec.android.soagent
package:org.mozilla.firefox
package:com.samsung.android.fmm
package:com.samsung.android.mdm
package:com.samsung.android.rlc
package:com.samsung.android.uds
package:com.samsung.android.voc
package:com.sec.android.app.shealth
package:com.sec.phone
package:com.google.android.backuptransport
package:com.samsung.android.samsungpass
package:com.android.storagemanager
package:com.samsung.android.scloud
package:com.samsung.android.app.soundpicker
package:com.sec.app.RilErrorNotifier
package:com.android.bookmarkprovider
package:com.linkedin.android
package:com.android.settings
package:com.samsung.app.newtrim
package:com.samsung.android.app.color
package:com.samsung.android.lool
package:com.samsung.android.app.notes
package:com.sec.android.app.bluetoothtest
package:com.samsung.android.app.spage
package:com.sec.android.emergencylauncher
package:com.sec.hearingadjust
package:com.samsung.android.dlp.service
package:com.samsung.android.bbc.bbcagent
package:com.knox.vpn.proxyhandler
package:com.android.cts.ctsshim
package:com.samsung.android.stickerplugin
package:com.sec.android.splitsound
package:com.wssnps
package:com.samsung.android.app.watchmanagerstub
package:com.samsung.android.svcagent
package:com.policydm
package:com.samsung.android.sdk.professionalaudio.app.audioconnectionservice
package:com.enhance.gameservice
package:com.samsung.android.shortcutbackupservice
package:com.android.vpndialogs
package:com.samsung.memorysaver
package:com.samsung.android.providers.contacts
package:com.samsung.dcmservice
package:com.android.phone
package:com.android.shell
package:com.android.wallpaperbackup
package:com.example.myapplication
package:com.android.providers.blockednumber
package:com.samsung.android.app.omcagent
package:com.hiya.star
package:com.android.providers.userdictionary
package:com.sec.enterprise.knox.cloudmdm.smdms
package:com.samsung.android.app.camera.sticker.stamp.preload
package:com.android.emergency
package:com.wssyncmldm
package:com.android.location.fused
package:com.samsung.android.samsungpassautofill
package:com.sec.epdg
package:com.android.systemui
package:com.sec.android.app.personalization
package:com.monotype.android.font.cooljazz
package:com.android.bluetoothmidiservice
package:com.samsung.android.sdk.handwriting
package:com.facebook.appmanager
package:com.samsung.android.app.clockpack
package:com.quicinc.trepn
package:com.samsung.aasaservice
package:com.samsung.android.allshare.service.mediashare
package:com.sec.android.app.fm
package:com.sec.android.provider.emergencymode
package:com.samsung.android.fingerprint.service
package:com.sec.android.app.camera
package:com.android.bluetooth
package:com.samsung.android.contacts
package:com.sec.android.app.magnifier
package:com.sec.android.widgetapp.webmanual
package:com.samsung.sec.android.application.csc
package:com.android.captiveportallogin
package:com.samsung.upsmtheme
package:com.samsung.android.coreapps
package:com.samsung.android.app.dofviewer
package:com.samsung.android.bio.face.service
package:com.samsung.android.video

2021-10-10 17:55:57,802:INFO:Profilers:Start subject aggregation
2021-10-10 17:55:57,803:DEBUG:PluginHandler:%s: aggregating subject results
2021-10-10 17:55:57,813:INFO:Profilers:Setting output
2021-10-10 17:55:57,814:DEBUG:PluginHandler:Batterystats: Setting output: /home/pi/external_hdd/android-runner/examples/batterystats/output/2021.10.10_175252/data/j7duo2/org-mozilla-firefox/batterystats
2021-10-10 17:55:57,814:INFO:NativeExperiment:Run 2/2 of subject "org.mozilla.firefox" on j7duo2
2021-10-10 17:55:57,923:DEBUG:AndroidRunner.Adb:52004f53fe46357d: "logcat -c" returned: 

2021-10-10 17:55:57,924:INFO:NativeExperiment:Logcat cleared
2021-10-10 17:55:58,012:DEBUG:AndroidRunner.Adb:52004f53fe46357d: "getprop ro.build.version.release" returned: 
8.0.0

2021-10-10 17:55:58,086:DEBUG:AndroidRunner.Adb:52004f53fe46357d: "getprop ro.build.version.sdk" returned: 
26

2021-10-10 17:55:58,088:DEBUG:Scripts:Running hook before_run on device j7duo2 (52004f53fe46357d, Android 8.0.0, API level 26)
args: ()
kwargs: {}
2021-10-10 17:55:58,107:INFO:Python3:before_run.py
2021-10-10 17:55:58,109:DEBUG:Python3:before_run.py returned None
2021-10-10 17:55:58,968:DEBUG:AndroidRunner.Adb:52004f53fe46357d: "monkey -p org.mozilla.firefox 1" returned: 
  bash arg: -p
  bash arg: org.mozilla.firefox
  bash arg: 1
args: [-p, org.mozilla.firefox, 1]
 arg: "-p"
 arg: "org.mozilla.firefox"
 arg: "1"
data="org.mozilla.firefox"
Events injected: 1
## Network stats: elapsed time=38ms (0ms mobile, 0ms wifi, 38ms not connected)

2021-10-10 17:56:00,077:DEBUG:AndroidRunner.Adb:52004f53fe46357d: "dumpsys activity recents | grep "Recent #0" | cut -d "=" -f2 | grep -o -p "[a-z|.]*"" returned: 
org.mozilla.firefox.


2021-10-10 17:56:00,078:DEBUG:Device:Current activity: org.mozilla.firefox.
2021-10-10 17:56:00,144:DEBUG:AndroidRunner.Adb:52004f53fe46357d: "getprop ro.build.version.release" returned: 
8.0.0

2021-10-10 17:56:00,215:DEBUG:AndroidRunner.Adb:52004f53fe46357d: "getprop ro.build.version.sdk" returned: 
26

2021-10-10 17:56:00,216:DEBUG:Scripts:Running hook after_launch on device j7duo2 (52004f53fe46357d, Android 8.0.0, API level 26)
args: ('52004f53fe46357d', 'org.mozilla.firefox.')
kwargs: {}
2021-10-10 17:56:00,236:INFO:Python3:after_launch.py
2021-10-10 17:56:00,238:DEBUG:Python3:after_launch.py returned None
2021-10-10 17:56:00,243:INFO:Profilers:Start profiling
2021-10-10 17:56:00,306:DEBUG:AndroidRunner.Adb:52004f53fe46357d: "getprop ro.build.version.release" returned: 
8.0.0

2021-10-10 17:56:00,369:DEBUG:AndroidRunner.Adb:52004f53fe46357d: "getprop ro.build.version.sdk" returned: 
26

2021-10-10 17:56:00,370:DEBUG:PluginHandler:Batterystats: j7duo2 (52004f53fe46357d, Android 8.0.0, API level 26): Start profiling
2021-10-10 17:56:00,487:DEBUG:AndroidRunner.Adb:52004f53fe46357d: "dumpsys batterystats --reset" returned: 
Battery stats reset.

2021-10-10 17:56:00,567:DEBUG:AndroidRunner.Adb:52004f53fe46357d: "getprop ro.build.version.release" returned: 
8.0.0

2021-10-10 17:56:00,625:DEBUG:AndroidRunner.Adb:52004f53fe46357d: "getprop ro.build.version.sdk" returned: 
26

2021-10-10 17:56:00,625:DEBUG:Scripts:Running hook interaction on device j7duo2 (52004f53fe46357d, Android 8.0.0, API level 26)
args: (<AndroidRunner.NativeExperiment.NativeExperiment object at 0xb3816ef0>,)
kwargs: {}
2021-10-10 17:56:00,638:INFO:Python3:interaction.py
2021-10-10 17:56:00,748:DEBUG:AndroidRunner.Adb:52004f53fe46357d: "logcat -d | grep "some keyword"" returned: 
10-10 17:56:00.659  1160  1160 E adbd    : service_to_fd: shell,v2,TERM=xterm-256color,raw:logcat -d | grep "some keyword"

2021-10-10 17:56:30,782:INFO:Profilers:Stop profiling
2021-10-10 17:56:30,894:DEBUG:AndroidRunner.Adb:52004f53fe46357d: "getprop ro.build.version.release" returned: 
8.0.0

2021-10-10 17:56:30,966:DEBUG:AndroidRunner.Adb:52004f53fe46357d: "getprop ro.build.version.sdk" returned: 
26

2021-10-10 17:56:30,967:DEBUG:PluginHandler:Batterystats: j7duo2 (52004f53fe46357d, Android 8.0.0, API level 26): Stop profiling
2021-10-10 17:56:31,066:DEBUG:AndroidRunner.Adb:52004f53fe46357d: "dumpsys activity recents | grep "Recent #0" | cut -d "=" -f2 | grep -o -p "[a-z|.]*"" returned: 
org.mozilla.firefox.


2021-10-10 17:56:31,067:DEBUG:Device:Current activity: org.mozilla.firefox.
2021-10-10 17:56:31,140:DEBUG:AndroidRunner.Adb:52004f53fe46357d: "getprop ro.build.version.release" returned: 
8.0.0

2021-10-10 17:56:31,216:DEBUG:AndroidRunner.Adb:52004f53fe46357d: "getprop ro.build.version.sdk" returned: 
26

2021-10-10 17:56:31,217:DEBUG:Scripts:Running hook before_close on device j7duo2 (52004f53fe46357d, Android 8.0.0, API level 26)
args: ('52004f53fe46357d', 'org.mozilla.firefox.')
kwargs: {}
2021-10-10 17:56:31,237:INFO:Python3:before_close.py
2021-10-10 17:56:31,239:DEBUG:Python3:before_close.py returned None
2021-10-10 17:56:31,422:DEBUG:AndroidRunner.Adb:52004f53fe46357d: "am force-stop org.mozilla.firefox" returned: 

2021-10-10 17:56:34,530:DEBUG:AndroidRunner.Adb:52004f53fe46357d: "getprop ro.build.version.release" returned: 
8.0.0

2021-10-10 17:56:34,603:DEBUG:AndroidRunner.Adb:52004f53fe46357d: "getprop ro.build.version.sdk" returned: 
26

2021-10-10 17:56:34,604:DEBUG:Scripts:Running hook after_run on device j7duo2 (52004f53fe46357d, Android 8.0.0, API level 26)
args: ()
kwargs: {}
2021-10-10 17:56:34,622:INFO:Python3:after_run.py
2021-10-10 17:56:35,347:DEBUG:AndroidRunner.Adb:52004f53fe46357d: "input tap 600 1000" returned: 

2021-10-10 17:56:35,349:DEBUG:Python3:after_run.py returned None
2021-10-10 17:56:35,356:INFO:Profilers:Collecting results
2021-10-10 17:56:35,448:DEBUG:AndroidRunner.Adb:52004f53fe46357d: "getprop ro.build.version.release" returned: 
8.0.0

2021-10-10 17:56:35,536:DEBUG:AndroidRunner.Adb:52004f53fe46357d: "getprop ro.build.version.sdk" returned: 
26

2021-10-10 17:56:35,537:DEBUG:PluginHandler:Batterystats: j7duo2 (52004f53fe46357d, Android 8.0.0, API level 26): Collecting data
2021-10-10 17:56:35,612:DEBUG:AndroidRunner.Adb:52004f53fe46357d: "getprop ro.build.version.sdk" returned: 
26

2021-10-10 17:56:35,761:DEBUG:AndroidRunner.Adb:52004f53fe46357d: "logcat -f /mnt/sdcard/logcat.txt -d" returned: 

2021-10-10 17:56:35,939:DEBUG:AndroidRunner.Adb:52004f53fe46357d: "rm -f /mnt/sdcard/logcat.txt" returned: 

2021-10-10 17:56:36,042:DEBUG:AndroidRunner.Adb:52004f53fe46357d: "dumpsys batterystats --history" returned: 
Battery History (0% used, 204 used of 512KB, 7 strings using 574):
                    0 (14) RESET:TIME: 2021-10-10-17-56-00
                    0 (1) 100 status=full health=good plug=none temp=271 volt=4254 current=169 ap_temp=29 pst_temp=28 bat_temp=27 chg_temp=0 pa_temp=0 misc_event=0 online=4 current_event=0 charge=0 +running +wake_lock +wifi_radio +screen phone_state=off brightness=medium +wifi_running +wifi wifi_signal_strength=4 wifi_suppl=completed
                    0 (2) 100 fg=u0a22:"com.sec.android.app.samsungapps"
                    0 (2) 100 top=u0a165:"org.mozilla.firefox"
                    0 (2) 100 user=0:"0"
                    0 (2) 100 userfg=0:"0"
                +12ms (2) 100 stats=0:"dump"
               +443ms (3) 100 +wifi_scan +wifi_multicast +job=u0a165:"org.mozilla.firefox/org.mozilla.gecko.dlc.DlcSyncService"
               +672ms (2) 100 -job=u0a165:"org.mozilla.firefox/org.mozilla.gecko.dlc.DlcSyncService"
             +2s668ms (1) 100 -wifi_scan
             +5s841ms (3) 100 current=97 ap_temp=30 pst_temp=28 bat_temp=27 chg_temp=0 pa_temp=0
            +15s877ms (3) 100 current=164 ap_temp=29 pst_temp=28 bat_temp=27 chg_temp=0 pa_temp=0
            +25s909ms (3) 100 current=170 ap_temp=29 pst_temp=28 bat_temp=27 chg_temp=0 pa_temp=0
            +30s946ms (2) 100 -top=u0a165:"org.mozilla.firefox"
            +30s946ms (2) 100 +top=u0a74:"com.sec.android.app.launcher"
            +31s031ms (3) 100 -wifi_multicast +job=u0a75:"com.google.android.googlequicksearchbox/com.google.android.apps.gsa.tasks.BackgroundTasksJobService"
            +31s064ms (2) 100 -job=u0a75:"com.google.android.googlequicksearchbox/com.google.android.apps.gsa.tasks.BackgroundTasksJobService"
            +35s569ms (2) 100 stats=0:"dump"


2021-10-10 17:56:36,202:DEBUG:AndroidRunner.Adb:52004f53fe46357d: "dumpsys batterystats | grep "Computed drain:"" returned: 
    Capacity: 3000, Computed drain: 1.96, actual drain: 0

2021-10-10 17:56:36,342:DEBUG:AndroidRunner.Adb:52004f53fe46357d: "dumpsys batterystats | grep "volt="" returned: 
                    0 (1) 100 status=full health=good plug=none temp=271 volt=4254 current=169 ap_temp=29 pst_temp=28 bat_temp=27 chg_temp=0 pa_temp=0 misc_event=0 online=4 current_event=0 charge=0 +running +wake_lock +wifi_radio +screen phone_state=off brightness=medium +wifi_running +wifi wifi_signal_strength=4 wifi_suppl=completed

2021-10-10 17:56:40,364:DEBUG:AndroidRunner.Adb:52004f53fe46357d: "cat /proc/cpuinfo | grep processor | wc -l" returned: 
8

2021-10-10 17:56:40,425:DEBUG:AndroidRunner.Adb:52004f53fe46357d: "getprop ro.build.version.sdk" returned: 
26

2021-10-10 17:56:48,670:INFO:NativeExperiment:Sleeping for 10000 milliseconds
2021-10-10 17:56:59,480:DEBUG:AndroidRunner.Adb:52004f53fe46357d: "pm list packages" returned: 
package:com.samsung.android.provider.filterprovider
package:com.monotype.android.font.rosemary
package:com.sec.android.app.DataCreate
package:com.android.cts.priv.ctsshim
package:com.gd.mobicore.pa
package:com.sec.android.widgetapp.samsungapps
package:com.google.android.youtube
package:com.samsung.android.app.galaxyfinder
package:com.sec.location.nsflp2
package:com.samsung.android.themestore
package:com.sec.android.app.chromecustomizations
package:com.google.android.ext.services
package:com.android.providers.telephony
package:com.sec.android.app.parser
package:com.samsung.android.applock
package:com.google.android.googlequicksearchbox
package:com.samsung.android.calendar
package:com.android.providers.calendar
package:com.osp.app.signin
package:com.samsung.clipboardsaveservice
package:com.sec.automation
package:com.android.providers.media
package:com.google.android.onetimeinitializer
package:com.sec.android.mimage.gear360editor
package:com.google.android.ext.shared
package:com.android.wallpapercropper
package:com.samsung.android.provider.shootingmodeprovider
package:com.samsung.android.wallpaper.res
package:com.samsung.android.app.withtv
package:com.samsung.android.smartmirroring
package:com.skms.android.agent
package:com.sec.android.app.safetyassurance
package:com.samsung.android.incallui
package:com.samsung.android.knox.containercore
package:com.sec.factory.camera
package:com.sec.vsimservice
package:org.simalliance.openmobileapi.service
package:com.sec.usbsettings
package:com.samsung.android.easysetup
package:com.android.documentsui
package:android.auto_generated_rro__
package:com.android.externalstorage
package:com.sec.android.easyonehand
package:com.sec.android.app.camerabokehservice
package:com.sec.factory
package:com.samsung.android.provider.stickerprovider
package:com.android.htmlviewer
package:com.android.companiondevicemanager
package:com.android.mms.service
package:com.samsung.android.rubin.app
package:com.sec.android.wallpapercropper2
package:com.android.providers.downloads
package:com.diotek.sec.lookup.dictionary
package:com.sec.android.easyMover.Agent
package:com.samsung.ucs.agent.boot
package:com.wsomacp
package:com.samsung.faceservice
package:com.sec.android.app.voicenote
package:com.monotype.android.font.foundation
package:com.sec.android.widgetapp.easymodecontactswidget
package:com.samsung.android.email.provider
package:com.samsung.android.MtpApplication
package:com.sec.android.app.factorykeystring
package:com.sec.android.app.samsungapps
package:com.sec.android.emergencymode.service
package:com.google.android.configupdater
package:com.sec.android.app.wlantest
package:com.microsoft.office.excel
package:com.samsung.android.app.camera.sticker.facear.preload
package:com.sec.android.app.billing
package:com.sec.epdgtestapp
package:com.samsung.android.game.gamehome
package:com.android.defcontainer
package:com.sec.android.daemonapp
package:com.sec.ims
package:com.sec.sve
package:com.sec.enterprise.knox.attestation
package:com.android.providers.downloads.ui
package:com.android.vending
package:com.android.pacprocessor
package:com.dsi.ant.service.socket
package:com.sec.android.AutoPreconfig
package:com.microsoft.skydrive
package:com.samsung.android.SettingsReceiver
package:com.sec.android.app.soundalive
package:com.sec.android.providers.security
package:com.sec.android.provider.badge
package:com.android.certinstaller
package:com.samsung.android.securitylogagent
package:com.android.carrierconfig
package:com.google.android.marvin.talkback
package:com.samsung.android.knox.containeragent
package:com.samsung.android.app.assistantmenu
package:com.samsung.SMT
package:com.samsung.cmh
package:com.samsung.mlp
package:com.samsung.knox.securefolder.setuppage
package:com.sec.factory.iris.usercamera
package:android
package:com.samsung.android.app.multiwindow
package:com.samsung.android.sm.devicesecurity
package:com.dsi.ant.sample.acquirechannels
package:com.android.egg
package:com.android.mtp
package:com.android.stk
package:com.samsung.android.messaging
package:com.android.backupconfirm
package:com.samsung.klmsagent
package:com.sec.android.app.SecSetupWizard
package:com.android.statementservice
package:com.google.android.gm
package:com.google.android.apps.tachyon
package:com.sec.android.app.hwmoduletest
package:com.sec.bcservice
package:com.sec.modem.settings
package:com.sec.android.app.sysscope
package:com.samsung.android.providers.context
package:com.sec.android.app.servicemodeapp
package:com.sec.android.preloadinstaller
package:com.sec.android.uibcvirtualsoftkey
package:com.google.android.setupwizard
package:com.samsung.android.sdk.professionalaudio.utility.jammonitor
package:com.sec.android.gallery3d
package:com.android.providers.settings
package:com.sec.imsservice
package:com.android.sharedstoragebackup
package:com.facebook.services
package:com.google.android.music
package:com.samsung.android.mobileservice
package:com.android.printspooler
package:com.samsung.storyservice
package:com.android.dreams.basic
package:com.android.inputdevices
package:com.samsung.knox.securefolder
package:com.android.bips
package:com.android.stk2
package:com.samsung.android.game.gametools
package:com.samsung.android.app.simplesharing
package:com.samsung.android.da.daagent
package:com.samsung.android.app.reminder
package:com.samsung.android.timezone.autoupdate_O
package:com.samsung.android.smartcallprovider
package:com.google.android.apps.docs
package:com.google.android.apps.maps
package:com.sec.enterprise.mdm.vpn
package:com.dsi.ant.plugins.antplus
package:com.microsoft.office.word
package:com.samsung.advp.imssettings
package:com.samsung.android.location
package:com.sec.android.inputmethod
package:com.sec.android.app.clockpackage
package:com.sec.android.RilServiceModeApp
package:com.google.android.webview
package:com.sec.android.app.simsettingmgr
package:com.microsoft.office.powerpoint
package:com.android.server.telecom
package:com.google.android.syncadapters.contacts
package:com.sec.imslogger
package:com.samsung.android.clipboarduiservice
package:com.android.keychain
package:com.android.chrome
package:com.samsung.android.themecenter
package:com.google.android.packageinstaller
package:com.google.android.gms
package:com.google.android.gsf
package:com.google.android.tts
package:android.autoinstalls.config.samsung
package:com.android.calllogbackup
package:com.google.android.partnersetup
package:com.sec.android.diagmonagent
package:com.google.android.videos
package:com.sec.spp.push
package:com.android.carrierdefaultapp
package:com.dsi.ant.server
package:com.sec.android.app.myfiles
package:com.android.proxyhandler
package:com.samsung.android.allshare.service.fileshare
package:com.sec.android.mimage.photoretouching
package:com.sec.android.app.launcher
package:flipboard.boxer.app
package:com.google.android.feedback
package:com.google.android.printservice.recommendation
package:com.google.android.apps.photos
package:com.google.android.syncadapters.calendar
package:com.android.managedprovisioning
package:com.samsung.android.authfw
package:com.sec.android.app.sbrowser
package:com.monotype.android.font.chococooky
package:com.android.dreams.phototable
package:com.sec.android.service.health
package:com.samsung.safetyinformation
package:com.facebook.katana
package:com.samsung.android.dqagent
package:com.sec.android.app.ringtoneBR
package:com.android.providers.partnerbookmarks
package:com.example.test
package:com.samsung.android.app.accesscontrol
package:com.android.wallpaper.livepicker
package:com.samsung.android.beaconmanager
package:com.sec.enterprise.mdm.services.simpin
package:com.samsung.networkui
package:com.samsung.android.stickercenter
package:com.facebook.system
package:com.samsung.android.oneconnect
package:com.sec.android.app.popupcalculator
package:com.sec.android.soagent
package:org.mozilla.firefox
package:com.samsung.android.fmm
package:com.samsung.android.mdm
package:com.samsung.android.rlc
package:com.samsung.android.uds
package:com.samsung.android.voc
package:com.sec.android.app.shealth
package:com.sec.phone
package:com.google.android.backuptransport
package:com.samsung.android.samsungpass
package:com.android.storagemanager
package:com.samsung.android.scloud
package:com.samsung.android.app.soundpicker
package:com.sec.app.RilErrorNotifier
package:com.android.bookmarkprovider
package:com.linkedin.android
package:com.android.settings
package:com.samsung.app.newtrim
package:com.samsung.android.app.color
package:com.samsung.android.lool
package:com.samsung.android.app.notes
package:com.sec.android.app.bluetoothtest
package:com.samsung.android.app.spage
package:com.sec.android.emergencylauncher
package:com.sec.hearingadjust
package:com.samsung.android.dlp.service
package:com.samsung.android.bbc.bbcagent
package:com.knox.vpn.proxyhandler
package:com.android.cts.ctsshim
package:com.samsung.android.stickerplugin
package:com.sec.android.splitsound
package:com.wssnps
package:com.samsung.android.app.watchmanagerstub
package:com.samsung.android.svcagent
package:com.policydm
package:com.samsung.android.sdk.professionalaudio.app.audioconnectionservice
package:com.enhance.gameservice
package:com.samsung.android.shortcutbackupservice
package:com.android.vpndialogs
package:com.samsung.memorysaver
package:com.samsung.android.providers.contacts
package:com.samsung.dcmservice
package:com.android.phone
package:com.android.shell
package:com.android.wallpaperbackup
package:com.example.myapplication
package:com.android.providers.blockednumber
package:com.samsung.android.app.omcagent
package:com.hiya.star
package:com.android.providers.userdictionary
package:com.sec.enterprise.knox.cloudmdm.smdms
package:com.samsung.android.app.camera.sticker.stamp.preload
package:com.android.emergency
package:com.wssyncmldm
package:com.android.location.fused
package:com.samsung.android.samsungpassautofill
package:com.sec.epdg
package:com.android.systemui
package:com.sec.android.app.personalization
package:com.monotype.android.font.cooljazz
package:com.android.bluetoothmidiservice
package:com.samsung.android.sdk.handwriting
package:com.facebook.appmanager
package:com.samsung.android.app.clockpack
package:com.quicinc.trepn
package:com.samsung.aasaservice
package:com.samsung.android.allshare.service.mediashare
package:com.sec.android.app.fm
package:com.sec.android.provider.emergencymode
package:com.samsung.android.fingerprint.service
package:com.sec.android.app.camera
package:com.android.bluetooth
package:com.samsung.android.contacts
package:com.sec.android.app.magnifier
package:com.sec.android.widgetapp.webmanual
package:com.samsung.sec.android.application.csc
package:com.android.captiveportallogin
package:com.samsung.upsmtheme
package:com.samsung.android.coreapps
package:com.samsung.android.app.dofviewer
package:com.samsung.android.bio.face.service
package:com.samsung.android.video

2021-10-10 17:56:59,481:INFO:Profilers:Start subject aggregation
2021-10-10 17:56:59,481:DEBUG:PluginHandler:%s: aggregating subject results
2021-10-10 17:56:59,483:INFO:NativeExperiment:Experiment completed, start cleanup
2021-10-10 17:56:59,545:DEBUG:AndroidRunner.Adb:52004f53fe46357d: "getprop ro.build.version.release" returned: 
8.0.0

2021-10-10 17:56:59,614:DEBUG:AndroidRunner.Adb:52004f53fe46357d: "getprop ro.build.version.sdk" returned: 
26

2021-10-10 17:56:59,614:DEBUG:Scripts:Running hook after_experiment on device j7duo2 (52004f53fe46357d, Android 8.0.0, API level 26)
args: ()
kwargs: {}
2021-10-10 17:56:59,637:INFO:Python3:after_experiment.py
2021-10-10 17:56:59,639:DEBUG:Python3:after_experiment.py returned None
2021-10-10 17:56:59,772:DEBUG:AndroidRunner.Adb:52004f53fe46357d: "dumpsys battery reset" returned: 

2021-10-10 17:56:59,772:INFO:Profilers:Stop profiling
2021-10-10 17:56:59,861:DEBUG:AndroidRunner.Adb:52004f53fe46357d: "getprop ro.build.version.release" returned: 
8.0.0

2021-10-10 17:56:59,934:DEBUG:AndroidRunner.Adb:52004f53fe46357d: "getprop ro.build.version.sdk" returned: 
26

2021-10-10 17:56:59,934:DEBUG:PluginHandler:Batterystats: j7duo2 (52004f53fe46357d, Android 8.0.0, API level 26): Stop profiling
2021-10-10 17:56:59,935:INFO:Profilers:Unloading
2021-10-10 17:56:59,996:DEBUG:AndroidRunner.Adb:52004f53fe46357d: "getprop ro.build.version.release" returned: 
8.0.0

2021-10-10 17:57:00,060:DEBUG:AndroidRunner.Adb:52004f53fe46357d: "getprop ro.build.version.sdk" returned: 
26

2021-10-10 17:57:00,061:DEBUG:PluginHandler:Batterystats: j7duo2 (52004f53fe46357d, Android 8.0.0, API level 26): Cleanup
2021-10-10 17:57:00,815:DEBUG:AndroidRunner.Adb:52004f53fe46357d: "pm list packages" returned: 
package:com.samsung.android.provider.filterprovider
package:com.monotype.android.font.rosemary
package:com.sec.android.app.DataCreate
package:com.android.cts.priv.ctsshim
package:com.gd.mobicore.pa
package:com.sec.android.widgetapp.samsungapps
package:com.google.android.youtube
package:com.samsung.android.app.galaxyfinder
package:com.sec.location.nsflp2
package:com.samsung.android.themestore
package:com.sec.android.app.chromecustomizations
package:com.google.android.ext.services
package:com.android.providers.telephony
package:com.sec.android.app.parser
package:com.samsung.android.applock
package:com.google.android.googlequicksearchbox
package:com.samsung.android.calendar
package:com.android.providers.calendar
package:com.osp.app.signin
package:com.samsung.clipboardsaveservice
package:com.sec.automation
package:com.android.providers.media
package:com.google.android.onetimeinitializer
package:com.sec.android.mimage.gear360editor
package:com.google.android.ext.shared
package:com.android.wallpapercropper
package:com.samsung.android.provider.shootingmodeprovider
package:com.samsung.android.wallpaper.res
package:com.samsung.android.app.withtv
package:com.samsung.android.smartmirroring
package:com.skms.android.agent
package:com.sec.android.app.safetyassurance
package:com.samsung.android.incallui
package:com.samsung.android.knox.containercore
package:com.sec.factory.camera
package:com.sec.vsimservice
package:org.simalliance.openmobileapi.service
package:com.sec.usbsettings
package:com.samsung.android.easysetup
package:com.android.documentsui
package:android.auto_generated_rro__
package:com.android.externalstorage
package:com.sec.android.easyonehand
package:com.sec.android.app.camerabokehservice
package:com.sec.factory
package:com.samsung.android.provider.stickerprovider
package:com.android.htmlviewer
package:com.android.companiondevicemanager
package:com.android.mms.service
package:com.samsung.android.rubin.app
package:com.sec.android.wallpapercropper2
package:com.android.providers.downloads
package:com.diotek.sec.lookup.dictionary
package:com.sec.android.easyMover.Agent
package:com.samsung.ucs.agent.boot
package:com.wsomacp
package:com.samsung.faceservice
package:com.sec.android.app.voicenote
package:com.monotype.android.font.foundation
package:com.sec.android.widgetapp.easymodecontactswidget
package:com.samsung.android.email.provider
package:com.samsung.android.MtpApplication
package:com.sec.android.app.factorykeystring
package:com.sec.android.app.samsungapps
package:com.sec.android.emergencymode.service
package:com.google.android.configupdater
package:com.sec.android.app.wlantest
package:com.microsoft.office.excel
package:com.samsung.android.app.camera.sticker.facear.preload
package:com.sec.android.app.billing
package:com.sec.epdgtestapp
package:com.samsung.android.game.gamehome
package:com.android.defcontainer
package:com.sec.android.daemonapp
package:com.sec.ims
package:com.sec.sve
package:com.sec.enterprise.knox.attestation
package:com.android.providers.downloads.ui
package:com.android.vending
package:com.android.pacprocessor
package:com.dsi.ant.service.socket
package:com.sec.android.AutoPreconfig
package:com.microsoft.skydrive
package:com.samsung.android.SettingsReceiver
package:com.sec.android.app.soundalive
package:com.sec.android.providers.security
package:com.sec.android.provider.badge
package:com.android.certinstaller
package:com.samsung.android.securitylogagent
package:com.android.carrierconfig
package:com.google.android.marvin.talkback
package:com.samsung.android.knox.containeragent
package:com.samsung.android.app.assistantmenu
package:com.samsung.SMT
package:com.samsung.cmh
package:com.samsung.mlp
package:com.samsung.knox.securefolder.setuppage
package:com.sec.factory.iris.usercamera
package:android
package:com.samsung.android.app.multiwindow
package:com.samsung.android.sm.devicesecurity
package:com.dsi.ant.sample.acquirechannels
package:com.android.egg
package:com.android.mtp
package:com.android.stk
package:com.samsung.android.messaging
package:com.android.backupconfirm
package:com.samsung.klmsagent
package:com.sec.android.app.SecSetupWizard
package:com.android.statementservice
package:com.google.android.gm
package:com.google.android.apps.tachyon
package:com.sec.android.app.hwmoduletest
package:com.sec.bcservice
package:com.sec.modem.settings
package:com.sec.android.app.sysscope
package:com.samsung.android.providers.context
package:com.sec.android.app.servicemodeapp
package:com.sec.android.preloadinstaller
package:com.sec.android.uibcvirtualsoftkey
package:com.google.android.setupwizard
package:com.samsung.android.sdk.professionalaudio.utility.jammonitor
package:com.sec.android.gallery3d
package:com.android.providers.settings
package:com.sec.imsservice
package:com.android.sharedstoragebackup
package:com.facebook.services
package:com.google.android.music
package:com.samsung.android.mobileservice
package:com.android.printspooler
package:com.samsung.storyservice
package:com.android.dreams.basic
package:com.android.inputdevices
package:com.samsung.knox.securefolder
package:com.android.bips
package:com.android.stk2
package:com.samsung.android.game.gametools
package:com.samsung.android.app.simplesharing
package:com.samsung.android.da.daagent
package:com.samsung.android.app.reminder
package:com.samsung.android.timezone.autoupdate_O
package:com.samsung.android.smartcallprovider
package:com.google.android.apps.docs
package:com.google.android.apps.maps
package:com.sec.enterprise.mdm.vpn
package:com.dsi.ant.plugins.antplus
package:com.microsoft.office.word
package:com.samsung.advp.imssettings
package:com.samsung.android.location
package:com.sec.android.inputmethod
package:com.sec.android.app.clockpackage
package:com.sec.android.RilServiceModeApp
package:com.google.android.webview
package:com.sec.android.app.simsettingmgr
package:com.microsoft.office.powerpoint
package:com.android.server.telecom
package:com.google.android.syncadapters.contacts
package:com.sec.imslogger
package:com.samsung.android.clipboarduiservice
package:com.android.keychain
package:com.android.chrome
package:com.samsung.android.themecenter
package:com.google.android.packageinstaller
package:com.google.android.gms
package:com.google.android.gsf
package:com.google.android.tts
package:android.autoinstalls.config.samsung
package:com.android.calllogbackup
package:com.google.android.partnersetup
package:com.sec.android.diagmonagent
package:com.google.android.videos
package:com.sec.spp.push
package:com.android.carrierdefaultapp
package:com.dsi.ant.server
package:com.sec.android.app.myfiles
package:com.android.proxyhandler
package:com.samsung.android.allshare.service.fileshare
package:com.sec.android.mimage.photoretouching
package:com.sec.android.app.launcher
package:flipboard.boxer.app
package:com.google.android.feedback
package:com.google.android.printservice.recommendation
package:com.google.android.apps.photos
package:com.google.android.syncadapters.calendar
package:com.android.managedprovisioning
package:com.samsung.android.authfw
package:com.sec.android.app.sbrowser
package:com.monotype.android.font.chococooky
package:com.android.dreams.phototable
package:com.sec.android.service.health
package:com.samsung.safetyinformation
package:com.facebook.katana
package:com.samsung.android.dqagent
package:com.sec.android.app.ringtoneBR
package:com.android.providers.partnerbookmarks
package:com.example.test
package:com.samsung.android.app.accesscontrol
package:com.android.wallpaper.livepicker
package:com.samsung.android.beaconmanager
package:com.sec.enterprise.mdm.services.simpin
package:com.samsung.networkui
package:com.samsung.android.stickercenter
package:com.facebook.system
package:com.samsung.android.oneconnect
package:com.sec.android.app.popupcalculator
package:com.sec.android.soagent
package:org.mozilla.firefox
package:com.samsung.android.fmm
package:com.samsung.android.mdm
package:com.samsung.android.rlc
package:com.samsung.android.uds
package:com.samsung.android.voc
package:com.sec.android.app.shealth
package:com.sec.phone
package:com.google.android.backuptransport
package:com.samsung.android.samsungpass
package:com.android.storagemanager
package:com.samsung.android.scloud
package:com.samsung.android.app.soundpicker
package:com.sec.app.RilErrorNotifier
package:com.android.bookmarkprovider
package:com.linkedin.android
package:com.android.settings
package:com.samsung.app.newtrim
package:com.samsung.android.app.color
package:com.samsung.android.lool
package:com.samsung.android.app.notes
package:com.sec.android.app.bluetoothtest
package:com.samsung.android.app.spage
package:com.sec.android.emergencylauncher
package:com.sec.hearingadjust
package:com.samsung.android.dlp.service
package:com.samsung.android.bbc.bbcagent
package:com.knox.vpn.proxyhandler
package:com.android.cts.ctsshim
package:com.samsung.android.stickerplugin
package:com.sec.android.splitsound
package:com.wssnps
package:com.samsung.android.app.watchmanagerstub
package:com.samsung.android.svcagent
package:com.policydm
package:com.samsung.android.sdk.professionalaudio.app.audioconnectionservice
package:com.enhance.gameservice
package:com.samsung.android.shortcutbackupservice
package:com.android.vpndialogs
package:com.samsung.memorysaver
package:com.samsung.android.providers.contacts
package:com.samsung.dcmservice
package:com.android.phone
package:com.android.shell
package:com.android.wallpaperbackup
package:com.example.myapplication
package:com.android.providers.blockednumber
package:com.samsung.android.app.omcagent
package:com.hiya.star
package:com.android.providers.userdictionary
package:com.sec.enterprise.knox.cloudmdm.smdms
package:com.samsung.android.app.camera.sticker.stamp.preload
package:com.android.emergency
package:com.wssyncmldm
package:com.android.location.fused
package:com.samsung.android.samsungpassautofill
package:com.sec.epdg
package:com.android.systemui
package:com.sec.android.app.personalization
package:com.monotype.android.font.cooljazz
package:com.android.bluetoothmidiservice
package:com.samsung.android.sdk.handwriting
package:com.facebook.appmanager
package:com.samsung.android.app.clockpack
package:com.quicinc.trepn
package:com.samsung.aasaservice
package:com.samsung.android.allshare.service.mediashare
package:com.sec.android.app.fm
package:com.sec.android.provider.emergencymode
package:com.samsung.android.fingerprint.service
package:com.sec.android.app.camera
package:com.android.bluetooth
package:com.samsung.android.contacts
package:com.sec.android.app.magnifier
package:com.sec.android.widgetapp.webmanual
package:com.samsung.sec.android.application.csc
package:com.android.captiveportallogin
package:com.samsung.upsmtheme
package:com.samsung.android.coreapps
package:com.samsung.android.app.dofviewer
package:com.samsung.android.bio.face.service
package:com.samsung.android.video

2021-10-10 17:57:00,818:INFO:Profilers:Start final aggregation
2021-10-10 17:57:00,818:DEBUG:PluginHandler:%s: aggregating results
