2021-10-10 17:45:54,161:INFO:ExperimentFactory:/home/pi/external_hdd/android-runner/examples/batterystats/test_native.json
2021-10-10 17:45:54,203:DEBUG:AndroidRunner.Adb:Device list:
{0: '52004f53fe46357d'}
2021-10-10 17:45:54,204:INFO:Device:Setting logcat buffer size to 57344K
2021-10-10 17:45:54,291:DEBUG:AndroidRunner.Adb:52004f53fe46357d: "logcat -G 57344K" returned: 

2021-10-10 17:45:54,305:DEBUG:PluginHandler:batterystats: Initialized
2021-10-10 17:45:54,306:DEBUG:Python3:Imported /home/pi/external_hdd/android-runner/examples/batterystats/HScripts/before_experiment.py
2021-10-10 17:45:54,307:DEBUG:Python3:Imported /home/pi/external_hdd/android-runner/examples/batterystats/HScripts/before_run.py
2021-10-10 17:45:54,307:DEBUG:Python3:Imported /home/pi/external_hdd/android-runner/examples/batterystats/HScripts/after_launch.py
2021-10-10 17:45:54,308:DEBUG:Python3:Imported /home/pi/external_hdd/android-runner/examples/batterystats/HScripts/interaction.py
2021-10-10 17:45:54,308:DEBUG:Python3:Imported /home/pi/external_hdd/android-runner/examples/batterystats/HScripts/before_close.py
2021-10-10 17:45:54,309:DEBUG:Python3:Imported /home/pi/external_hdd/android-runner/examples/batterystats/HScripts/after_run.py
2021-10-10 17:45:54,309:DEBUG:Python3:Imported /home/pi/external_hdd/android-runner/examples/batterystats/HScripts/after_experiment.py
2021-10-10 17:45:54,393:DEBUG:AndroidRunner.Adb:52004f53fe46357d: "getprop ro.build.version.release" returned: 
8.0.0

2021-10-10 17:45:54,452:DEBUG:AndroidRunner.Adb:52004f53fe46357d: "getprop ro.build.version.sdk" returned: 
26

2021-10-10 17:45:54,453:INFO:NativeExperiment:Device: j7duo2 (52004f53fe46357d, Android 8.0.0, API level 26)
2021-10-10 17:45:54,453:INFO:Profilers:Loading
2021-10-10 17:45:54,514:DEBUG:AndroidRunner.Adb:52004f53fe46357d: "getprop ro.build.version.release" returned: 
8.0.0

2021-10-10 17:45:54,573:DEBUG:AndroidRunner.Adb:52004f53fe46357d: "getprop ro.build.version.sdk" returned: 
26

2021-10-10 17:45:54,573:DEBUG:PluginHandler:Batterystats: j7duo2 (52004f53fe46357d, Android 8.0.0, API level 26): Loading configuration
2021-10-10 17:45:54,573:INFO:Device:Default unplug
2021-10-10 17:45:54,641:DEBUG:AndroidRunner.Adb:52004f53fe46357d: "getprop ro.build.version.sdk" returned: 
26

2021-10-10 17:45:54,721:DEBUG:AndroidRunner.Adb:52004f53fe46357d: "dumpsys battery unplug" returned: 

2021-10-10 17:45:54,776:DEBUG:AndroidRunner.Adb:52004f53fe46357d: "getprop ro.build.version.release" returned: 
8.0.0

2021-10-10 17:45:54,829:DEBUG:AndroidRunner.Adb:52004f53fe46357d: "getprop ro.build.version.sdk" returned: 
26

2021-10-10 17:45:54,829:DEBUG:Scripts:Running hook before_experiment on device j7duo2 (52004f53fe46357d, Android 8.0.0, API level 26)
args: ()
kwargs: {}
2021-10-10 17:45:54,841:INFO:Python3:before_experiment.py
2021-10-10 17:45:54,842:DEBUG:Python3:before_experiment.py returned None
2021-10-10 17:45:54,846:INFO:Profilers:Setting output
2021-10-10 17:45:54,847:DEBUG:PluginHandler:Batterystats: Setting output: /home/pi/external_hdd/android-runner/examples/batterystats/output/2021.10.10_174554/data/j7duo2/org-mozilla-firefox/batterystats
2021-10-10 17:45:54,847:INFO:NativeExperiment:Run 1/2 of subject "org.mozilla.firefox" on j7duo2
2021-10-10 17:45:54,917:DEBUG:AndroidRunner.Adb:52004f53fe46357d: "logcat -c" returned: 

2021-10-10 17:45:54,918:INFO:NativeExperiment:Logcat cleared
2021-10-10 17:45:54,970:DEBUG:AndroidRunner.Adb:52004f53fe46357d: "getprop ro.build.version.release" returned: 
8.0.0

2021-10-10 17:45:55,022:DEBUG:AndroidRunner.Adb:52004f53fe46357d: "getprop ro.build.version.sdk" returned: 
26

2021-10-10 17:45:55,022:DEBUG:Scripts:Running hook before_run on device j7duo2 (52004f53fe46357d, Android 8.0.0, API level 26)
args: ()
kwargs: {}
2021-10-10 17:45:55,033:INFO:Python3:before_run.py
2021-10-10 17:45:55,034:DEBUG:Python3:before_run.py returned None
2021-10-10 17:45:55,798:DEBUG:AndroidRunner.Adb:52004f53fe46357d: "monkey -p org.mozilla.firefox 1" returned: 
  bash arg: -p
  bash arg: org.mozilla.firefox
  bash arg: 1
args: [-p, org.mozilla.firefox, 1]
 arg: "-p"
 arg: "org.mozilla.firefox"
 arg: "1"
data="org.mozilla.firefox"
Events injected: 1
## Network stats: elapsed time=31ms (0ms mobile, 0ms wifi, 31ms not connected)

2021-10-10 17:45:56,905:DEBUG:AndroidRunner.Adb:52004f53fe46357d: "dumpsys activity recents | grep "Recent #0" | cut -d "=" -f2 | grep -o -p "[a-z|.]*"" returned: 
org.mozilla.firefox.


2021-10-10 17:45:56,906:DEBUG:Device:Current activity: org.mozilla.firefox.
2021-10-10 17:45:56,964:DEBUG:AndroidRunner.Adb:52004f53fe46357d: "getprop ro.build.version.release" returned: 
8.0.0

2021-10-10 17:45:57,027:DEBUG:AndroidRunner.Adb:52004f53fe46357d: "getprop ro.build.version.sdk" returned: 
26

2021-10-10 17:45:57,028:DEBUG:Scripts:Running hook after_launch on device j7duo2 (52004f53fe46357d, Android 8.0.0, API level 26)
args: ('52004f53fe46357d', 'org.mozilla.firefox.')
kwargs: {}
2021-10-10 17:45:57,047:INFO:Python3:after_launch.py
2021-10-10 17:45:57,049:DEBUG:Python3:after_launch.py returned None
2021-10-10 17:45:57,055:INFO:Profilers:Start profiling
2021-10-10 17:45:57,127:DEBUG:AndroidRunner.Adb:52004f53fe46357d: "getprop ro.build.version.release" returned: 
8.0.0

2021-10-10 17:45:57,187:DEBUG:AndroidRunner.Adb:52004f53fe46357d: "getprop ro.build.version.sdk" returned: 
26

2021-10-10 17:45:57,188:DEBUG:PluginHandler:Batterystats: j7duo2 (52004f53fe46357d, Android 8.0.0, API level 26): Start profiling
2021-10-10 17:45:57,302:DEBUG:AndroidRunner.Adb:52004f53fe46357d: "dumpsys batterystats --reset" returned: 
Battery stats reset.

2021-10-10 17:45:57,384:DEBUG:AndroidRunner.Adb:52004f53fe46357d: "getprop ro.build.version.release" returned: 
8.0.0

2021-10-10 17:45:57,440:DEBUG:AndroidRunner.Adb:52004f53fe46357d: "getprop ro.build.version.sdk" returned: 
26

2021-10-10 17:45:57,441:DEBUG:Scripts:Running hook interaction on device j7duo2 (52004f53fe46357d, Android 8.0.0, API level 26)
args: (<AndroidRunner.NativeExperiment.NativeExperiment object at 0xb38b9ed0>,)
kwargs: {}
2021-10-10 17:45:57,453:INFO:Python3:interaction.py
2021-10-10 17:45:57,555:DEBUG:AndroidRunner.Adb:52004f53fe46357d: "logcat -d | grep "some keyword"" returned: 
10-10 17:45:57.476  1160  1160 E adbd    : service_to_fd: shell,v2,TERM=xterm-256color,raw:logcat -d | grep "some keyword"

2021-10-10 17:46:57,621:INFO:Profilers:Stop profiling
2021-10-10 17:46:57,733:DEBUG:AndroidRunner.Adb:52004f53fe46357d: "getprop ro.build.version.release" returned: 
8.0.0

2021-10-10 17:46:57,824:DEBUG:AndroidRunner.Adb:52004f53fe46357d: "getprop ro.build.version.sdk" returned: 
26

2021-10-10 17:46:57,825:DEBUG:PluginHandler:Batterystats: j7duo2 (52004f53fe46357d, Android 8.0.0, API level 26): Stop profiling
2021-10-10 17:46:57,911:DEBUG:AndroidRunner.Adb:52004f53fe46357d: "dumpsys activity recents | grep "Recent #0" | cut -d "=" -f2 | grep -o -p "[a-z|.]*"" returned: 
org.mozilla.firefox.


2021-10-10 17:46:57,912:DEBUG:Device:Current activity: org.mozilla.firefox.
2021-10-10 17:46:57,974:DEBUG:AndroidRunner.Adb:52004f53fe46357d: "getprop ro.build.version.release" returned: 
8.0.0

2021-10-10 17:46:58,060:DEBUG:AndroidRunner.Adb:52004f53fe46357d: "getprop ro.build.version.sdk" returned: 
26

2021-10-10 17:46:58,061:DEBUG:Scripts:Running hook before_close on device j7duo2 (52004f53fe46357d, Android 8.0.0, API level 26)
args: ('52004f53fe46357d', 'org.mozilla.firefox.')
kwargs: {}
2021-10-10 17:46:58,079:INFO:Python3:before_close.py
2021-10-10 17:46:58,081:DEBUG:Python3:before_close.py returned None
2021-10-10 17:46:58,282:DEBUG:AndroidRunner.Adb:52004f53fe46357d: "am force-stop org.mozilla.firefox" returned: 

2021-10-10 17:47:01,372:DEBUG:AndroidRunner.Adb:52004f53fe46357d: "getprop ro.build.version.release" returned: 
8.0.0

2021-10-10 17:47:01,439:DEBUG:AndroidRunner.Adb:52004f53fe46357d: "getprop ro.build.version.sdk" returned: 
26

2021-10-10 17:47:01,440:DEBUG:Scripts:Running hook after_run on device j7duo2 (52004f53fe46357d, Android 8.0.0, API level 26)
args: ()
kwargs: {}
2021-10-10 17:47:01,457:INFO:Python3:after_run.py
2021-10-10 17:47:02,169:DEBUG:AndroidRunner.Adb:52004f53fe46357d: "input tap 600 1000" returned: 

2021-10-10 17:47:02,171:DEBUG:Python3:after_run.py returned None
2021-10-10 17:47:02,179:INFO:Profilers:Collecting results
2021-10-10 17:47:02,277:DEBUG:AndroidRunner.Adb:52004f53fe46357d: "getprop ro.build.version.release" returned: 
8.0.0

2021-10-10 17:47:02,352:DEBUG:AndroidRunner.Adb:52004f53fe46357d: "getprop ro.build.version.sdk" returned: 
26

2021-10-10 17:47:02,353:DEBUG:PluginHandler:Batterystats: j7duo2 (52004f53fe46357d, Android 8.0.0, API level 26): Collecting data
2021-10-10 17:47:02,425:DEBUG:AndroidRunner.Adb:52004f53fe46357d: "getprop ro.build.version.sdk" returned: 
26

2021-10-10 17:47:02,574:DEBUG:AndroidRunner.Adb:52004f53fe46357d: "logcat -f /mnt/sdcard/logcat.txt -d" returned: 

2021-10-10 17:47:02,728:DEBUG:AndroidRunner.Adb:52004f53fe46357d: "rm -f /mnt/sdcard/logcat.txt" returned: 

2021-10-10 17:47:02,850:DEBUG:AndroidRunner.Adb:52004f53fe46357d: "dumpsys batterystats --history" returned: 
Battery History (0% used, 276 used of 512KB, 10 strings using 1040):
                    0 (14) RESET:TIME: 2021-10-10-17-45-57
                    0 (1) 100 status=full health=good plug=none temp=269 volt=4310 current=176 ap_temp=28 pst_temp=27 bat_temp=26 chg_temp=0 pa_temp=0 misc_event=0 online=4 current_event=0 charge=0 +running +wake_lock +wifi_radio +screen phone_state=off brightness=medium +wifi_running +wifi wifi_signal_strength=4 wifi_suppl=completed
                    0 (2) 100 fg=u0a22:"com.sec.android.app.samsungapps"
                    0 (2) 100 top=u0a165:"org.mozilla.firefox"
                    0 (2) 100 user=0:"0"
                    0 (2) 100 userfg=0:"0"
                +13ms (2) 100 stats=0:"dump"
               +174ms (2) 100 +job=u0a165:"org.mozilla.firefox/org.mozilla.gecko.dlc.DlcSyncService"
               +226ms (2) 100 +job=u0a165:"org.mozilla.firefox/org.mozilla.gecko.dlc.DlcStudyService"
               +231ms (2) 100 +wifi_scan -job=u0a165:"org.mozilla.firefox/org.mozilla.gecko.dlc.DlcStudyService"
               +256ms (3) 100 +wifi_multicast -job=u0a165:"org.mozilla.firefox/org.mozilla.gecko.dlc.DlcSyncService"
             +2s609ms (1) 100 -wifi_scan
             +7s314ms (3) 100 current=146 ap_temp=29 pst_temp=27 bat_temp=26 chg_temp=0 pa_temp=0
            +17s341ms (3) 100 current=170 ap_temp=28 pst_temp=27 bat_temp=26 chg_temp=0 pa_temp=0
            +27s376ms (3) 100 current=166 ap_temp=28 pst_temp=27 bat_temp=26 chg_temp=0 pa_temp=0
            +37s405ms (3) 100 current=162 ap_temp=28 pst_temp=27 bat_temp=26 chg_temp=0 pa_temp=0
            +47s434ms (3) 100 current=164 ap_temp=28 pst_temp=27 bat_temp=26 chg_temp=0 pa_temp=0
          +1m00s991ms (2) 100 -top=u0a165:"org.mozilla.firefox"
          +1m00s991ms (3) 100 -wifi_multicast +top=u0a74:"com.sec.android.app.launcher"
          +1m01s095ms (2) 100 +job=u0a75:"com.google.android.googlequicksearchbox/com.google.android.apps.gsa.tasks.BackgroundTasksJobService"
          +1m01s115ms (2) 100 -job=u0a75:"com.google.android.googlequicksearchbox/com.google.android.apps.gsa.tasks.BackgroundTasksJobService"
          +1m03s010ms (2) 100 +job=u0a102:"com.facebook.appmanager/com.facebook.oxygen.appmanager.update.core.UpdateService"
          +1m03s028ms (2) 100 +job=u0a102:"com.facebook.appmanager/com.facebook.oxygen.common.jobqueue.JobQueueService"
          +1m03s499ms (2) 100 -job=u0a102:"com.facebook.appmanager/com.facebook.oxygen.appmanager.update.core.UpdateService"
          +1m04s098ms (2) 100 -job=u0a102:"com.facebook.appmanager/com.facebook.oxygen.common.jobqueue.JobQueueService"
          +1m05s560ms (2) 100 stats=0:"dump"


2021-10-10 17:47:03,074:DEBUG:AndroidRunner.Adb:52004f53fe46357d: "dumpsys batterystats | grep "Computed drain:"" returned: 
    Capacity: 3000, Computed drain: 3.36, actual drain: 0

2021-10-10 17:47:03,194:DEBUG:AndroidRunner.Adb:52004f53fe46357d: "dumpsys batterystats | grep "volt="" returned: 
                    0 (1) 100 status=full health=good plug=none temp=269 volt=4310 current=176 ap_temp=28 pst_temp=27 bat_temp=26 chg_temp=0 pa_temp=0 misc_event=0 online=4 current_event=0 charge=0 +running +wake_lock +wifi_radio +screen phone_state=off brightness=medium +wifi_running +wifi wifi_signal_strength=4 wifi_suppl=completed

2021-10-10 17:47:08,263:DEBUG:AndroidRunner.Adb:52004f53fe46357d: "cat /proc/cpuinfo | grep processor | wc -l" returned: 
8

2021-10-10 17:47:08,326:DEBUG:AndroidRunner.Adb:52004f53fe46357d: "getprop ro.build.version.sdk" returned: 
26

2021-10-10 17:47:20,166:INFO:NativeExperiment:Sleeping for 20000 milliseconds
2021-10-10 17:47:40,193:INFO:Profilers:Setting output
2021-10-10 17:47:40,194:DEBUG:PluginHandler:Batterystats: Setting output: /home/pi/external_hdd/android-runner/examples/batterystats/output/2021.10.10_174554/data/j7duo2/org-mozilla-firefox/batterystats
2021-10-10 17:47:40,194:INFO:NativeExperiment:Run 2/2 of subject "org.mozilla.firefox" on j7duo2
2021-10-10 17:47:40,315:DEBUG:AndroidRunner.Adb:52004f53fe46357d: "logcat -c" returned: 

2021-10-10 17:47:40,316:INFO:NativeExperiment:Logcat cleared
2021-10-10 17:47:40,386:DEBUG:AndroidRunner.Adb:52004f53fe46357d: "getprop ro.build.version.release" returned: 
8.0.0

2021-10-10 17:47:40,469:DEBUG:AndroidRunner.Adb:52004f53fe46357d: "getprop ro.build.version.sdk" returned: 
26

2021-10-10 17:47:40,470:DEBUG:Scripts:Running hook before_run on device j7duo2 (52004f53fe46357d, Android 8.0.0, API level 26)
args: ()
kwargs: {}
2021-10-10 17:47:40,489:INFO:Python3:before_run.py
2021-10-10 17:47:40,491:DEBUG:Python3:before_run.py returned None
2021-10-10 17:47:41,337:DEBUG:AndroidRunner.Adb:52004f53fe46357d: "monkey -p org.mozilla.firefox 1" returned: 
  bash arg: -p
  bash arg: org.mozilla.firefox
  bash arg: 1
args: [-p, org.mozilla.firefox, 1]
 arg: "-p"
 arg: "org.mozilla.firefox"
 arg: "1"
data="org.mozilla.firefox"
Events injected: 1
## Network stats: elapsed time=36ms (0ms mobile, 0ms wifi, 36ms not connected)

2021-10-10 17:47:42,430:DEBUG:AndroidRunner.Adb:52004f53fe46357d: "dumpsys activity recents | grep "Recent #0" | cut -d "=" -f2 | grep -o -p "[a-z|.]*"" returned: 
org.mozilla.firefox.


2021-10-10 17:47:42,431:DEBUG:Device:Current activity: org.mozilla.firefox.
2021-10-10 17:47:42,494:DEBUG:AndroidRunner.Adb:52004f53fe46357d: "getprop ro.build.version.release" returned: 
8.0.0

2021-10-10 17:47:42,569:DEBUG:AndroidRunner.Adb:52004f53fe46357d: "getprop ro.build.version.sdk" returned: 
26

2021-10-10 17:47:42,570:DEBUG:Scripts:Running hook after_launch on device j7duo2 (52004f53fe46357d, Android 8.0.0, API level 26)
args: ('52004f53fe46357d', 'org.mozilla.firefox.')
kwargs: {}
2021-10-10 17:47:42,589:INFO:Python3:after_launch.py
2021-10-10 17:47:42,590:DEBUG:Python3:after_launch.py returned None
2021-10-10 17:47:42,595:INFO:Profilers:Start profiling
2021-10-10 17:47:42,659:DEBUG:AndroidRunner.Adb:52004f53fe46357d: "getprop ro.build.version.release" returned: 
8.0.0

2021-10-10 17:47:42,729:DEBUG:AndroidRunner.Adb:52004f53fe46357d: "getprop ro.build.version.sdk" returned: 
26

2021-10-10 17:47:42,730:DEBUG:PluginHandler:Batterystats: j7duo2 (52004f53fe46357d, Android 8.0.0, API level 26): Start profiling
2021-10-10 17:47:42,839:DEBUG:AndroidRunner.Adb:52004f53fe46357d: "dumpsys batterystats --reset" returned: 
Battery stats reset.

2021-10-10 17:47:42,916:DEBUG:AndroidRunner.Adb:52004f53fe46357d: "getprop ro.build.version.release" returned: 
8.0.0

2021-10-10 17:47:42,969:DEBUG:AndroidRunner.Adb:52004f53fe46357d: "getprop ro.build.version.sdk" returned: 
26

2021-10-10 17:47:42,970:DEBUG:Scripts:Running hook interaction on device j7duo2 (52004f53fe46357d, Android 8.0.0, API level 26)
args: (<AndroidRunner.NativeExperiment.NativeExperiment object at 0xb38b9ed0>,)
kwargs: {}
2021-10-10 17:47:42,982:INFO:Python3:interaction.py
2021-10-10 17:47:43,086:DEBUG:AndroidRunner.Adb:52004f53fe46357d: "logcat -d | grep "some keyword"" returned: 
10-10 17:47:43.003  1160  1160 E adbd    : service_to_fd: shell,v2,TERM=xterm-256color,raw:logcat -d | grep "some keyword"

2021-10-10 17:48:43,150:INFO:Profilers:Stop profiling
2021-10-10 17:48:43,256:DEBUG:AndroidRunner.Adb:52004f53fe46357d: "getprop ro.build.version.release" returned: 
8.0.0

2021-10-10 17:48:43,343:DEBUG:AndroidRunner.Adb:52004f53fe46357d: "getprop ro.build.version.sdk" returned: 
26

2021-10-10 17:48:43,344:DEBUG:PluginHandler:Batterystats: j7duo2 (52004f53fe46357d, Android 8.0.0, API level 26): Stop profiling
2021-10-10 17:48:43,442:DEBUG:AndroidRunner.Adb:52004f53fe46357d: "dumpsys activity recents | grep "Recent #0" | cut -d "=" -f2 | grep -o -p "[a-z|.]*"" returned: 
org.mozilla.firefox.


2021-10-10 17:48:43,443:DEBUG:Device:Current activity: org.mozilla.firefox.
2021-10-10 17:48:43,518:DEBUG:AndroidRunner.Adb:52004f53fe46357d: "getprop ro.build.version.release" returned: 
8.0.0

2021-10-10 17:48:43,591:DEBUG:AndroidRunner.Adb:52004f53fe46357d: "getprop ro.build.version.sdk" returned: 
26

2021-10-10 17:48:43,592:DEBUG:Scripts:Running hook before_close on device j7duo2 (52004f53fe46357d, Android 8.0.0, API level 26)
args: ('52004f53fe46357d', 'org.mozilla.firefox.')
kwargs: {}
2021-10-10 17:48:43,609:INFO:Python3:before_close.py
2021-10-10 17:48:43,610:DEBUG:Python3:before_close.py returned None
2021-10-10 17:48:43,807:DEBUG:AndroidRunner.Adb:52004f53fe46357d: "am force-stop org.mozilla.firefox" returned: 

2021-10-10 17:48:46,912:DEBUG:AndroidRunner.Adb:52004f53fe46357d: "getprop ro.build.version.release" returned: 
8.0.0

2021-10-10 17:48:46,987:DEBUG:AndroidRunner.Adb:52004f53fe46357d: "getprop ro.build.version.sdk" returned: 
26

2021-10-10 17:48:46,988:DEBUG:Scripts:Running hook after_run on device j7duo2 (52004f53fe46357d, Android 8.0.0, API level 26)
args: ()
kwargs: {}
2021-10-10 17:48:47,007:INFO:Python3:after_run.py
2021-10-10 17:48:47,752:DEBUG:AndroidRunner.Adb:52004f53fe46357d: "input tap 600 1000" returned: 

2021-10-10 17:48:47,754:DEBUG:Python3:after_run.py returned None
2021-10-10 17:48:47,760:INFO:Profilers:Collecting results
2021-10-10 17:48:47,858:DEBUG:AndroidRunner.Adb:52004f53fe46357d: "getprop ro.build.version.release" returned: 
8.0.0

2021-10-10 17:48:47,933:DEBUG:AndroidRunner.Adb:52004f53fe46357d: "getprop ro.build.version.sdk" returned: 
26

2021-10-10 17:48:47,934:DEBUG:PluginHandler:Batterystats: j7duo2 (52004f53fe46357d, Android 8.0.0, API level 26): Collecting data
2021-10-10 17:48:48,008:DEBUG:AndroidRunner.Adb:52004f53fe46357d: "getprop ro.build.version.sdk" returned: 
26

2021-10-10 17:48:48,144:DEBUG:AndroidRunner.Adb:52004f53fe46357d: "logcat -f /mnt/sdcard/logcat.txt -d" returned: 

2021-10-10 17:48:48,285:DEBUG:AndroidRunner.Adb:52004f53fe46357d: "rm -f /mnt/sdcard/logcat.txt" returned: 

2021-10-10 17:48:48,391:DEBUG:AndroidRunner.Adb:52004f53fe46357d: "dumpsys batterystats --history" returned: 
Battery History (0% used, 280 used of 512KB, 9 strings using 836):
                    0 (14) RESET:TIME: 2021-10-10-17-47-42
                    0 (1) 100 status=full health=good plug=none temp=269 volt=4310 current=155 ap_temp=28 pst_temp=27 bat_temp=26 chg_temp=0 pa_temp=0 misc_event=0 online=4 current_event=0 charge=0 +running +wake_lock +wifi_radio +screen phone_state=off brightness=medium +wifi_running +wifi wifi_signal_strength=4 wifi_suppl=completed
                    0 (2) 100 fg=u0a22:"com.sec.android.app.samsungapps"
                    0 (2) 100 top=u0a165:"org.mozilla.firefox"
                    0 (2) 100 user=0:"0"
                    0 (2) 100 userfg=0:"0"
                +13ms (2) 100 stats=0:"dump"
               +197ms (2) 100 +job=u0a165:"org.mozilla.firefox/org.mozilla.gecko.dlc.DlcSyncService"
               +250ms (2) 100 +job=u0a165:"org.mozilla.firefox/org.mozilla.gecko.dlc.DlcStudyService"
               +265ms (2) 100 +wifi_scan -job=u0a165:"org.mozilla.firefox/org.mozilla.gecko.dlc.DlcSyncService"
               +301ms (2) 100 +job=u0a165:"org.mozilla.firefox/org.mozilla.gecko.dlc.DlcDownloadService"
               +315ms (2) 100 -job=u0a165:"org.mozilla.firefox/org.mozilla.gecko.dlc.DlcDownloadService"
               +318ms (3) 100 +wifi_multicast -job=u0a165:"org.mozilla.firefox/org.mozilla.gecko.dlc.DlcStudyService"
             +2s057ms (3) 100 current=52 ap_temp=30 pst_temp=28 bat_temp=26 chg_temp=0 pa_temp=0 -wifi_scan
            +12s082ms (3) 100 current=154 ap_temp=29 pst_temp=28 bat_temp=26 chg_temp=0 pa_temp=0
            +22s112ms (3) 100 current=153 ap_temp=28 pst_temp=28 bat_temp=26 chg_temp=0 pa_temp=0
            +32s139ms (3) 100 current=151 ap_temp=28 pst_temp=28 bat_temp=26 chg_temp=0 pa_temp=0
            +42s169ms (3) 100 current=152 ap_temp=28 pst_temp=28 bat_temp=26 chg_temp=0 pa_temp=0
            +52s200ms (3) 100 current=148 ap_temp=28 pst_temp=28 bat_temp=26 chg_temp=0 pa_temp=0
          +1m00s978ms (2) 100 -top=u0a165:"org.mozilla.firefox"
          +1m00s978ms (3) 100 -wifi_multicast +top=u0a74:"com.sec.android.app.launcher"
          +1m01s125ms (2) 100 +job=u0a75:"com.google.android.googlequicksearchbox/com.google.android.apps.gsa.tasks.BackgroundTasksJobService"
          +1m01s147ms (2) 100 -job=u0a75:"com.google.android.googlequicksearchbox/com.google.android.apps.gsa.tasks.BackgroundTasksJobService"
          +1m02s218ms (3) 100 current=132 ap_temp=28 pst_temp=28 bat_temp=26 chg_temp=0 pa_temp=0
          +1m05s558ms (2) 100 stats=0:"dump"


2021-10-10 17:48:48,578:DEBUG:AndroidRunner.Adb:52004f53fe46357d: "dumpsys batterystats | grep "Computed drain:"" returned: 
    Capacity: 3000, Computed drain: 3.62, actual drain: 0

2021-10-10 17:48:48,686:DEBUG:AndroidRunner.Adb:52004f53fe46357d: "dumpsys batterystats | grep "volt="" returned: 
                    0 (1) 100 status=full health=good plug=none temp=269 volt=4310 current=155 ap_temp=28 pst_temp=27 bat_temp=26 chg_temp=0 pa_temp=0 misc_event=0 online=4 current_event=0 charge=0 +running +wake_lock +wifi_radio +screen phone_state=off brightness=medium +wifi_running +wifi wifi_signal_strength=4 wifi_suppl=completed

2021-10-10 17:48:53,402:DEBUG:AndroidRunner.Adb:52004f53fe46357d: "cat /proc/cpuinfo | grep processor | wc -l" returned: 
8

2021-10-10 17:48:53,464:DEBUG:AndroidRunner.Adb:52004f53fe46357d: "getprop ro.build.version.sdk" returned: 
26

2021-10-10 17:49:05,117:INFO:NativeExperiment:Sleeping for 20000 milliseconds
2021-10-10 17:49:25,936:DEBUG:AndroidRunner.Adb:52004f53fe46357d: "pm list packages" returned: 
package:com.samsung.android.provider.filterprovider
package:com.monotype.android.font.rosemary
package:com.sec.android.app.DataCreate
package:com.android.cts.priv.ctsshim
package:com.gd.mobicore.pa
package:com.sec.android.widgetapp.samsungapps
package:com.google.android.youtube
package:com.samsung.android.app.galaxyfinder
package:com.sec.location.nsflp2
package:com.samsung.android.themestore
package:com.sec.android.app.chromecustomizations
package:com.google.android.ext.services
package:com.android.providers.telephony
package:com.sec.android.app.parser
package:com.samsung.android.applock
package:com.google.android.googlequicksearchbox
package:com.samsung.android.calendar
package:com.android.providers.calendar
package:com.osp.app.signin
package:com.samsung.clipboardsaveservice
package:com.sec.automation
package:com.android.providers.media
package:com.google.android.onetimeinitializer
package:com.sec.android.mimage.gear360editor
package:com.google.android.ext.shared
package:com.android.wallpapercropper
package:com.samsung.android.provider.shootingmodeprovider
package:com.samsung.android.wallpaper.res
package:com.samsung.android.app.withtv
package:com.samsung.android.smartmirroring
package:com.skms.android.agent
package:com.sec.android.app.safetyassurance
package:com.samsung.android.incallui
package:com.samsung.android.knox.containercore
package:com.sec.factory.camera
package:com.sec.vsimservice
package:org.simalliance.openmobileapi.service
package:com.sec.usbsettings
package:com.samsung.android.easysetup
package:com.android.documentsui
package:android.auto_generated_rro__
package:com.android.externalstorage
package:com.sec.android.easyonehand
package:com.sec.android.app.camerabokehservice
package:com.sec.factory
package:com.samsung.android.provider.stickerprovider
package:com.android.htmlviewer
package:com.android.companiondevicemanager
package:com.android.mms.service
package:com.samsung.android.rubin.app
package:com.sec.android.wallpapercropper2
package:com.android.providers.downloads
package:com.diotek.sec.lookup.dictionary
package:com.sec.android.easyMover.Agent
package:com.samsung.ucs.agent.boot
package:com.wsomacp
package:com.samsung.faceservice
package:com.sec.android.app.voicenote
package:com.monotype.android.font.foundation
package:com.sec.android.widgetapp.easymodecontactswidget
package:com.samsung.android.email.provider
package:com.samsung.android.MtpApplication
package:com.sec.android.app.factorykeystring
package:com.sec.android.app.samsungapps
package:com.sec.android.emergencymode.service
package:com.google.android.configupdater
package:com.sec.android.app.wlantest
package:com.microsoft.office.excel
package:com.samsung.android.app.camera.sticker.facear.preload
package:com.sec.android.app.billing
package:com.sec.epdgtestapp
package:com.samsung.android.game.gamehome
package:com.android.defcontainer
package:com.sec.android.daemonapp
package:com.sec.ims
package:com.sec.sve
package:com.sec.enterprise.knox.attestation
package:com.android.providers.downloads.ui
package:com.android.vending
package:com.android.pacprocessor
package:com.dsi.ant.service.socket
package:com.sec.android.AutoPreconfig
package:com.microsoft.skydrive
package:com.samsung.android.SettingsReceiver
package:com.sec.android.app.soundalive
package:com.sec.android.providers.security
package:com.sec.android.provider.badge
package:com.android.certinstaller
package:com.samsung.android.securitylogagent
package:com.android.carrierconfig
package:com.google.android.marvin.talkback
package:com.samsung.android.knox.containeragent
package:com.samsung.android.app.assistantmenu
package:com.samsung.SMT
package:com.samsung.cmh
package:com.samsung.mlp
package:com.samsung.knox.securefolder.setuppage
package:com.sec.factory.iris.usercamera
package:android
package:com.samsung.android.app.multiwindow
package:com.samsung.android.sm.devicesecurity
package:com.dsi.ant.sample.acquirechannels
package:com.android.egg
package:com.android.mtp
package:com.android.stk
package:com.samsung.android.messaging
package:com.android.backupconfirm
package:com.samsung.klmsagent
package:com.sec.android.app.SecSetupWizard
package:com.android.statementservice
package:com.google.android.gm
package:com.google.android.apps.tachyon
package:com.sec.android.app.hwmoduletest
package:com.sec.bcservice
package:com.sec.modem.settings
package:com.sec.android.app.sysscope
package:com.samsung.android.providers.context
package:com.sec.android.app.servicemodeapp
package:com.sec.android.preloadinstaller
package:com.sec.android.uibcvirtualsoftkey
package:com.google.android.setupwizard
package:com.samsung.android.sdk.professionalaudio.utility.jammonitor
package:com.sec.android.gallery3d
package:com.android.providers.settings
package:com.sec.imsservice
package:com.android.sharedstoragebackup
package:com.facebook.services
package:com.google.android.music
package:com.samsung.android.mobileservice
package:com.android.printspooler
package:com.samsung.storyservice
package:com.android.dreams.basic
package:com.android.inputdevices
package:com.samsung.knox.securefolder
package:com.android.bips
package:com.android.stk2
package:com.samsung.android.game.gametools
package:com.samsung.android.app.simplesharing
package:com.samsung.android.da.daagent
package:com.samsung.android.app.reminder
package:com.samsung.android.timezone.autoupdate_O
package:com.samsung.android.smartcallprovider
package:com.google.android.apps.docs
package:com.google.android.apps.maps
package:com.sec.enterprise.mdm.vpn
package:com.dsi.ant.plugins.antplus
package:com.microsoft.office.word
package:com.samsung.advp.imssettings
package:com.samsung.android.location
package:com.sec.android.inputmethod
package:com.sec.android.app.clockpackage
package:com.sec.android.RilServiceModeApp
package:com.google.android.webview
package:com.sec.android.app.simsettingmgr
package:com.microsoft.office.powerpoint
package:com.android.server.telecom
package:com.google.android.syncadapters.contacts
package:com.sec.imslogger
package:com.samsung.android.clipboarduiservice
package:com.android.keychain
package:com.android.chrome
package:com.samsung.android.themecenter
package:com.google.android.packageinstaller
package:com.google.android.gms
package:com.google.android.gsf
package:com.google.android.tts
package:android.autoinstalls.config.samsung
package:com.android.calllogbackup
package:com.google.android.partnersetup
package:com.sec.android.diagmonagent
package:com.google.android.videos
package:com.sec.spp.push
package:com.android.carrierdefaultapp
package:com.dsi.ant.server
package:com.sec.android.app.myfiles
package:com.android.proxyhandler
package:com.samsung.android.allshare.service.fileshare
package:com.sec.android.mimage.photoretouching
package:com.sec.android.app.launcher
package:flipboard.boxer.app
package:com.google.android.feedback
package:com.google.android.printservice.recommendation
package:com.google.android.apps.photos
package:com.google.android.syncadapters.calendar
package:com.android.managedprovisioning
package:com.samsung.android.authfw
package:com.sec.android.app.sbrowser
package:com.monotype.android.font.chococooky
package:com.android.dreams.phototable
package:com.sec.android.service.health
package:com.samsung.safetyinformation
package:com.facebook.katana
package:com.samsung.android.dqagent
package:com.sec.android.app.ringtoneBR
package:com.android.providers.partnerbookmarks
package:com.example.test
package:com.samsung.android.app.accesscontrol
package:com.android.wallpaper.livepicker
package:com.samsung.android.beaconmanager
package:com.sec.enterprise.mdm.services.simpin
package:com.samsung.networkui
package:com.samsung.android.stickercenter
package:com.facebook.system
package:com.samsung.android.oneconnect
package:com.sec.android.app.popupcalculator
package:com.sec.android.soagent
package:org.mozilla.firefox
package:com.samsung.android.fmm
package:com.samsung.android.mdm
package:com.samsung.android.rlc
package:com.samsung.android.uds
package:com.samsung.android.voc
package:com.sec.android.app.shealth
package:com.sec.phone
package:com.google.android.backuptransport
package:com.samsung.android.samsungpass
package:com.android.storagemanager
package:com.samsung.android.scloud
package:com.samsung.android.app.soundpicker
package:com.sec.app.RilErrorNotifier
package:com.android.bookmarkprovider
package:com.linkedin.android
package:com.android.settings
package:com.samsung.app.newtrim
package:com.samsung.android.app.color
package:com.samsung.android.lool
package:com.samsung.android.app.notes
package:com.sec.android.app.bluetoothtest
package:com.samsung.android.app.spage
package:com.sec.android.emergencylauncher
package:com.sec.hearingadjust
package:com.samsung.android.dlp.service
package:com.samsung.android.bbc.bbcagent
package:com.knox.vpn.proxyhandler
package:com.android.cts.ctsshim
package:com.samsung.android.stickerplugin
package:com.sec.android.splitsound
package:com.wssnps
package:com.samsung.android.app.watchmanagerstub
package:com.samsung.android.svcagent
package:com.policydm
package:com.samsung.android.sdk.professionalaudio.app.audioconnectionservice
package:com.enhance.gameservice
package:com.samsung.android.shortcutbackupservice
package:com.android.vpndialogs
package:com.samsung.memorysaver
package:com.samsung.android.providers.contacts
package:com.samsung.dcmservice
package:com.android.phone
package:com.android.shell
package:com.android.wallpaperbackup
package:com.example.myapplication
package:com.android.providers.blockednumber
package:com.samsung.android.app.omcagent
package:com.hiya.star
package:com.android.providers.userdictionary
package:com.sec.enterprise.knox.cloudmdm.smdms
package:com.samsung.android.app.camera.sticker.stamp.preload
package:com.android.emergency
package:com.wssyncmldm
package:com.android.location.fused
package:com.samsung.android.samsungpassautofill
package:com.sec.epdg
package:com.android.systemui
package:com.sec.android.app.personalization
package:com.monotype.android.font.cooljazz
package:com.android.bluetoothmidiservice
package:com.samsung.android.sdk.handwriting
package:com.facebook.appmanager
package:com.samsung.android.app.clockpack
package:com.quicinc.trepn
package:com.samsung.aasaservice
package:com.samsung.android.allshare.service.mediashare
package:com.sec.android.app.fm
package:com.sec.android.provider.emergencymode
package:com.samsung.android.fingerprint.service
package:com.sec.android.app.camera
package:com.android.bluetooth
package:com.samsung.android.contacts
package:com.sec.android.app.magnifier
package:com.sec.android.widgetapp.webmanual
package:com.samsung.sec.android.application.csc
package:com.android.captiveportallogin
package:com.samsung.upsmtheme
package:com.samsung.android.coreapps
package:com.samsung.android.app.dofviewer
package:com.samsung.android.bio.face.service
package:com.samsung.android.video

2021-10-10 17:49:25,942:INFO:Profilers:Start subject aggregation
2021-10-10 17:49:25,943:DEBUG:PluginHandler:%s: aggregating subject results
2021-10-10 17:49:25,953:INFO:Profilers:Setting output
2021-10-10 17:49:25,954:DEBUG:PluginHandler:Batterystats: Setting output: /home/pi/external_hdd/android-runner/examples/batterystats/output/2021.10.10_174554/data/j7duo2/com-facebook-katanza/batterystats
2021-10-10 17:49:25,954:INFO:NativeExperiment:Run 1/2 of subject "com.facebook.katanza" on j7duo2
2021-10-10 17:49:26,069:DEBUG:AndroidRunner.Adb:52004f53fe46357d: "logcat -c" returned: 

2021-10-10 17:49:26,070:INFO:NativeExperiment:Logcat cleared
2021-10-10 17:49:26,152:DEBUG:AndroidRunner.Adb:52004f53fe46357d: "getprop ro.build.version.release" returned: 
8.0.0

2021-10-10 17:49:26,230:DEBUG:AndroidRunner.Adb:52004f53fe46357d: "getprop ro.build.version.sdk" returned: 
26

2021-10-10 17:49:26,231:DEBUG:Scripts:Running hook before_run on device j7duo2 (52004f53fe46357d, Android 8.0.0, API level 26)
args: ()
kwargs: {}
2021-10-10 17:49:26,250:INFO:Python3:before_run.py
2021-10-10 17:49:26,252:DEBUG:Python3:before_run.py returned None
2021-10-10 17:49:27,017:DEBUG:AndroidRunner.Adb:52004f53fe46357d: "monkey -p com.facebook.katanza 1" returned: 
  bash arg: -p
  bash arg: com.facebook.katanza
  bash arg: 1
args: [-p, com.facebook.katanza, 1]
 arg: "-p"
 arg: "com.facebook.katanza"
 arg: "1"
data="com.facebook.katanza"
** No activities found to run, monkey aborted.

2021-10-10 17:49:27,024:ERROR:NativeExperiment:AdbError: Could not launch "com.facebook.katanza"
2021-10-10 17:49:27,140:DEBUG:AndroidRunner.Adb:52004f53fe46357d: "dumpsys battery reset" returned: 

2021-10-10 17:49:27,141:INFO:Profilers:Stop profiling
2021-10-10 17:49:27,235:DEBUG:AndroidRunner.Adb:52004f53fe46357d: "getprop ro.build.version.release" returned: 
8.0.0

2021-10-10 17:49:27,308:DEBUG:AndroidRunner.Adb:52004f53fe46357d: "getprop ro.build.version.sdk" returned: 
26

2021-10-10 17:49:27,309:DEBUG:PluginHandler:Batterystats: j7duo2 (52004f53fe46357d, Android 8.0.0, API level 26): Stop profiling
2021-10-10 17:49:27,310:INFO:Profilers:Unloading
2021-10-10 17:49:27,379:DEBUG:AndroidRunner.Adb:52004f53fe46357d: "getprop ro.build.version.release" returned: 
8.0.0

2021-10-10 17:49:27,453:DEBUG:AndroidRunner.Adb:52004f53fe46357d: "getprop ro.build.version.sdk" returned: 
26

2021-10-10 17:49:27,454:DEBUG:PluginHandler:Batterystats: j7duo2 (52004f53fe46357d, Android 8.0.0, API level 26): Cleanup
2021-10-10 17:49:28,219:DEBUG:AndroidRunner.Adb:52004f53fe46357d: "pm list packages" returned: 
package:com.samsung.android.provider.filterprovider
package:com.monotype.android.font.rosemary
package:com.sec.android.app.DataCreate
package:com.android.cts.priv.ctsshim
package:com.gd.mobicore.pa
package:com.sec.android.widgetapp.samsungapps
package:com.google.android.youtube
package:com.samsung.android.app.galaxyfinder
package:com.sec.location.nsflp2
package:com.samsung.android.themestore
package:com.sec.android.app.chromecustomizations
package:com.google.android.ext.services
package:com.android.providers.telephony
package:com.sec.android.app.parser
package:com.samsung.android.applock
package:com.google.android.googlequicksearchbox
package:com.samsung.android.calendar
package:com.android.providers.calendar
package:com.osp.app.signin
package:com.samsung.clipboardsaveservice
package:com.sec.automation
package:com.android.providers.media
package:com.google.android.onetimeinitializer
package:com.sec.android.mimage.gear360editor
package:com.google.android.ext.shared
package:com.android.wallpapercropper
package:com.samsung.android.provider.shootingmodeprovider
package:com.samsung.android.wallpaper.res
package:com.samsung.android.app.withtv
package:com.samsung.android.smartmirroring
package:com.skms.android.agent
package:com.sec.android.app.safetyassurance
package:com.samsung.android.incallui
package:com.samsung.android.knox.containercore
package:com.sec.factory.camera
package:com.sec.vsimservice
package:org.simalliance.openmobileapi.service
package:com.sec.usbsettings
package:com.samsung.android.easysetup
package:com.android.documentsui
package:android.auto_generated_rro__
package:com.android.externalstorage
package:com.sec.android.easyonehand
package:com.sec.android.app.camerabokehservice
package:com.sec.factory
package:com.samsung.android.provider.stickerprovider
package:com.android.htmlviewer
package:com.android.companiondevicemanager
package:com.android.mms.service
package:com.samsung.android.rubin.app
package:com.sec.android.wallpapercropper2
package:com.android.providers.downloads
package:com.diotek.sec.lookup.dictionary
package:com.sec.android.easyMover.Agent
package:com.samsung.ucs.agent.boot
package:com.wsomacp
package:com.samsung.faceservice
package:com.sec.android.app.voicenote
package:com.monotype.android.font.foundation
package:com.sec.android.widgetapp.easymodecontactswidget
package:com.samsung.android.email.provider
package:com.samsung.android.MtpApplication
package:com.sec.android.app.factorykeystring
package:com.sec.android.app.samsungapps
package:com.sec.android.emergencymode.service
package:com.google.android.configupdater
package:com.sec.android.app.wlantest
package:com.microsoft.office.excel
package:com.samsung.android.app.camera.sticker.facear.preload
package:com.sec.android.app.billing
package:com.sec.epdgtestapp
package:com.samsung.android.game.gamehome
package:com.android.defcontainer
package:com.sec.android.daemonapp
package:com.sec.ims
package:com.sec.sve
package:com.sec.enterprise.knox.attestation
package:com.android.providers.downloads.ui
package:com.android.vending
package:com.android.pacprocessor
package:com.dsi.ant.service.socket
package:com.sec.android.AutoPreconfig
package:com.microsoft.skydrive
package:com.samsung.android.SettingsReceiver
package:com.sec.android.app.soundalive
package:com.sec.android.providers.security
package:com.sec.android.provider.badge
package:com.android.certinstaller
package:com.samsung.android.securitylogagent
package:com.android.carrierconfig
package:com.google.android.marvin.talkback
package:com.samsung.android.knox.containeragent
package:com.samsung.android.app.assistantmenu
package:com.samsung.SMT
package:com.samsung.cmh
package:com.samsung.mlp
package:com.samsung.knox.securefolder.setuppage
package:com.sec.factory.iris.usercamera
package:android
package:com.samsung.android.app.multiwindow
package:com.samsung.android.sm.devicesecurity
package:com.dsi.ant.sample.acquirechannels
package:com.android.egg
package:com.android.mtp
package:com.android.stk
package:com.samsung.android.messaging
package:com.android.backupconfirm
package:com.samsung.klmsagent
package:com.sec.android.app.SecSetupWizard
package:com.android.statementservice
package:com.google.android.gm
package:com.google.android.apps.tachyon
package:com.sec.android.app.hwmoduletest
package:com.sec.bcservice
package:com.sec.modem.settings
package:com.sec.android.app.sysscope
package:com.samsung.android.providers.context
package:com.sec.android.app.servicemodeapp
package:com.sec.android.preloadinstaller
package:com.sec.android.uibcvirtualsoftkey
package:com.google.android.setupwizard
package:com.samsung.android.sdk.professionalaudio.utility.jammonitor
package:com.sec.android.gallery3d
package:com.android.providers.settings
package:com.sec.imsservice
package:com.android.sharedstoragebackup
package:com.facebook.services
package:com.google.android.music
package:com.samsung.android.mobileservice
package:com.android.printspooler
package:com.samsung.storyservice
package:com.android.dreams.basic
package:com.android.inputdevices
package:com.samsung.knox.securefolder
package:com.android.bips
package:com.android.stk2
package:com.samsung.android.game.gametools
package:com.samsung.android.app.simplesharing
package:com.samsung.android.da.daagent
package:com.samsung.android.app.reminder
package:com.samsung.android.timezone.autoupdate_O
package:com.samsung.android.smartcallprovider
package:com.google.android.apps.docs
package:com.google.android.apps.maps
package:com.sec.enterprise.mdm.vpn
package:com.dsi.ant.plugins.antplus
package:com.microsoft.office.word
package:com.samsung.advp.imssettings
package:com.samsung.android.location
package:com.sec.android.inputmethod
package:com.sec.android.app.clockpackage
package:com.sec.android.RilServiceModeApp
package:com.google.android.webview
package:com.sec.android.app.simsettingmgr
package:com.microsoft.office.powerpoint
package:com.android.server.telecom
package:com.google.android.syncadapters.contacts
package:com.sec.imslogger
package:com.samsung.android.clipboarduiservice
package:com.android.keychain
package:com.android.chrome
package:com.samsung.android.themecenter
package:com.google.android.packageinstaller
package:com.google.android.gms
package:com.google.android.gsf
package:com.google.android.tts
package:android.autoinstalls.config.samsung
package:com.android.calllogbackup
package:com.google.android.partnersetup
package:com.sec.android.diagmonagent
package:com.google.android.videos
package:com.sec.spp.push
package:com.android.carrierdefaultapp
package:com.dsi.ant.server
package:com.sec.android.app.myfiles
package:com.android.proxyhandler
package:com.samsung.android.allshare.service.fileshare
package:com.sec.android.mimage.photoretouching
package:com.sec.android.app.launcher
package:flipboard.boxer.app
package:com.google.android.feedback
package:com.google.android.printservice.recommendation
package:com.google.android.apps.photos
package:com.google.android.syncadapters.calendar
package:com.android.managedprovisioning
package:com.samsung.android.authfw
package:com.sec.android.app.sbrowser
package:com.monotype.android.font.chococooky
package:com.android.dreams.phototable
package:com.sec.android.service.health
package:com.samsung.safetyinformation
package:com.facebook.katana
package:com.samsung.android.dqagent
package:com.sec.android.app.ringtoneBR
package:com.android.providers.partnerbookmarks
package:com.example.test
package:com.samsung.android.app.accesscontrol
package:com.android.wallpaper.livepicker
package:com.samsung.android.beaconmanager
package:com.sec.enterprise.mdm.services.simpin
package:com.samsung.networkui
package:com.samsung.android.stickercenter
package:com.facebook.system
package:com.samsung.android.oneconnect
package:com.sec.android.app.popupcalculator
package:com.sec.android.soagent
package:org.mozilla.firefox
package:com.samsung.android.fmm
package:com.samsung.android.mdm
package:com.samsung.android.rlc
package:com.samsung.android.uds
package:com.samsung.android.voc
package:com.sec.android.app.shealth
package:com.sec.phone
package:com.google.android.backuptransport
package:com.samsung.android.samsungpass
package:com.android.storagemanager
package:com.samsung.android.scloud
package:com.samsung.android.app.soundpicker
package:com.sec.app.RilErrorNotifier
package:com.android.bookmarkprovider
package:com.linkedin.android
package:com.android.settings
package:com.samsung.app.newtrim
package:com.samsung.android.app.color
package:com.samsung.android.lool
package:com.samsung.android.app.notes
package:com.sec.android.app.bluetoothtest
package:com.samsung.android.app.spage
package:com.sec.android.emergencylauncher
package:com.sec.hearingadjust
package:com.samsung.android.dlp.service
package:com.samsung.android.bbc.bbcagent
package:com.knox.vpn.proxyhandler
package:com.android.cts.ctsshim
package:com.samsung.android.stickerplugin
package:com.sec.android.splitsound
package:com.wssnps
package:com.samsung.android.app.watchmanagerstub
package:com.samsung.android.svcagent
package:com.policydm
package:com.samsung.android.sdk.professionalaudio.app.audioconnectionservice
package:com.enhance.gameservice
package:com.samsung.android.shortcutbackupservice
package:com.android.vpndialogs
package:com.samsung.memorysaver
package:com.samsung.android.providers.contacts
package:com.samsung.dcmservice
package:com.android.phone
package:com.android.shell
package:com.android.wallpaperbackup
package:com.example.myapplication
package:com.android.providers.blockednumber
package:com.samsung.android.app.omcagent
package:com.hiya.star
package:com.android.providers.userdictionary
package:com.sec.enterprise.knox.cloudmdm.smdms
package:com.samsung.android.app.camera.sticker.stamp.preload
package:com.android.emergency
package:com.wssyncmldm
package:com.android.location.fused
package:com.samsung.android.samsungpassautofill
package:com.sec.epdg
package:com.android.systemui
package:com.sec.android.app.personalization
package:com.monotype.android.font.cooljazz
package:com.android.bluetoothmidiservice
package:com.samsung.android.sdk.handwriting
package:com.facebook.appmanager
package:com.samsung.android.app.clockpack
package:com.quicinc.trepn
package:com.samsung.aasaservice
package:com.samsung.android.allshare.service.mediashare
package:com.sec.android.app.fm
package:com.sec.android.provider.emergencymode
package:com.samsung.android.fingerprint.service
package:com.sec.android.app.camera
package:com.android.bluetooth
package:com.samsung.android.contacts
package:com.sec.android.app.magnifier
package:com.sec.android.widgetapp.webmanual
package:com.samsung.sec.android.application.csc
package:com.android.captiveportallogin
package:com.samsung.upsmtheme
package:com.samsung.android.coreapps
package:com.samsung.android.app.dofviewer
package:com.samsung.android.bio.face.service
package:com.samsung.android.video

2021-10-10 17:49:28,221:ERROR:root:AdbError: Could not launch "com.facebook.katanza"
2021-10-10 17:49:28,222:ERROR:root:An error occurred, the experiment has been stopped. To continue, add progress file argument to experiment startup: --progress /home/pi/external_hdd/android-runner/examples/batterystats/output/2021.10.10_174554/progress.xml
