2021-10-10 13:39:34,967:INFO:ExperimentFactory:/home/pi/external_hdd/android-runner/examples/batterystats/config_web.json
2021-10-10 13:39:35,009:DEBUG:AndroidRunner.Adb:Device list:
{0: '52004f53fe46357d'}
2021-10-10 13:39:35,009:INFO:Device:Setting logcat buffer size to 57344K
2021-10-10 13:39:35,176:DEBUG:AndroidRunner.Adb:52004f53fe46357d: "logcat -G 57344K" returned: 

2021-10-10 13:39:35,224:DEBUG:PluginHandler:batterystats: Initialized
2021-10-10 13:39:35,227:DEBUG:Python3:Imported /home/pi/external_hdd/android-runner/examples/batterystats/Scripts/before_experiment.py
2021-10-10 13:39:35,228:DEBUG:Python3:Imported /home/pi/external_hdd/android-runner/examples/batterystats/Scripts/before_run.py
2021-10-10 13:39:35,230:DEBUG:Python3:Imported /home/pi/external_hdd/android-runner/examples/batterystats/Scripts/after_launch.py
2021-10-10 13:39:35,231:DEBUG:Python3:Imported /home/pi/external_hdd/android-runner/examples/batterystats/Scripts/interaction.py
2021-10-10 13:39:35,233:DEBUG:Python3:Imported /home/pi/external_hdd/android-runner/examples/batterystats/Scripts/before_close.py
2021-10-10 13:39:35,234:DEBUG:Python3:Imported /home/pi/external_hdd/android-runner/examples/batterystats/Scripts/after_run.py
2021-10-10 13:39:35,236:DEBUG:Python3:Imported /home/pi/external_hdd/android-runner/examples/batterystats/Scripts/after_experiment.py
2021-10-10 13:39:36,941:DEBUG:AndroidRunner.Adb:52004f53fe46357d: "pm list packages" returned: 
package:com.samsung.android.provider.filterprovider
package:com.monotype.android.font.rosemary
package:com.sec.android.app.DataCreate
package:com.android.cts.priv.ctsshim
package:com.gd.mobicore.pa
package:com.sec.android.widgetapp.samsungapps
package:com.google.android.youtube
package:com.samsung.android.app.galaxyfinder
package:com.sec.location.nsflp2
package:com.samsung.android.themestore
package:com.sec.android.app.chromecustomizations
package:com.google.android.ext.services
package:com.android.providers.telephony
package:com.sec.android.app.parser
package:com.samsung.android.applock
package:com.google.android.googlequicksearchbox
package:com.samsung.android.calendar
package:com.android.providers.calendar
package:com.osp.app.signin
package:com.samsung.clipboardsaveservice
package:com.sec.automation
package:com.android.providers.media
package:com.google.android.onetimeinitializer
package:com.sec.android.mimage.gear360editor
package:com.google.android.ext.shared
package:com.android.wallpapercropper
package:com.samsung.android.provider.shootingmodeprovider
package:com.samsung.android.wallpaper.res
package:com.samsung.android.app.withtv
package:com.samsung.android.smartmirroring
package:com.skms.android.agent
package:com.sec.android.app.safetyassurance
package:com.samsung.android.incallui
package:com.samsung.android.knox.containercore
package:com.sec.factory.camera
package:com.sec.vsimservice
package:org.simalliance.openmobileapi.service
package:com.sec.usbsettings
package:com.samsung.android.easysetup
package:com.android.documentsui
package:android.auto_generated_rro__
package:com.android.externalstorage
package:com.sec.android.easyonehand
package:com.sec.android.app.camerabokehservice
package:com.sec.factory
package:com.samsung.android.provider.stickerprovider
package:com.android.htmlviewer
package:com.android.companiondevicemanager
package:com.android.mms.service
package:com.samsung.android.rubin.app
package:com.sec.android.wallpapercropper2
package:com.android.providers.downloads
package:com.diotek.sec.lookup.dictionary
package:com.sec.android.easyMover.Agent
package:com.samsung.ucs.agent.boot
package:com.wsomacp
package:com.samsung.faceservice
package:com.sec.android.app.voicenote
package:com.monotype.android.font.foundation
package:com.sec.android.widgetapp.easymodecontactswidget
package:com.samsung.android.email.provider
package:com.samsung.android.MtpApplication
package:com.sec.android.app.factorykeystring
package:com.sec.android.app.samsungapps
package:com.sec.android.emergencymode.service
package:com.google.android.configupdater
package:com.sec.android.app.wlantest
package:com.microsoft.office.excel
package:com.samsung.android.app.camera.sticker.facear.preload
package:com.sec.android.app.billing
package:com.sec.epdgtestapp
package:com.samsung.android.game.gamehome
package:com.android.defcontainer
package:com.sec.android.daemonapp
package:com.sec.ims
package:com.sec.sve
package:com.sec.enterprise.knox.attestation
package:com.android.providers.downloads.ui
package:com.android.vending
package:com.android.pacprocessor
package:com.dsi.ant.service.socket
package:com.sec.android.AutoPreconfig
package:com.microsoft.skydrive
package:com.samsung.android.SettingsReceiver
package:com.sec.android.app.soundalive
package:com.sec.android.providers.security
package:com.sec.android.provider.badge
package:com.android.certinstaller
package:com.samsung.android.securitylogagent
package:com.android.carrierconfig
package:com.google.android.marvin.talkback
package:com.samsung.android.knox.containeragent
package:com.samsung.android.app.assistantmenu
package:com.samsung.SMT
package:com.samsung.cmh
package:com.samsung.mlp
package:com.samsung.knox.securefolder.setuppage
package:com.sec.factory.iris.usercamera
package:android
package:com.samsung.android.app.multiwindow
package:com.samsung.android.sm.devicesecurity
package:com.dsi.ant.sample.acquirechannels
package:com.android.egg
package:com.android.mtp
package:com.android.stk
package:com.samsung.android.messaging
package:com.android.backupconfirm
package:com.samsung.klmsagent
package:com.sec.android.app.SecSetupWizard
package:com.android.statementservice
package:com.google.android.gm
package:com.google.android.apps.tachyon
package:com.sec.android.app.hwmoduletest
package:com.sec.bcservice
package:com.sec.modem.settings
package:com.sec.android.app.sysscope
package:com.samsung.android.providers.context
package:com.sec.android.app.servicemodeapp
package:com.sec.android.preloadinstaller
package:com.sec.android.uibcvirtualsoftkey
package:com.google.android.setupwizard
package:com.samsung.android.sdk.professionalaudio.utility.jammonitor
package:com.sec.android.gallery3d
package:com.android.providers.settings
package:com.sec.imsservice
package:com.android.sharedstoragebackup
package:com.facebook.services
package:com.google.android.music
package:com.samsung.android.mobileservice
package:com.android.printspooler
package:com.samsung.storyservice
package:com.android.dreams.basic
package:com.android.inputdevices
package:com.samsung.knox.securefolder
package:com.android.bips
package:com.android.stk2
package:com.samsung.android.game.gametools
package:com.samsung.android.app.simplesharing
package:com.samsung.android.da.daagent
package:com.samsung.android.app.reminder
package:com.samsung.android.timezone.autoupdate_O
package:com.samsung.android.smartcallprovider
package:com.google.android.apps.docs
package:com.google.android.apps.maps
package:com.sec.enterprise.mdm.vpn
package:com.dsi.ant.plugins.antplus
package:com.microsoft.office.word
package:com.samsung.advp.imssettings
package:com.samsung.android.location
package:com.sec.android.inputmethod
package:com.sec.android.app.clockpackage
package:com.sec.android.RilServiceModeApp
package:com.google.android.webview
package:com.sec.android.app.simsettingmgr
package:com.microsoft.office.powerpoint
package:com.android.server.telecom
package:com.google.android.syncadapters.contacts
package:com.sec.imslogger
package:com.samsung.android.clipboarduiservice
package:com.android.keychain
package:com.android.chrome
package:com.samsung.android.themecenter
package:com.google.android.packageinstaller
package:com.google.android.gms
package:com.google.android.gsf
package:com.google.android.tts
package:android.autoinstalls.config.samsung
package:com.android.calllogbackup
package:com.google.android.partnersetup
package:com.sec.android.diagmonagent
package:com.google.android.videos
package:com.sec.spp.push
package:com.android.carrierdefaultapp
package:com.dsi.ant.server
package:com.sec.android.app.myfiles
package:com.android.proxyhandler
package:com.samsung.android.allshare.service.fileshare
package:com.sec.android.mimage.photoretouching
package:com.sec.android.app.launcher
package:flipboard.boxer.app
package:com.google.android.feedback
package:com.google.android.printservice.recommendation
package:com.google.android.apps.photos
package:com.google.android.syncadapters.calendar
package:com.android.managedprovisioning
package:com.samsung.android.authfw
package:com.sec.android.app.sbrowser
package:com.monotype.android.font.chococooky
package:com.android.dreams.phototable
package:com.sec.android.service.health
package:com.samsung.safetyinformation
package:com.facebook.katana
package:com.samsung.android.dqagent
package:com.sec.android.app.ringtoneBR
package:com.android.providers.partnerbookmarks
package:com.example.test
package:com.samsung.android.app.accesscontrol
package:com.android.wallpaper.livepicker
package:com.samsung.android.beaconmanager
package:com.sec.enterprise.mdm.services.simpin
package:com.samsung.networkui
package:com.samsung.android.stickercenter
package:com.facebook.system
package:com.samsung.android.oneconnect
package:com.sec.android.app.popupcalculator
package:com.sec.android.soagent
package:org.mozilla.firefox
package:com.samsung.android.fmm
package:com.samsung.android.mdm
package:com.samsung.android.rlc
package:com.samsung.android.uds
package:com.samsung.android.voc
package:com.sec.android.app.shealth
package:com.sec.phone
package:com.google.android.backuptransport
package:com.samsung.android.samsungpass
package:com.android.storagemanager
package:com.samsung.android.scloud
package:com.samsung.android.app.soundpicker
package:com.sec.app.RilErrorNotifier
package:com.android.bookmarkprovider
package:com.linkedin.android
package:com.android.settings
package:com.samsung.app.newtrim
package:com.samsung.android.app.color
package:com.samsung.android.lool
package:com.samsung.android.app.notes
package:com.sec.android.app.bluetoothtest
package:com.samsung.android.app.spage
package:com.sec.android.emergencylauncher
package:com.sec.hearingadjust
package:com.samsung.android.dlp.service
package:com.samsung.android.bbc.bbcagent
package:com.knox.vpn.proxyhandler
package:com.android.cts.ctsshim
package:com.samsung.android.stickerplugin
package:com.sec.android.splitsound
package:com.wssnps
package:com.samsung.android.app.watchmanagerstub
package:com.samsung.android.svcagent
package:com.policydm
package:com.samsung.android.sdk.professionalaudio.app.audioconnectionservice
package:com.enhance.gameservice
package:com.samsung.android.shortcutbackupservice
package:com.android.vpndialogs
package:com.samsung.memorysaver
package:com.samsung.android.providers.contacts
package:com.samsung.dcmservice
package:com.android.phone
package:com.android.shell
package:com.android.wallpaperbackup
package:com.example.myapplication
package:com.android.providers.blockednumber
package:com.samsung.android.app.omcagent
package:com.hiya.star
package:com.android.providers.userdictionary
package:com.sec.enterprise.knox.cloudmdm.smdms
package:com.samsung.android.app.camera.sticker.stamp.preload
package:com.android.emergency
package:com.wssyncmldm
package:com.android.location.fused
package:com.samsung.android.samsungpassautofill
package:com.sec.epdg
package:com.android.systemui
package:com.sec.android.app.personalization
package:com.monotype.android.font.cooljazz
package:com.android.bluetoothmidiservice
package:com.samsung.android.sdk.handwriting
package:com.facebook.appmanager
package:com.samsung.android.app.clockpack
package:com.quicinc.trepn
package:com.samsung.aasaservice
package:com.samsung.android.allshare.service.mediashare
package:com.sec.android.app.fm
package:com.sec.android.provider.emergencymode
package:com.samsung.android.fingerprint.service
package:com.sec.android.app.camera
package:com.android.bluetooth
package:com.samsung.android.contacts
package:com.sec.android.app.magnifier
package:com.sec.android.widgetapp.webmanual
package:com.samsung.sec.android.application.csc
package:com.android.captiveportallogin
package:com.samsung.upsmtheme
package:com.samsung.android.coreapps
package:com.samsung.android.app.dofviewer
package:com.samsung.android.bio.face.service
package:com.samsung.android.video

2021-10-10 13:39:37,064:DEBUG:AndroidRunner.Adb:52004f53fe46357d: "getprop ro.build.version.release" returned: 
8.0.0

2021-10-10 13:39:37,143:DEBUG:AndroidRunner.Adb:52004f53fe46357d: "getprop ro.build.version.sdk" returned: 
26

2021-10-10 13:39:37,144:INFO:WebExperiment:Device: j7duo2 (52004f53fe46357d, Android 8.0.0, API level 26)
2021-10-10 13:39:37,145:INFO:Profilers:Loading
2021-10-10 13:39:37,228:DEBUG:AndroidRunner.Adb:52004f53fe46357d: "getprop ro.build.version.release" returned: 
8.0.0

2021-10-10 13:39:37,314:DEBUG:AndroidRunner.Adb:52004f53fe46357d: "getprop ro.build.version.sdk" returned: 
26

2021-10-10 13:39:37,315:DEBUG:PluginHandler:Batterystats: j7duo2 (52004f53fe46357d, Android 8.0.0, API level 26): Loading configuration
2021-10-10 13:39:37,315:INFO:Device:Default unplug
2021-10-10 13:39:37,390:DEBUG:AndroidRunner.Adb:52004f53fe46357d: "getprop ro.build.version.sdk" returned: 
26

2021-10-10 13:39:37,511:DEBUG:AndroidRunner.Adb:52004f53fe46357d: "dumpsys battery unplug" returned: 

2021-10-10 13:39:37,588:DEBUG:AndroidRunner.Adb:52004f53fe46357d: "getprop ro.build.version.release" returned: 
8.0.0

2021-10-10 13:39:37,691:DEBUG:AndroidRunner.Adb:52004f53fe46357d: "getprop ro.build.version.sdk" returned: 
26

2021-10-10 13:39:37,692:DEBUG:Scripts:Running hook before_experiment on device j7duo2 (52004f53fe46357d, Android 8.0.0, API level 26)
args: ()
kwargs: {}
2021-10-10 13:39:37,714:INFO:Python3:before_experiment.py
2021-10-10 13:39:37,716:DEBUG:Python3:before_experiment.py returned None
2021-10-10 13:39:37,723:INFO:WebExperiment:URL: https://www.google.com
2021-10-10 13:39:37,724:INFO:Profilers:Setting output
2021-10-10 13:39:37,725:DEBUG:PluginHandler:Batterystats: Setting output: /home/pi/external_hdd/android-runner/examples/batterystats/output/2021.10.10_133934/data/j7duo2/https-www-google-com/chrome/batterystats
2021-10-10 13:39:37,726:INFO:WebExperiment:Run 1/1 of subject "https://www.google.com" on j7duo2
2021-10-10 13:39:37,859:DEBUG:AndroidRunner.Adb:52004f53fe46357d: "logcat -c" returned: 

2021-10-10 13:39:37,860:INFO:WebExperiment:Logcat cleared
2021-10-10 13:39:37,924:DEBUG:AndroidRunner.Adb:52004f53fe46357d: "getprop ro.build.version.release" returned: 
8.0.0

2021-10-10 13:39:37,989:DEBUG:AndroidRunner.Adb:52004f53fe46357d: "getprop ro.build.version.sdk" returned: 
26

2021-10-10 13:39:37,990:DEBUG:Scripts:Running hook before_run on device j7duo2 (52004f53fe46357d, Android 8.0.0, API level 26)
args: ()
kwargs: {}
2021-10-10 13:39:38,008:INFO:Python3:before_run.py
2021-10-10 13:39:38,010:DEBUG:Python3:before_run.py returned None
2021-10-10 13:39:38,084:DEBUG:AndroidRunner.Adb:52004f53fe46357d: "logcat -c" returned: 

2021-10-10 13:39:38,085:INFO:Chrome:52004f53fe46357d: Start
2021-10-10 13:39:38,527:DEBUG:AndroidRunner.Adb:52004f53fe46357d: "am start -S -a android.intent.action.VIEW -n com.android.chrome/com.google.android.apps.chrome.Main --activity-clear-task" returned: 
Stopping: com.android.chrome
Starting: Intent { act=android.intent.action.VIEW flg=0x8000 cmp=com.android.chrome/com.google.android.apps.chrome.Main }

2021-10-10 13:39:43,661:DEBUG:AndroidRunner.Adb:52004f53fe46357d: "dumpsys activity recents | grep "Recent #0" | cut -d "=" -f2 | grep -o -p "[a-z|.]*"" returned: 
com.android.chrome


2021-10-10 13:39:43,662:DEBUG:Device:Current activity: com.android.chrome
2021-10-10 13:39:43,738:DEBUG:AndroidRunner.Adb:52004f53fe46357d: "getprop ro.build.version.release" returned: 
8.0.0

2021-10-10 13:39:43,812:DEBUG:AndroidRunner.Adb:52004f53fe46357d: "getprop ro.build.version.sdk" returned: 
26

2021-10-10 13:39:43,812:DEBUG:Scripts:Running hook after_launch on device j7duo2 (52004f53fe46357d, Android 8.0.0, API level 26)
args: ('52004f53fe46357d', 'com.android.chrome')
kwargs: {}
2021-10-10 13:39:43,829:INFO:Python3:after_launch.py
2021-10-10 13:39:43,830:DEBUG:Python3:after_launch.py returned None
2021-10-10 13:39:43,836:INFO:Profilers:Start profiling
2021-10-10 13:39:43,923:DEBUG:AndroidRunner.Adb:52004f53fe46357d: "getprop ro.build.version.release" returned: 
8.0.0

2021-10-10 13:39:43,997:DEBUG:AndroidRunner.Adb:52004f53fe46357d: "getprop ro.build.version.sdk" returned: 
26

2021-10-10 13:39:43,998:DEBUG:PluginHandler:Batterystats: j7duo2 (52004f53fe46357d, Android 8.0.0, API level 26): Start profiling
2021-10-10 13:39:44,120:DEBUG:AndroidRunner.Adb:52004f53fe46357d: "dumpsys batterystats --reset" returned: 
Battery stats reset.

2021-10-10 13:39:44,131:INFO:Chrome:52004f53fe46357d: Load URL: https://www.google.com
2021-10-10 13:39:44,279:DEBUG:AndroidRunner.Adb:52004f53fe46357d: "am start -a android.intent.action.VIEW -n com.android.chrome/com.google.android.apps.chrome.Main -d https://www.google.com" returned: 
Starting: Intent { act=android.intent.action.VIEW dat=https://www.google.com/... cmp=com.android.chrome/com.google.android.apps.chrome.Main }

2021-10-10 13:39:49,394:DEBUG:AndroidRunner.Adb:52004f53fe46357d: "getprop ro.build.version.release" returned: 
8.0.0

2021-10-10 13:39:49,473:DEBUG:AndroidRunner.Adb:52004f53fe46357d: "getprop ro.build.version.sdk" returned: 
26

2021-10-10 13:39:49,474:DEBUG:Scripts:Running hook interaction on device j7duo2 (52004f53fe46357d, Android 8.0.0, API level 26)
args: (<AndroidRunner.WebExperiment.WebExperiment object at 0xb37daed0>, <AndroidRunner.Browsers.Chrome.Chrome object at 0xb3755e50>)
kwargs: {}
2021-10-10 13:39:49,493:INFO:Python3:interaction.py
2021-10-10 13:39:49,591:DEBUG:AndroidRunner.Adb:52004f53fe46357d: "dumpsys activity recents | grep "Recent #0" | cut -d "=" -f2 | grep -o -p "[a-z|.]*"" returned: 
com.android.chrome


2021-10-10 13:39:49,592:DEBUG:Device:Current activity: com.android.chrome
2021-10-10 13:39:49,592:DEBUG:Python3:interaction.py returned None
2021-10-10 13:40:49,658:INFO:Profilers:Stop profiling
2021-10-10 13:40:49,756:DEBUG:AndroidRunner.Adb:52004f53fe46357d: "getprop ro.build.version.release" returned: 
8.0.0

2021-10-10 13:40:49,822:DEBUG:AndroidRunner.Adb:52004f53fe46357d: "getprop ro.build.version.sdk" returned: 
26

2021-10-10 13:40:49,823:DEBUG:PluginHandler:Batterystats: j7duo2 (52004f53fe46357d, Android 8.0.0, API level 26): Stop profiling
2021-10-10 13:40:49,915:DEBUG:AndroidRunner.Adb:52004f53fe46357d: "dumpsys activity recents | grep "Recent #0" | cut -d "=" -f2 | grep -o -p "[a-z|.]*"" returned: 
com.android.settings


2021-10-10 13:40:49,916:DEBUG:Device:Current activity: com.android.settings
2021-10-10 13:40:49,983:DEBUG:AndroidRunner.Adb:52004f53fe46357d: "getprop ro.build.version.release" returned: 
8.0.0

2021-10-10 13:40:50,054:DEBUG:AndroidRunner.Adb:52004f53fe46357d: "getprop ro.build.version.sdk" returned: 
26

2021-10-10 13:40:50,055:DEBUG:Scripts:Running hook before_close on device j7duo2 (52004f53fe46357d, Android 8.0.0, API level 26)
args: ('52004f53fe46357d', 'com.android.settings')
kwargs: {}
2021-10-10 13:40:50,070:INFO:Python3:before_close.py
2021-10-10 13:40:50,072:DEBUG:Python3:before_close.py returned None
2021-10-10 13:40:50,076:INFO:Chrome:52004f53fe46357d: Stop
2021-10-10 13:40:50,228:DEBUG:AndroidRunner.Adb:52004f53fe46357d: "am force-stop com.android.chrome" returned: 

2021-10-10 13:40:53,323:DEBUG:AndroidRunner.Adb:52004f53fe46357d: "getprop ro.build.version.release" returned: 
8.0.0

2021-10-10 13:40:53,413:DEBUG:AndroidRunner.Adb:52004f53fe46357d: "getprop ro.build.version.sdk" returned: 
26

2021-10-10 13:40:53,414:DEBUG:Scripts:Running hook after_run on device j7duo2 (52004f53fe46357d, Android 8.0.0, API level 26)
args: ()
kwargs: {}
2021-10-10 13:40:53,430:INFO:Python3:after_run.py
2021-10-10 13:40:54,586:DEBUG:AndroidRunner.Adb:52004f53fe46357d: "input tap 600 1000" returned: 

2021-10-10 13:40:54,587:DEBUG:Python3:after_run.py returned None
2021-10-10 13:40:54,595:INFO:Profilers:Collecting results
2021-10-10 13:40:54,674:DEBUG:AndroidRunner.Adb:52004f53fe46357d: "getprop ro.build.version.release" returned: 
8.0.0

2021-10-10 13:40:54,736:DEBUG:AndroidRunner.Adb:52004f53fe46357d: "getprop ro.build.version.sdk" returned: 
26

2021-10-10 13:40:54,737:DEBUG:PluginHandler:Batterystats: j7duo2 (52004f53fe46357d, Android 8.0.0, API level 26): Collecting data
2021-10-10 13:40:54,801:DEBUG:AndroidRunner.Adb:52004f53fe46357d: "getprop ro.build.version.sdk" returned: 
26

2021-10-10 13:40:55,199:DEBUG:AndroidRunner.Adb:52004f53fe46357d: "logcat -f /mnt/sdcard/logcat.txt -d" returned: 

2021-10-10 13:40:55,400:DEBUG:AndroidRunner.Adb:52004f53fe46357d: "rm -f /mnt/sdcard/logcat.txt" returned: 

2021-10-10 13:40:55,516:DEBUG:AndroidRunner.Adb:52004f53fe46357d: "dumpsys batterystats --history" returned: 
Battery History (0% used, 1768 used of 512KB, 56 strings using 6220):
                    0 (14) RESET:TIME: 2021-10-10-13-39-31
                    0 (1) 100 status=full health=good plug=none temp=272 volt=4273 current=-82 ap_temp=27 pst_temp=26 bat_temp=27 chg_temp=0 pa_temp=0 misc_event=0 online=4 current_event=0 charge=0 +running +wake_lock +screen phone_state=off brightness=medium wifi_signal_strength=4 wifi_suppl=disconn
                    0 (2) 100 fg=u0a22:"com.sec.android.app.samsungapps"
                    0 (2) 100 top=u0a95:"com.android.chrome"
                    0 (2) 100 user=0:"0"
                    0 (2) 100 userfg=0:"0"
                +14ms (2) 100 stats=0:"dump"
             +4s064ms (2) 100 -wake_lock -screen
             +4s094ms (5) 100 current=-215 ap_temp=28 pst_temp=26 bat_temp=27 chg_temp=0 pa_temp=0 +wake_lock=1001:"RILJ" brightness=dark
             +4s232ms (1) 100 -wake_lock
             +4s244ms (2) 100 +wake_lock=u0a25:"NlpWakeLock"
             +4s245ms (1) 100 -wake_lock
             +4s247ms (2) 100 +wake_lock=1000:"SmartManager Framework Message"
             +4s349ms (1) 100 -wake_lock
             +8s920ms (4) 100 +wake_lock=1000:"PhoneWindowManager.mPowerKeyWakeLock" +screen brightness=medium screenwake=1000:"WAKE_UP_REASON_KEY"
             +8s966ms (3) 100 current=-90 ap_temp=28 pst_temp=27 bat_temp=27 chg_temp=0 pa_temp=0
            +14s153ms (2) 100 stats=0:"get-stats"
            +18s980ms (3) 100 current=61 ap_temp=28 pst_temp=27 bat_temp=27 chg_temp=0 pa_temp=0
            +27s506ms (2) 100 stats=0:"remove-uid"
            +29s009ms (3) 100 current=150 ap_temp=29 pst_temp=27 bat_temp=27 chg_temp=0 pa_temp=0
            +31s989ms (2) 100 +job=u0a95:"com.android.chrome/org.chromium.components.background_task_scheduler.BackgroundTaskJobService"
            +31s996ms (2) 100 -job=u0a95:"com.android.chrome/org.chromium.components.background_task_scheduler.BackgroundTaskJobService"
            +33s060ms (2) 100 +wifi_scan +wifi_running +wifi stats=0:"wifi-running"
            +33s205ms (2) 100 stats=0:"wifi-off"
            +34s267ms (2) 100 -wifi_scan -top=u0a95:"com.android.chrome"
            +34s296ms (2) 100 +wifi_scan +top=1000:"com.android.settings"
            +36s925ms (1) 100 -wifi_scan
            +39s035ms (3) 100 current=115 ap_temp=30 pst_temp=27 bat_temp=27 chg_temp=0 pa_temp=0
            +42s261ms (1) 100 +wifi_scan
            +44s742ms (1) 100 -wifi_scan
            +49s055ms (3) 100 current=182 ap_temp=30 pst_temp=27 bat_temp=27 chg_temp=0 pa_temp=0
            +50s294ms (1) 100 wifi_suppl=associating
            +50s562ms (1) 100 wifi_suppl=associated
            +50s664ms (1) 100 wifi_suppl=4-way-handshake
            +50s752ms (1) 100 wifi_suppl=group-handshake
            +50s767ms (2) 100 +wifi_radio wifi_suppl=completed stats=0:"wifi-state"
            +51s746ms (2) 100 stats=0:"wifi-data: active"
            +51s783ms (2) 100 conn=1:"CONNECTED"
            +51s862ms (2) 100 +job=u0a75:"com.google.android.googlequicksearchbox/com.google.android.apps.gsa.tasks.BackgroundTasksJobService"
            +51s869ms (2) 100 +job=1000:"com.samsung.android.dqagent/.scheduler.service.UploadJobService"
            +51s883ms (2) 100 -job=u0a75:"com.google.android.googlequicksearchbox/com.google.android.apps.gsa.tasks.BackgroundTasksJobService"
            +51s890ms (2) 100 +job=u0a75:"com.google.android.googlequicksearchbox/com.google.android.apps.gsa.tasks.BackgroundTasksJobService"
            +51s916ms (2) 100 -job=u0a75:"com.google.android.googlequicksearchbox/com.google.android.apps.gsa.tasks.BackgroundTasksJobService"
            +51s992ms (2) 100 -job=1000:"com.samsung.android.dqagent/.scheduler.service.UploadJobService"
            +52s009ms (2) 100 +job=1000:"com.samsung.android.dqagent/.scheduler.service.UploadJobService"
            +52s016ms (2) 100 +job=u0a75:"com.google.android.googlequicksearchbox/com.google.android.apps.gsa.tasks.BackgroundTasksJobService"
            +52s021ms (2) 100 -job=u0a75:"com.google.android.googlequicksearchbox/com.google.android.apps.gsa.tasks.BackgroundTasksJobService"
            +52s032ms (2) 100 -job=1000:"com.samsung.android.dqagent/.scheduler.service.UploadJobService"
            +52s055ms (2) 100 +job=u0a75:"com.google.android.googlequicksearchbox/com.google.android.apps.gsa.tasks.BackgroundTasksJobService"
            +52s061ms (2) 100 -job=u0a75:"com.google.android.googlequicksearchbox/com.google.android.apps.gsa.tasks.BackgroundTasksJobService"
            +52s432ms (2) 100 +job=u0a22:"com.sec.android.app.samsungapps/.jobscheduling.PollJobService"
            +52s433ms (2) 100 +job=u0a25:"com.google.android.gms.auth.confirm/com.google/eM_ADDR:android"
            +52s434ms (2) 100 +job=u0a25:"com.google.android.gms.people/com.google/eM_ADDR:android"
            +52s437ms (2) 100 +job=u0a75:"com.google.android.googlequicksearchbox/com.google.android.apps.gsa.tasks.BackgroundTasksJobService"
            +52s471ms (2) 100 -job=u0a25:"com.google.android.gms.auth.confirm/com.google/eM_ADDR:android"
            +52s506ms (2) 100 -job=u0a75:"com.google.android.googlequicksearchbox/com.google.android.apps.gsa.tasks.BackgroundTasksJobService"
            +52s517ms (2) 100 -job=u0a25:"com.google.android.gms.people/com.google/eM_ADDR:android"
            +52s527ms (2) 100 +job=u0a25:"com.android.contacts.metadata/com.google/eM_ADDR:android"
            +52s529ms (2) 100 +job=u0a25:"com.google.android.gms.auth.accountstate/com.google/eM_ADDR:android"
            +52s546ms (2) 100 -job=u0a25:"com.android.contacts.metadata/com.google/eM_ADDR:android"
            +52s557ms (2) 100 +job=u0a25:"subscribedfeeds/com.google/eM_ADDR:android"
            +52s564ms (2) 100 -job=u0a25:"com.google.android.gms.auth.accountstate/com.google/eM_ADDR:android"
            +52s572ms (2) 100 +job=u0a25:"com.google.android.location.reporting/com.google/eM_ADDR:android"
            +52s573ms (2) 100 -job=u0a25:"subscribedfeeds/com.google/eM_ADDR:android"
            +52s582ms (2) 100 +job=u0a25:"com.google.android.gms.auth.api.credentials/com.google/eM_ADDR:android"
            +52s586ms (2) 100 -job=u0a25:"com.google.android.location.reporting/com.google/eM_ADDR:android"
            +52s594ms (2) 100 +job=u0a25:"com.google.android.gms.fitness/com.google/eM_ADDR:android"
            +52s606ms (2) 100 -job=u0a25:"com.google.android.gms.auth.api.credentials/com.google/eM_ADDR:android"
            +52s610ms (2) 100 +job=u0a25:"com.google.android.gms.reminders/com.google/eM_ADDR:android"
            +52s610ms (2) 100 +job=u0a25:"com.google.android.gms.games.background/com.google/eM_ADDR:android"
            +52s613ms (2) 100 -job=u0a22:"com.sec.android.app.samsungapps/.jobscheduling.PollJobService"
            +52s626ms (2) 100 +job=u0a25:"com.google.android.gms.photos.iu.EsGoogleIuProvider/com.google/eM_ADDR:android"
            +52s630ms (2) 100 -job=u0a25:"com.google.android.gms.fitness/com.google/eM_ADDR:android"
            +52s635ms (2) 100 +job=u0a25:"com.google.android.gms.games/com.google/eM_ADDR:android"
            +52s638ms (2) 100 -job=u0a25:"com.google.android.gms.reminders/com.google/eM_ADDR:android"
            +52s649ms (2) 100 +job=u0a25:"com.google.android.gms.drive.sync/com.google/eM_ADDR:android"
            +52s681ms (2) 100 +job=1000:"com.samsung.android.app.omcagent/.apps.AppsVersionCheckJobService"
            +52s689ms (2) 100 +sync=u0a25:"com.google.android.gms.games.background/com.google/eM_ADDR"
            +52s696ms (2) 100 +job=1000:"com.samsung.android.app.omcagent/.process.download.DownloaderOMCJobService"
            +52s699ms (2) 100 -job=u0a25:"com.google.android.gms.photos.iu.EsGoogleIuProvider/com.google/eM_ADDR:android"
            +52s704ms (2) 100 +job=u0a25:"com.google.android.gms.chromesync/com.google/eM_ADDR:android"
            +52s717ms (2) 100 +sync=u0a25:"com.google.android.gms.games/com.google/eM_ADDR"
            +52s770ms (2) 100 +sync=u0a25:"com.google.android.gms.drive.sync/com.google/eM_ADDR"
            +52s785ms (2) 100 +sync=u0a25:"com.google.android.gms.chromesync/com.google/eM_ADDR"
            +52s798ms (2) 100 -job=u0a25:"com.google.android.gms.games.background/com.google/eM_ADDR:android"
            +52s826ms (2) 100 -sync=u0a25:"com.google.android.gms.games.background/com.google/eM_ADDR"
            +52s834ms (2) 100 +job=u0a112:"gmail-ls/com.google/eM_ADDR:android"
            +52s903ms (14) TIME: 2021-10-10-13-40-36
            +52s934ms (2) 100 -sync=u0a25:"com.google.android.gms.drive.sync/com.google/eM_ADDR"
            +52s951ms (2) 100 -job=u0a112:"gmail-ls/com.google/eM_ADDR:android"
            +52s954ms (2) 100 -job=u0a25:"com.google.android.gms.drive.sync/com.google/eM_ADDR:android"
            +52s966ms (2) 100 +job=u0a111:"com.android.contacts/com.google/eM_ADDR:android"
            +52s968ms (2) 100 +job=u0a109:"com.android.calendar/com.google/eM_ADDR:android"
            +52s998ms (2) 100 -job=1000:"com.samsung.android.app.omcagent/.process.download.DownloaderOMCJobService"
            +53s033ms (2) 100 +fg=1000:"com.samsung.android.app.omcagent"
            +53s096ms (2) 100 -job=u0a111:"com.android.contacts/com.google/eM_ADDR:android"
            +53s105ms (2) 100 +job=u0a75:"com.google.android.googlequicksearchbox/com.google.android.apps.gsa.tasks.BackgroundTasksJobService"
            +53s106ms (2) 100 -job=u0a109:"com.android.calendar/com.google/eM_ADDR:android"
            +53s117ms (2) 100 -sync=u0a25:"com.google.android.gms.chromesync/com.google/eM_ADDR"
            +53s126ms (2) 100 -job=u0a25:"com.google.android.gms.chromesync/com.google/eM_ADDR:android"
            +53s168ms (2) 100 +job=u0a54:"com.samsung.android.mobileservice/com.samsung.android.coreapps.easysignup.job.NetworkJobService"
            +53s269ms (2) 100 -job=u0a75:"com.google.android.googlequicksearchbox/com.google.android.apps.gsa.tasks.BackgroundTasksJobService"
            +53s285ms (2) 100 +job=u0a75:"com.google.android.googlequicksearchbox/com.google.android.apps.gsa.tasks.BackgroundTasksJobService"
            +53s482ms (2) 100 -fg=1000:"com.samsung.android.app.omcagent"
            +53s497ms (2) 100 -job=u0a75:"com.google.android.googlequicksearchbox/com.google.android.apps.gsa.tasks.BackgroundTasksJobService"
            +53s511ms (2) 100 +job=u0a75:"com.google.android.googlequicksearchbox/com.google.android.apps.gsa.tasks.BackgroundTasksJobService"
            +53s529ms (2) 100 -job=u0a25:"com.google.android.gms.games/com.google/eM_ADDR:android"
            +53s570ms (2) 100 -sync=u0a25:"com.google.android.gms.games/com.google/eM_ADDR"
            +53s971ms (2) 100 -job=u0a75:"com.google.android.googlequicksearchbox/com.google.android.apps.gsa.tasks.BackgroundTasksJobService"
            +54s009ms (2) 100 +job=u0a75:"com.google.android.googlequicksearchbox/com.google.android.apps.gsa.tasks.BackgroundTasksJobService"
            +54s283ms (2) 100 -job=u0a54:"com.samsung.android.mobileservice/com.samsung.android.coreapps.easysignup.job.NetworkJobService"
            +54s303ms (2) 100 +job=u0a44:"com.android.vending/com.google.android.finsky.scheduler.process.mainimpl.PhoneskyJobServiceMain"
            +54s356ms (2) 100 -job=u0a75:"com.google.android.googlequicksearchbox/com.google.android.apps.gsa.tasks.BackgroundTasksJobService"
            +54s362ms (2) 100 +job=u0a75:"com.google.android.googlequicksearchbox/com.google.android.apps.gsa.tasks.BackgroundTasksJobService"
            +54s386ms (2) 100 -job=u0a75:"com.google.android.googlequicksearchbox/com.google.android.apps.gsa.tasks.BackgroundTasksJobService"
            +54s390ms (2) 100 +job=u0a75:"com.google.android.googlequicksearchbox/com.google.android.apps.gsa.tasks.BackgroundTasksJobService"
            +54s393ms (2) 100 -job=u0a75:"com.google.android.googlequicksearchbox/com.google.android.apps.gsa.tasks.BackgroundTasksJobService"
            +54s402ms (2) 100 +job=u0a75:"com.google.android.googlequicksearchbox/com.google.android.apps.gsa.tasks.BackgroundTasksJobService"
            +54s447ms (2) 100 -job=u0a75:"com.google.android.googlequicksearchbox/com.google.android.apps.gsa.tasks.BackgroundTasksJobService"
            +54s455ms (2) 100 +job=u0a22:"com.sec.android.app.samsungapps/.jobscheduling.PollJobService"
            +54s469ms (2) 100 -job=u0a22:"com.sec.android.app.samsungapps/.jobscheduling.PollJobService"
            +54s478ms (2) 100 +job=u0a22:"com.sec.android.app.samsungapps/.jobscheduling.PollJobService"
            +54s503ms (2) 100 -job=u0a22:"com.sec.android.app.samsungapps/.jobscheduling.PollJobService"
            +54s513ms (2) 100 +job=u0a75:"com.google.android.googlequicksearchbox/com.google.android.apps.gsa.tasks.BackgroundTasksJobService"
            +54s682ms (2) 100 -job=u0a75:"com.google.android.googlequicksearchbox/com.google.android.apps.gsa.tasks.BackgroundTasksJobService"
            +54s705ms (2) 100 +job=u0a22:"com.sec.android.app.samsungapps/.jobscheduling.PollJobService"
            +54s800ms (2) 100 -job=u0a22:"com.sec.android.app.samsungapps/.jobscheduling.PollJobService"
            +54s837ms (2) 100 +job=u0a75:"com.google.android.googlequicksearchbox/com.google.android.apps.gsa.tasks.BackgroundTasksJobService"
            +54s849ms (2) 100 -job=u0a75:"com.google.android.googlequicksearchbox/com.google.android.apps.gsa.tasks.BackgroundTasksJobService"
            +54s856ms (2) 100 +job=u0a75:"com.google.android.googlequicksearchbox/com.google.android.apps.gsa.tasks.BackgroundTasksJobService"
            +54s859ms (2) 100 -job=u0a75:"com.google.android.googlequicksearchbox/com.google.android.apps.gsa.tasks.BackgroundTasksJobService"
            +54s866ms (2) 100 +job=u0a75:"com.google.android.googlequicksearchbox/com.google.android.apps.gsa.tasks.BackgroundTasksJobService"
            +55s175ms (2) 100 -job=u0a75:"com.google.android.googlequicksearchbox/com.google.android.apps.gsa.tasks.BackgroundTasksJobService"
            +55s185ms (2) 100 +job=u0a75:"com.google.android.googlequicksearchbox/com.google.android.apps.gsa.tasks.BackgroundTasksJobService"
            +55s312ms (2) 100 -job=u0a75:"com.google.android.googlequicksearchbox/com.google.android.apps.gsa.tasks.BackgroundTasksJobService"
            +55s325ms (2) 100 +job=u0a75:"com.google.android.googlequicksearchbox/com.google.android.apps.gsa.tasks.BackgroundTasksJobService"
            +55s465ms (2) 100 -job=u0a75:"com.google.android.googlequicksearchbox/com.google.android.apps.gsa.tasks.BackgroundTasksJobService"
            +55s549ms (2) 100 +job=u0a54:"com.samsung.android.mobileservice/com.samsung.android.coreapps.easysignup.job.NetworkJobService"
            +55s587ms (2) 100 -job=u0a54:"com.samsung.android.mobileservice/com.samsung.android.coreapps.easysignup.job.NetworkJobService"
            +55s621ms (2) 100 +job=u0a75:"com.google.android.googlequicksearchbox/com.google.android.apps.gsa.tasks.BackgroundTasksJobService"
            +55s672ms (2) 100 -job=u0a75:"com.google.android.googlequicksearchbox/com.google.android.apps.gsa.tasks.BackgroundTasksJobService"
            +55s680ms (2) 100 +job=u0a75:"com.google.android.googlequicksearchbox/com.google.android.apps.gsa.tasks.BackgroundTasksJobService"
            +55s684ms (2) 100 -job=u0a75:"com.google.android.googlequicksearchbox/com.google.android.apps.gsa.tasks.BackgroundTasksJobService"
            +55s693ms (2) 100 +job=u0a75:"com.google.android.googlequicksearchbox/com.google.android.apps.gsa.tasks.BackgroundTasksJobService"
            +55s702ms (2) 100 -job=u0a75:"com.google.android.googlequicksearchbox/com.google.android.apps.gsa.tasks.BackgroundTasksJobService"
            +55s715ms (2) 100 +job=u0a75:"com.google.android.googlequicksearchbox/com.google.android.apps.gsa.tasks.BackgroundTasksJobService"
            +55s718ms (2) 100 -job=u0a75:"com.google.android.googlequicksearchbox/com.google.android.apps.gsa.tasks.BackgroundTasksJobService"
            +55s810ms (2) 100 +job=u0a75:"com.google.android.googlequicksearchbox/com.google.android.apps.gsa.tasks.BackgroundTasksJobService"
            +55s856ms (2) 100 -job=u0a75:"com.google.android.googlequicksearchbox/com.google.android.apps.gsa.tasks.BackgroundTasksJobService"
            +56s036ms (2) 100 +job=u0a75:"com.google.android.googlequicksearchbox/com.google.android.apps.gsa.tasks.BackgroundTasksJobService"
            +56s078ms (2) 100 -job=u0a75:"com.google.android.googlequicksearchbox/com.google.android.apps.gsa.tasks.BackgroundTasksJobService"
            +56s336ms (2) 100 +job=u0a75:"com.google.android.googlequicksearchbox/com.google.android.apps.gsa.tasks.BackgroundTasksJobService"
            +56s410ms (2) 100 -job=1000:"com.samsung.android.app.omcagent/.apps.AppsVersionCheckJobService"
            +56s673ms (2) 100 -job=u0a75:"com.google.android.googlequicksearchbox/com.google.android.apps.gsa.tasks.BackgroundTasksJobService"
            +56s680ms (2) 100 +job=u0a75:"com.google.android.googlequicksearchbox/com.google.android.apps.gsa.tasks.BackgroundTasksJobService"
            +57s028ms (2) 100 -job=u0a75:"com.google.android.googlequicksearchbox/com.google.android.apps.gsa.tasks.BackgroundTasksJobService"
            +57s044ms (2) 100 +job=u0a75:"com.google.android.googlequicksearchbox/com.google.android.apps.gsa.tasks.BackgroundTasksJobService"
            +57s052ms (2) 100 -job=u0a75:"com.google.android.googlequicksearchbox/com.google.android.apps.gsa.tasks.BackgroundTasksJobService"
            +58s173ms (2) 100 +job=u0a44:"com.android.vending/com.google.android.finsky.instantapps.hint.AppPreloadHygieneService"
            +58s229ms (2) 100 -job=u0a44:"com.android.vending/com.google.android.finsky.instantapps.hint.AppPreloadHygieneService"
            +58s253ms (2) 100 +job=u0a44:"com.android.vending/com.google.android.finsky.instantapps.InstantAppsSharedPreferencesService"
            +58s313ms (2) 100 -job=u0a44:"com.android.vending/com.google.android.finsky.instantapps.InstantAppsSharedPreferencesService"
            +58s539ms (2) 100 +job=u0a44:"DownloadManager:com.android.providers.downloads"
            +59s096ms (3) 100 current=-201 ap_temp=33 pst_temp=27 bat_temp=27 chg_temp=0 pa_temp=0
          +1m00s825ms (2) 100 -job=u0a44:"DownloadManager:com.android.providers.downloads"
          +1m01s387ms (2) 100 +wifi_scan +job=u0a75:"com.google.android.googlequicksearchbox/com.google.android.apps.gsa.tasks.BackgroundTasksJobService"
          +1m01s811ms (2) 100 -job=u0a75:"com.google.android.googlequicksearchbox/com.google.android.apps.gsa.tasks.BackgroundTasksJobService"
          +1m03s369ms (2) 100 +job=u0a75:"com.google.android.googlequicksearchbox/com.google.android.apps.gsa.tasks.BackgroundTasksJobService"
          +1m03s510ms (2) 100 -wifi_scan -job=u0a75:"com.google.android.googlequicksearchbox/com.google.android.apps.gsa.tasks.BackgroundTasksJobService"
          +1m03s842ms (2) 100 +job=u0a75:"com.google.android.googlequicksearchbox/com.google.android.apps.gsa.tasks.BackgroundTasksJobService"
          +1m03s908ms (2) 100 -job=u0a75:"com.google.android.googlequicksearchbox/com.google.android.apps.gsa.tasks.BackgroundTasksJobService"
          +1m03s958ms (2) 100 +job=u0a25:"com.google.android.gms.chromesync/com.google/eM_ADDR:android"
          +1m03s978ms (2) 100 +sync=u0a25:"com.google.android.gms.chromesync/com.google/eM_ADDR"
          +1m04s045ms (2) 100 -job=u0a25:"com.google.android.gms.chromesync/com.google/eM_ADDR:android"
          +1m04s052ms (2) 100 -sync=u0a25:"com.google.android.gms.chromesync/com.google/eM_ADDR"
          +1m04s689ms (2) 100 +job=u0a25:"com.google.android.gms.chromesync/com.google/eM_ADDR:android"
          +1m04s707ms (2) 100 +sync=u0a25:"com.google.android.gms.chromesync/com.google/eM_ADDR"
          +1m04s763ms (2) 100 -job=u0a25:"com.google.android.gms.chromesync/com.google/eM_ADDR:android"
          +1m04s768ms (2) 100 -sync=u0a25:"com.google.android.gms.chromesync/com.google/eM_ADDR"
          +1m06s167ms (2) 100 stats=0:"remove-uid"
          +1m06s186ms (2) 100 stats=0:"remove-uid"
          +1m06s398ms (2) 100 +job=u0a44:"com.android.vending/com.google.android.finsky.instantapps.statussync.EnabledStatusSyncService"
          +1m06s459ms (2) 100 +job=u0a44:"com.android.vending/com.google.android.finsky.instantapps.PhenotypeUpdateService"
          +1m06s512ms (2) 100 -job=u0a44:"com.android.vending/com.google.android.finsky.instantapps.PhenotypeUpdateService"
          +1m06s637ms (2) 100 -job=u0a44:"com.android.vending/com.google.android.finsky.instantapps.statussync.EnabledStatusSyncService"
          +1m07s447ms (2) 100 +job=u0a75:"com.google.android.googlequicksearchbox/com.google.android.apps.gsa.tasks.BackgroundTasksJobService"
          +1m07s568ms (2) 100 -job=u0a75:"com.google.android.googlequicksearchbox/com.google.android.apps.gsa.tasks.BackgroundTasksJobService"
          +1m07s649ms (2) 100 -top=1000:"com.android.settings"
          +1m07s649ms (2) 100 +top=u0a74:"com.sec.android.app.launcher"
          +1m07s997ms (2) 100 +job=u0a75:"com.google.android.googlequicksearchbox/com.google.android.apps.gsa.tasks.BackgroundTasksJobService"
          +1m08s071ms (2) 100 -job=u0a75:"com.google.android.googlequicksearchbox/com.google.android.apps.gsa.tasks.BackgroundTasksJobService"
          +1m08s257ms (2) 100 +job=u0a44:"com.android.vending/com.google.android.finsky.instantapps.dna.ArchivePrefetchService"
          +1m08s284ms (2) 100 +job=u0a44:"com.android.vending/com.google.android.finsky.instantapps.PhenotypeUpdateService"
          +1m08s308ms (2) 100 +job=u0a44:"DownloadManager:com.android.providers.downloads"
          +1m08s333ms (2) 100 -job=u0a44:"com.android.vending/com.google.android.finsky.instantapps.PhenotypeUpdateService"
          +1m08s446ms (2) 100 -job=u0a44:"com.android.vending/com.google.android.finsky.instantapps.dna.ArchivePrefetchService"
          +1m08s560ms (2) 100 +tmpwhitelist=u0a25:"broadcast:u0a25:com.google.android.intent.action.GCM_RECONNECT"
          +1m08s609ms (2) 100 -job=u0a44:"DownloadManager:com.android.providers.downloads"
          +1m08s692ms (2) 100 +job=u0a44:"DownloadManager:com.android.providers.downloads"
          +1m09s112ms (4) 100 current=-93 ap_temp=35 pst_temp=27 bat_temp=27 chg_temp=0 pa_temp=0 -top=u0a74:"com.sec.android.app.launcher"
          +1m09s678ms (2) 100 +top=u0a7:"com.samsung.android.app.spage"
          +1m09s766ms (2) 100 -job=u0a44:"DownloadManager:com.android.providers.downloads"
          +1m10s688ms (2) 100 -top=u0a7:"com.samsung.android.app.spage"
          +1m10s688ms (2) 100 +top=u0a74:"com.sec.android.app.launcher"
          +1m11s405ms (2) 100 stats=0:"dump"


2021-10-10 13:40:55,793:DEBUG:AndroidRunner.Adb:52004f53fe46357d: "dumpsys batterystats | grep "Computed drain:"" returned: 
    Capacity: 3000, Computed drain: 7.17, actual drain: 0

2021-10-10 13:40:55,903:DEBUG:AndroidRunner.Adb:52004f53fe46357d: "dumpsys batterystats | grep "volt="" returned: 
                    0 (1) 100 status=full health=good plug=none temp=272 volt=4273 current=-82 ap_temp=27 pst_temp=26 bat_temp=27 chg_temp=0 pa_temp=0 misc_event=0 online=4 current_event=0 charge=0 +running +wake_lock +screen phone_state=off brightness=medium wifi_signal_strength=4 wifi_suppl=disconn

2021-10-10 13:41:09,908:DEBUG:AndroidRunner.Adb:52004f53fe46357d: "cat /proc/cpuinfo | grep processor | wc -l" returned: 
8

2021-10-10 13:41:09,961:DEBUG:AndroidRunner.Adb:52004f53fe46357d: "getprop ro.build.version.sdk" returned: 
26

2021-10-10 13:41:18,551:ERROR:WebExperiment:AttributeError: 'NoneType' object has no attribute 'group'
2021-10-10 13:41:18,679:DEBUG:AndroidRunner.Adb:52004f53fe46357d: "dumpsys battery reset" returned: 

2021-10-10 13:41:18,679:INFO:Profilers:Stop profiling
2021-10-10 13:41:18,775:DEBUG:AndroidRunner.Adb:52004f53fe46357d: "getprop ro.build.version.release" returned: 
8.0.0

2021-10-10 13:41:18,869:DEBUG:AndroidRunner.Adb:52004f53fe46357d: "getprop ro.build.version.sdk" returned: 
26

2021-10-10 13:41:18,870:DEBUG:PluginHandler:Batterystats: j7duo2 (52004f53fe46357d, Android 8.0.0, API level 26): Stop profiling
2021-10-10 13:41:18,870:INFO:Profilers:Unloading
2021-10-10 13:41:18,986:DEBUG:AndroidRunner.Adb:52004f53fe46357d: "getprop ro.build.version.release" returned: 
8.0.0

2021-10-10 13:41:19,076:DEBUG:AndroidRunner.Adb:52004f53fe46357d: "getprop ro.build.version.sdk" returned: 
26

2021-10-10 13:41:19,077:DEBUG:PluginHandler:Batterystats: j7duo2 (52004f53fe46357d, Android 8.0.0, API level 26): Cleanup
2021-10-10 13:41:19,077:INFO:Chrome:52004f53fe46357d: Stop
2021-10-10 13:41:19,274:DEBUG:AndroidRunner.Adb:52004f53fe46357d: "am force-stop com.android.chrome" returned: 

2021-10-10 13:41:20,593:INFO:AndroidRunner.Adb:52004f53fe46357d: Data of "com.android.chrome" cleared
2021-10-10 13:41:20,595:ERROR:root:AttributeError: 'NoneType' object has no attribute 'group'
2021-10-10 13:41:20,596:ERROR:root:An error occurred, the experiment has been stopped. To continue, add progress file argument to experiment startup: --progress /home/pi/external_hdd/android-runner/examples/batterystats/output/2021.10.10_133934/progress.xml
