2021-10-10 15:38:28,158:INFO:ExperimentFactory:/home/pi/external_hdd/android-runner/examples/batterystats/test.json
2021-10-10 15:38:28,201:DEBUG:AndroidRunner.Adb:Device list:
{0: '52004f53fe46357d'}
2021-10-10 15:38:28,201:INFO:Device:Setting logcat buffer size to 57344K
2021-10-10 15:38:28,291:DEBUG:AndroidRunner.Adb:52004f53fe46357d: "logcat -G 57344K" returned: 

2021-10-10 15:38:28,305:DEBUG:PluginHandler:batterystats: Initialized
2021-10-10 15:38:28,306:DEBUG:Python3:Imported /home/pi/external_hdd/android-runner/examples/batterystats/HScripts/before_experiment.py
2021-10-10 15:38:28,307:DEBUG:Python3:Imported /home/pi/external_hdd/android-runner/examples/batterystats/HScripts/before_run.py
2021-10-10 15:38:28,307:DEBUG:Python3:Imported /home/pi/external_hdd/android-runner/examples/batterystats/HScripts/after_launch.py
2021-10-10 15:38:28,308:DEBUG:Python3:Imported /home/pi/external_hdd/android-runner/examples/batterystats/HScripts/before_close.py
2021-10-10 15:38:28,308:DEBUG:Python3:Imported /home/pi/external_hdd/android-runner/examples/batterystats/HScripts/after_run.py
2021-10-10 15:38:28,309:DEBUG:Python3:Imported /home/pi/external_hdd/android-runner/examples/batterystats/HScripts/after_experiment.py
2021-10-10 15:38:29,086:DEBUG:AndroidRunner.Adb:52004f53fe46357d: "pm list packages" returned: 
package:com.samsung.android.provider.filterprovider
package:com.monotype.android.font.rosemary
package:com.sec.android.app.DataCreate
package:com.android.cts.priv.ctsshim
package:com.gd.mobicore.pa
package:com.sec.android.widgetapp.samsungapps
package:com.google.android.youtube
package:com.samsung.android.app.galaxyfinder
package:com.sec.location.nsflp2
package:com.samsung.android.themestore
package:com.sec.android.app.chromecustomizations
package:com.google.android.ext.services
package:com.android.providers.telephony
package:com.sec.android.app.parser
package:com.samsung.android.applock
package:com.google.android.googlequicksearchbox
package:com.samsung.android.calendar
package:com.android.providers.calendar
package:com.osp.app.signin
package:com.samsung.clipboardsaveservice
package:com.sec.automation
package:com.android.providers.media
package:com.google.android.onetimeinitializer
package:com.sec.android.mimage.gear360editor
package:com.google.android.ext.shared
package:com.android.wallpapercropper
package:com.samsung.android.provider.shootingmodeprovider
package:com.samsung.android.wallpaper.res
package:com.samsung.android.app.withtv
package:com.samsung.android.smartmirroring
package:com.skms.android.agent
package:com.sec.android.app.safetyassurance
package:com.samsung.android.incallui
package:com.samsung.android.knox.containercore
package:com.sec.factory.camera
package:com.sec.vsimservice
package:org.simalliance.openmobileapi.service
package:com.sec.usbsettings
package:com.samsung.android.easysetup
package:com.android.documentsui
package:android.auto_generated_rro__
package:com.android.externalstorage
package:com.sec.android.easyonehand
package:com.sec.android.app.camerabokehservice
package:com.sec.factory
package:com.samsung.android.provider.stickerprovider
package:com.android.htmlviewer
package:com.android.companiondevicemanager
package:com.android.mms.service
package:com.samsung.android.rubin.app
package:com.sec.android.wallpapercropper2
package:com.android.providers.downloads
package:com.diotek.sec.lookup.dictionary
package:com.sec.android.easyMover.Agent
package:com.samsung.ucs.agent.boot
package:com.wsomacp
package:com.samsung.faceservice
package:com.sec.android.app.voicenote
package:com.monotype.android.font.foundation
package:com.sec.android.widgetapp.easymodecontactswidget
package:com.samsung.android.email.provider
package:com.samsung.android.MtpApplication
package:com.sec.android.app.factorykeystring
package:com.sec.android.app.samsungapps
package:com.sec.android.emergencymode.service
package:com.google.android.configupdater
package:com.sec.android.app.wlantest
package:com.microsoft.office.excel
package:com.samsung.android.app.camera.sticker.facear.preload
package:com.sec.android.app.billing
package:com.sec.epdgtestapp
package:com.samsung.android.game.gamehome
package:com.android.defcontainer
package:com.sec.android.daemonapp
package:com.sec.ims
package:com.sec.sve
package:com.sec.enterprise.knox.attestation
package:com.android.providers.downloads.ui
package:com.android.vending
package:com.android.pacprocessor
package:com.dsi.ant.service.socket
package:com.sec.android.AutoPreconfig
package:com.microsoft.skydrive
package:com.samsung.android.SettingsReceiver
package:com.sec.android.app.soundalive
package:com.sec.android.providers.security
package:com.sec.android.provider.badge
package:com.android.certinstaller
package:com.samsung.android.securitylogagent
package:com.android.carrierconfig
package:com.google.android.marvin.talkback
package:com.samsung.android.knox.containeragent
package:com.samsung.android.app.assistantmenu
package:com.samsung.SMT
package:com.samsung.cmh
package:com.samsung.mlp
package:com.samsung.knox.securefolder.setuppage
package:com.sec.factory.iris.usercamera
package:android
package:com.samsung.android.app.multiwindow
package:com.samsung.android.sm.devicesecurity
package:com.dsi.ant.sample.acquirechannels
package:com.android.egg
package:com.android.mtp
package:com.android.stk
package:com.samsung.android.messaging
package:com.android.backupconfirm
package:com.samsung.klmsagent
package:com.sec.android.app.SecSetupWizard
package:com.android.statementservice
package:com.google.android.gm
package:com.google.android.apps.tachyon
package:com.sec.android.app.hwmoduletest
package:com.sec.bcservice
package:com.sec.modem.settings
package:com.sec.android.app.sysscope
package:com.samsung.android.providers.context
package:com.sec.android.app.servicemodeapp
package:com.sec.android.preloadinstaller
package:com.sec.android.uibcvirtualsoftkey
package:com.google.android.setupwizard
package:com.samsung.android.sdk.professionalaudio.utility.jammonitor
package:com.sec.android.gallery3d
package:com.android.providers.settings
package:com.sec.imsservice
package:com.android.sharedstoragebackup
package:com.facebook.services
package:com.google.android.music
package:com.samsung.android.mobileservice
package:com.android.printspooler
package:com.samsung.storyservice
package:com.android.dreams.basic
package:com.android.inputdevices
package:com.samsung.knox.securefolder
package:com.android.bips
package:com.android.stk2
package:com.samsung.android.game.gametools
package:com.samsung.android.app.simplesharing
package:com.samsung.android.da.daagent
package:com.samsung.android.app.reminder
package:com.samsung.android.timezone.autoupdate_O
package:com.samsung.android.smartcallprovider
package:com.google.android.apps.docs
package:com.google.android.apps.maps
package:com.sec.enterprise.mdm.vpn
package:com.dsi.ant.plugins.antplus
package:com.microsoft.office.word
package:com.samsung.advp.imssettings
package:com.samsung.android.location
package:com.sec.android.inputmethod
package:com.sec.android.app.clockpackage
package:com.sec.android.RilServiceModeApp
package:com.google.android.webview
package:com.sec.android.app.simsettingmgr
package:com.microsoft.office.powerpoint
package:com.android.server.telecom
package:com.google.android.syncadapters.contacts
package:com.sec.imslogger
package:com.samsung.android.clipboarduiservice
package:com.android.keychain
package:com.android.chrome
package:com.samsung.android.themecenter
package:com.google.android.packageinstaller
package:com.google.android.gms
package:com.google.android.gsf
package:com.google.android.tts
package:android.autoinstalls.config.samsung
package:com.android.calllogbackup
package:com.google.android.partnersetup
package:com.sec.android.diagmonagent
package:com.google.android.videos
package:com.sec.spp.push
package:com.android.carrierdefaultapp
package:com.dsi.ant.server
package:com.sec.android.app.myfiles
package:com.android.proxyhandler
package:com.samsung.android.allshare.service.fileshare
package:com.sec.android.mimage.photoretouching
package:com.sec.android.app.launcher
package:flipboard.boxer.app
package:com.google.android.feedback
package:com.google.android.printservice.recommendation
package:com.google.android.apps.photos
package:com.google.android.syncadapters.calendar
package:com.android.managedprovisioning
package:com.samsung.android.authfw
package:com.sec.android.app.sbrowser
package:com.monotype.android.font.chococooky
package:com.android.dreams.phototable
package:com.sec.android.service.health
package:com.samsung.safetyinformation
package:com.facebook.katana
package:com.samsung.android.dqagent
package:com.sec.android.app.ringtoneBR
package:com.android.providers.partnerbookmarks
package:com.example.test
package:com.samsung.android.app.accesscontrol
package:com.android.wallpaper.livepicker
package:com.samsung.android.beaconmanager
package:com.sec.enterprise.mdm.services.simpin
package:com.samsung.networkui
package:com.samsung.android.stickercenter
package:com.facebook.system
package:com.samsung.android.oneconnect
package:com.sec.android.app.popupcalculator
package:com.sec.android.soagent
package:org.mozilla.firefox
package:com.samsung.android.fmm
package:com.samsung.android.mdm
package:com.samsung.android.rlc
package:com.samsung.android.uds
package:com.samsung.android.voc
package:com.sec.android.app.shealth
package:com.sec.phone
package:com.google.android.backuptransport
package:com.samsung.android.samsungpass
package:com.android.storagemanager
package:com.samsung.android.scloud
package:com.samsung.android.app.soundpicker
package:com.sec.app.RilErrorNotifier
package:com.android.bookmarkprovider
package:com.linkedin.android
package:com.android.settings
package:com.samsung.app.newtrim
package:com.samsung.android.app.color
package:com.samsung.android.lool
package:com.samsung.android.app.notes
package:com.sec.android.app.bluetoothtest
package:com.samsung.android.app.spage
package:com.sec.android.emergencylauncher
package:com.sec.hearingadjust
package:com.samsung.android.dlp.service
package:com.samsung.android.bbc.bbcagent
package:com.knox.vpn.proxyhandler
package:com.android.cts.ctsshim
package:com.samsung.android.stickerplugin
package:com.sec.android.splitsound
package:com.wssnps
package:com.samsung.android.app.watchmanagerstub
package:com.samsung.android.svcagent
package:com.policydm
package:com.samsung.android.sdk.professionalaudio.app.audioconnectionservice
package:com.enhance.gameservice
package:com.samsung.android.shortcutbackupservice
package:com.android.vpndialogs
package:com.samsung.memorysaver
package:com.samsung.android.providers.contacts
package:com.samsung.dcmservice
package:com.android.phone
package:com.android.shell
package:com.android.wallpaperbackup
package:com.example.myapplication
package:com.android.providers.blockednumber
package:com.samsung.android.app.omcagent
package:com.hiya.star
package:com.android.providers.userdictionary
package:com.sec.enterprise.knox.cloudmdm.smdms
package:com.samsung.android.app.camera.sticker.stamp.preload
package:com.android.emergency
package:com.wssyncmldm
package:com.android.location.fused
package:com.samsung.android.samsungpassautofill
package:com.sec.epdg
package:com.android.systemui
package:com.sec.android.app.personalization
package:com.monotype.android.font.cooljazz
package:com.android.bluetoothmidiservice
package:com.samsung.android.sdk.handwriting
package:com.facebook.appmanager
package:com.samsung.android.app.clockpack
package:com.quicinc.trepn
package:com.samsung.aasaservice
package:com.samsung.android.allshare.service.mediashare
package:com.sec.android.app.fm
package:com.sec.android.provider.emergencymode
package:com.samsung.android.fingerprint.service
package:com.sec.android.app.camera
package:com.android.bluetooth
package:com.samsung.android.contacts
package:com.sec.android.app.magnifier
package:com.sec.android.widgetapp.webmanual
package:com.samsung.sec.android.application.csc
package:com.android.captiveportallogin
package:com.samsung.upsmtheme
package:com.samsung.android.coreapps
package:com.samsung.android.app.dofviewer
package:com.samsung.android.bio.face.service
package:com.samsung.android.video

2021-10-10 15:38:29,201:DEBUG:AndroidRunner.Adb:52004f53fe46357d: "getprop ro.build.version.release" returned: 
8.0.0

2021-10-10 15:38:29,291:DEBUG:AndroidRunner.Adb:52004f53fe46357d: "getprop ro.build.version.sdk" returned: 
26

2021-10-10 15:38:29,292:INFO:WebExperiment:Device: j7duo2 (52004f53fe46357d, Android 8.0.0, API level 26)
2021-10-10 15:38:29,293:INFO:Profilers:Loading
2021-10-10 15:38:29,364:DEBUG:AndroidRunner.Adb:52004f53fe46357d: "getprop ro.build.version.release" returned: 
8.0.0

2021-10-10 15:38:29,437:DEBUG:AndroidRunner.Adb:52004f53fe46357d: "getprop ro.build.version.sdk" returned: 
26

2021-10-10 15:38:29,438:DEBUG:PluginHandler:Batterystats: j7duo2 (52004f53fe46357d, Android 8.0.0, API level 26): Loading configuration
2021-10-10 15:38:29,438:INFO:Device:Default unplug
2021-10-10 15:38:29,523:DEBUG:AndroidRunner.Adb:52004f53fe46357d: "getprop ro.build.version.sdk" returned: 
26

2021-10-10 15:38:29,613:DEBUG:AndroidRunner.Adb:52004f53fe46357d: "dumpsys battery unplug" returned: 

2021-10-10 15:38:29,690:DEBUG:AndroidRunner.Adb:52004f53fe46357d: "getprop ro.build.version.release" returned: 
8.0.0

2021-10-10 15:38:29,766:DEBUG:AndroidRunner.Adb:52004f53fe46357d: "getprop ro.build.version.sdk" returned: 
26

2021-10-10 15:38:29,767:DEBUG:Scripts:Running hook before_experiment on device j7duo2 (52004f53fe46357d, Android 8.0.0, API level 26)
args: ()
kwargs: {}
2021-10-10 15:38:29,787:INFO:Python3:before_experiment.py
2021-10-10 15:38:29,788:DEBUG:Python3:before_experiment.py returned None
2021-10-10 15:38:29,794:INFO:WebExperiment:URL: https://www.google.com
2021-10-10 15:38:29,796:INFO:Profilers:Setting output
2021-10-10 15:38:29,797:DEBUG:PluginHandler:Batterystats: Setting output: /home/pi/external_hdd/android-runner/examples/batterystats/output/2021.10.10_153828/data/j7duo2/https-www-google-com/chrome/batterystats
2021-10-10 15:38:29,797:INFO:WebExperiment:Run 1/1 of subject "https://www.google.com" on j7duo2
2021-10-10 15:38:29,879:DEBUG:AndroidRunner.Adb:52004f53fe46357d: "logcat -c" returned: 

2021-10-10 15:38:29,880:INFO:WebExperiment:Logcat cleared
2021-10-10 15:38:29,951:DEBUG:AndroidRunner.Adb:52004f53fe46357d: "getprop ro.build.version.release" returned: 
8.0.0

2021-10-10 15:38:30,014:DEBUG:AndroidRunner.Adb:52004f53fe46357d: "getprop ro.build.version.sdk" returned: 
26

2021-10-10 15:38:30,015:DEBUG:Scripts:Running hook before_run on device j7duo2 (52004f53fe46357d, Android 8.0.0, API level 26)
args: ()
kwargs: {}
2021-10-10 15:38:30,032:INFO:Python3:before_run.py
2021-10-10 15:38:30,033:DEBUG:Python3:before_run.py returned None
2021-10-10 15:38:30,108:DEBUG:AndroidRunner.Adb:52004f53fe46357d: "logcat -c" returned: 

2021-10-10 15:38:30,109:INFO:Chrome:52004f53fe46357d: Start
2021-10-10 15:38:30,524:DEBUG:AndroidRunner.Adb:52004f53fe46357d: "am start -S -a android.intent.action.VIEW -n com.android.chrome/com.google.android.apps.chrome.Main --activity-clear-task" returned: 
Stopping: com.android.chrome
Starting: Intent { act=android.intent.action.VIEW flg=0x8000 cmp=com.android.chrome/com.google.android.apps.chrome.Main }

2021-10-10 15:38:35,689:DEBUG:AndroidRunner.Adb:52004f53fe46357d: "dumpsys activity recents | grep "Recent #0" | cut -d "=" -f2 | grep -o -p "[a-z|.]*"" returned: 
com.android.chrome


2021-10-10 15:38:35,690:DEBUG:Device:Current activity: com.android.chrome
2021-10-10 15:38:35,771:DEBUG:AndroidRunner.Adb:52004f53fe46357d: "getprop ro.build.version.release" returned: 
8.0.0

2021-10-10 15:38:35,840:DEBUG:AndroidRunner.Adb:52004f53fe46357d: "getprop ro.build.version.sdk" returned: 
26

2021-10-10 15:38:35,841:DEBUG:Scripts:Running hook after_launch on device j7duo2 (52004f53fe46357d, Android 8.0.0, API level 26)
args: ('52004f53fe46357d', 'com.android.chrome')
kwargs: {}
2021-10-10 15:38:35,859:INFO:Python3:after_launch.py
2021-10-10 15:38:35,861:DEBUG:Python3:after_launch.py returned None
2021-10-10 15:38:35,867:INFO:Profilers:Start profiling
2021-10-10 15:38:35,929:DEBUG:AndroidRunner.Adb:52004f53fe46357d: "getprop ro.build.version.release" returned: 
8.0.0

2021-10-10 15:38:35,994:DEBUG:AndroidRunner.Adb:52004f53fe46357d: "getprop ro.build.version.sdk" returned: 
26

2021-10-10 15:38:35,995:DEBUG:PluginHandler:Batterystats: j7duo2 (52004f53fe46357d, Android 8.0.0, API level 26): Start profiling
2021-10-10 15:38:36,093:DEBUG:AndroidRunner.Adb:52004f53fe46357d: "dumpsys batterystats --reset" returned: 
Battery stats reset.

2021-10-10 15:38:36,105:INFO:Chrome:52004f53fe46357d: Load URL: https://www.google.com
2021-10-10 15:38:36,218:DEBUG:AndroidRunner.Adb:52004f53fe46357d: "am start -a android.intent.action.VIEW -n com.android.chrome/com.google.android.apps.chrome.Main -d https://www.google.com" returned: 
Starting: Intent { act=android.intent.action.VIEW dat=https://www.google.com/... cmp=com.android.chrome/com.google.android.apps.chrome.Main }
Warning: Activity not started, its current task has been brought to the front

2021-10-10 15:38:41,326:DEBUG:AndroidRunner.Adb:52004f53fe46357d: "getprop ro.build.version.release" returned: 
8.0.0

2021-10-10 15:38:41,411:DEBUG:AndroidRunner.Adb:52004f53fe46357d: "getprop ro.build.version.sdk" returned: 
26

2021-10-10 15:38:41,412:DEBUG:Scripts:Running hook interaction on device j7duo2 (52004f53fe46357d, Android 8.0.0, API level 26)
args: (<AndroidRunner.WebExperiment.WebExperiment object at 0xb38b4e90>, <AndroidRunner.Browsers.Chrome.Chrome object at 0xb3833e50>)
kwargs: {}
2021-10-10 15:38:41,429:INFO:MonkeyRunner:interaction.py
2021-10-10 15:38:41,463:ERROR:WebExperiment:ScriptError: FileNotFoundError in interaction.py: [Errno 2] No such file or directory: 'usr/lib/android-sdk/tools/monkeyrunner': 'usr/lib/android-sdk/tools/monkeyrunner'
Traceback (most recent call last):
  File "android-runner/AndroidRunner/Script.py", line 33, in mp_run
    output = self.execute_script(device, *args, **kwargs)
  File "android-runner/AndroidRunner/MonkeyRunner.py", line 40, in execute_script
    return subprocess.call([self.monkeyrunner_path, self.path])
  File "/usr/lib/python3.7/subprocess.py", line 323, in call
    with Popen(*popenargs, **kwargs) as p:
  File "/usr/lib/python3.7/subprocess.py", line 775, in __init__
    restore_signals, start_new_session)
  File "/usr/lib/python3.7/subprocess.py", line 1522, in _execute_child
    raise child_exception_type(errno_num, err_msg, err_filename)
FileNotFoundError: [Errno 2] No such file or directory: 'usr/lib/android-sdk/tools/monkeyrunner': 'usr/lib/android-sdk/tools/monkeyrunner'

2021-10-10 15:38:41,571:DEBUG:AndroidRunner.Adb:52004f53fe46357d: "dumpsys battery reset" returned: 

2021-10-10 15:38:41,572:INFO:Profilers:Stop profiling
2021-10-10 15:38:41,669:DEBUG:AndroidRunner.Adb:52004f53fe46357d: "getprop ro.build.version.release" returned: 
8.0.0

2021-10-10 15:38:41,735:DEBUG:AndroidRunner.Adb:52004f53fe46357d: "getprop ro.build.version.sdk" returned: 
26

2021-10-10 15:38:41,736:DEBUG:PluginHandler:Batterystats: j7duo2 (52004f53fe46357d, Android 8.0.0, API level 26): Stop profiling
2021-10-10 15:38:41,737:INFO:Profilers:Unloading
2021-10-10 15:38:41,801:DEBUG:AndroidRunner.Adb:52004f53fe46357d: "getprop ro.build.version.release" returned: 
8.0.0

2021-10-10 15:38:41,868:DEBUG:AndroidRunner.Adb:52004f53fe46357d: "getprop ro.build.version.sdk" returned: 
26

2021-10-10 15:38:41,869:DEBUG:PluginHandler:Batterystats: j7duo2 (52004f53fe46357d, Android 8.0.0, API level 26): Cleanup
2021-10-10 15:38:41,869:INFO:Chrome:52004f53fe46357d: Stop
2021-10-10 15:38:42,054:DEBUG:AndroidRunner.Adb:52004f53fe46357d: "am force-stop com.android.chrome" returned: 

2021-10-10 15:38:42,910:INFO:AndroidRunner.Adb:52004f53fe46357d: Data of "com.android.chrome" cleared
2021-10-10 15:38:42,912:ERROR:root:ScriptError: FileNotFoundError in interaction.py: [Errno 2] No such file or directory: 'usr/lib/android-sdk/tools/monkeyrunner': 'usr/lib/android-sdk/tools/monkeyrunner'
Traceback (most recent call last):
  File "android-runner/AndroidRunner/Script.py", line 33, in mp_run
    output = self.execute_script(device, *args, **kwargs)
  File "android-runner/AndroidRunner/MonkeyRunner.py", line 40, in execute_script
    return subprocess.call([self.monkeyrunner_path, self.path])
  File "/usr/lib/python3.7/subprocess.py", line 323, in call
    with Popen(*popenargs, **kwargs) as p:
  File "/usr/lib/python3.7/subprocess.py", line 775, in __init__
    restore_signals, start_new_session)
  File "/usr/lib/python3.7/subprocess.py", line 1522, in _execute_child
    raise child_exception_type(errno_num, err_msg, err_filename)
FileNotFoundError: [Errno 2] No such file or directory: 'usr/lib/android-sdk/tools/monkeyrunner': 'usr/lib/android-sdk/tools/monkeyrunner'

2021-10-10 15:38:42,913:ERROR:root:An error occurred, the experiment has been stopped. To continue, add progress file argument to experiment startup: --progress /home/pi/external_hdd/android-runner/examples/batterystats/output/2021.10.10_153828/progress.xml
